[0.013s] Invoking command in '/home/prashun/ros2_ws/build/uno': CMAKE_PREFIX_PATH=${CMAKE_PREFIX_PATH}:/opt/ros/humble /usr/bin/cmake /home/prashun/ros2_ws/src/uno -DCMAKE_INSTALL_PREFIX=/home/prashun/ros2_ws/install/uno
[0.074s] -- The C compiler identification is GNU 11.4.0
[0.134s] -- The CXX compiler identification is GNU 11.4.0
[0.141s] -- Detecting C compiler ABI info
[0.209s] -- Detecting C compiler ABI info - done
[0.219s] -- Check for working C compiler: /usr/bin/cc - skipped
[0.219s] -- Detecting C compile features
[0.219s] -- Detecting C compile features - done
[0.223s] -- Detecting CXX compiler ABI info
[0.308s] -- Detecting CXX compiler ABI info - done
[0.318s] -- Check for working CXX compiler: /usr/bin/c++ - skipped
[0.318s] -- Detecting CXX compile features
[0.318s] -- Detecting CXX compile features - done
[0.322s] -- Found ament_cmake: 1.3.10 (/opt/ros/humble/share/ament_cmake/cmake)
[0.495s] -- Found Python3: /usr/bin/python3 (found version "3.10.12") found components: Interpreter 
[0.594s] -- Found rclcpp: 16.0.10 (/opt/ros/humble/share/rclcpp/cmake)
[0.638s] -- Found rosidl_generator_c: 3.1.5 (/opt/ros/humble/share/rosidl_generator_c/cmake)
[0.643s] -- Found rosidl_adapter: 3.1.5 (/opt/ros/humble/share/rosidl_adapter/cmake)
[0.652s] -- Found rosidl_generator_cpp: 3.1.5 (/opt/ros/humble/share/rosidl_generator_cpp/cmake)
[0.667s] -- Using all available rosidl_typesupport_c: rosidl_typesupport_fastrtps_c;rosidl_typesupport_introspection_c
[0.685s] -- Using all available rosidl_typesupport_cpp: rosidl_typesupport_fastrtps_cpp;rosidl_typesupport_introspection_cpp
[0.730s] -- Found rmw_implementation_cmake: 6.1.2 (/opt/ros/humble/share/rmw_implementation_cmake/cmake)
[0.733s] -- Found rmw_fastrtps_cpp: 6.2.7 (/opt/ros/humble/share/rmw_fastrtps_cpp/cmake)
[0.819s] -- Found OpenSSL: /usr/lib/x86_64-linux-gnu/libcrypto.so (found version "3.0.2")  
[0.851s] -- Found FastRTPS: /opt/ros/humble/include  
[0.896s] -- Using RMW implementation 'rmw_fastrtps_cpp' as default
[0.906s] -- Looking for pthread.h
[0.980s] -- Looking for pthread.h - found
[0.981s] -- Performing Test CMAKE_HAVE_LIBC_PTHREAD
[1.055s] -- Performing Test CMAKE_HAVE_LIBC_PTHREAD - Success
[1.057s] -- Found Threads: TRUE  
[1.122s] -- Found ament_lint_auto: 0.12.11 (/opt/ros/humble/share/ament_lint_auto/cmake)
[1.210s] -- Added test 'flake8' to check Python code syntax and style conventions
[1.210s] -- Added test 'lint_cmake' to check CMake code style
[1.211s] -- Added test 'pep257' to check Python code against some of the docstring style conventions in PEP 257
[1.212s] -- Added test 'xmllint' to check XML markup files
[1.213s] -- Configuring done
[1.218s] -- Generating done
[1.219s] -- Build files have been written to: /home/prashun/ros2_ws/build/uno
[1.230s] Invoked command in '/home/prashun/ros2_ws/build/uno' returned '0': CMAKE_PREFIX_PATH=${CMAKE_PREFIX_PATH}:/opt/ros/humble /usr/bin/cmake /home/prashun/ros2_ws/src/uno -DCMAKE_INSTALL_PREFIX=/home/prashun/ros2_ws/install/uno
[1.233s] Invoking command in '/home/prashun/ros2_ws/build/uno': CMAKE_PREFIX_PATH=${CMAKE_PREFIX_PATH}:/opt/ros/humble /usr/bin/cmake --build /home/prashun/ros2_ws/build/uno -- -j8 -l8
[1.272s] Invoked command in '/home/prashun/ros2_ws/build/uno' returned '0': CMAKE_PREFIX_PATH=${CMAKE_PREFIX_PATH}:/opt/ros/humble /usr/bin/cmake --build /home/prashun/ros2_ws/build/uno -- -j8 -l8
[1.300s] Invoking command in '/home/prashun/ros2_ws/build/uno': CMAKE_PREFIX_PATH=${CMAKE_PREFIX_PATH}:/opt/ros/humble /usr/bin/cmake --install /home/prashun/ros2_ws/build/uno
[1.308s] -- Install configuration: ""
[1.308s] -- Installing: /home/prashun/ros2_ws/install/uno/share/uno/config
[1.309s] -- Installing: /home/prashun/ros2_ws/install/uno/share/uno/config/controller.yaml
[1.309s] -- Installing: /home/prashun/ros2_ws/install/uno/share/uno/sdf
[1.309s] -- Installing: /home/prashun/ros2_ws/install/uno/share/uno/sdf/empty_room.sdf
[1.309s] -- Installing: /home/prashun/ros2_ws/install/uno/share/uno/urdf
[1.309s] -- Installing: /home/prashun/ros2_ws/install/uno/share/uno/urdf/diff_drive_robot.urdf
[1.309s] -- Installing: /home/prashun/ros2_ws/install/uno/share/uno/launch
[1.309s] -- Installing: /home/prashun/ros2_ws/install/uno/share/uno/launch/display.robot.launch.py
[1.309s] -- Installing: /home/prashun/ros2_ws/install/uno/share/ament_index/resource_index/package_run_dependencies/uno
[1.310s] -- Installing: /home/prashun/ros2_ws/install/uno/share/ament_index/resource_index/parent_prefix_path/uno
[1.310s] -- Installing: /home/prashun/ros2_ws/install/uno/share/uno/environment/ament_prefix_path.sh
[1.310s] -- Installing: /home/prashun/ros2_ws/install/uno/share/uno/environment/ament_prefix_path.dsv
[1.310s] -- Installing: /home/prashun/ros2_ws/install/uno/share/uno/environment/path.sh
[1.310s] -- Installing: /home/prashun/ros2_ws/install/uno/share/uno/environment/path.dsv
[1.310s] -- Installing: /home/prashun/ros2_ws/install/uno/share/uno/local_setup.bash
[1.310s] -- Installing: /home/prashun/ros2_ws/install/uno/share/uno/local_setup.sh
[1.310s] -- Installing: /home/prashun/ros2_ws/install/uno/share/uno/local_setup.zsh
[1.312s] -- Installing: /home/prashun/ros2_ws/install/uno/share/uno/local_setup.dsv
[1.312s] -- Installing: /home/prashun/ros2_ws/install/uno/share/uno/package.dsv
[1.312s] -- Installing: /home/prashun/ros2_ws/install/uno/share/ament_index/resource_index/packages/uno
[1.312s] -- Installing: /home/prashun/ros2_ws/install/uno/share/uno/cmake/unoConfig.cmake
[1.312s] -- Installing: /home/prashun/ros2_ws/install/uno/share/uno/cmake/unoConfig-version.cmake
[1.312s] -- Installing: /home/prashun/ros2_ws/install/uno/share/uno/package.xml
[1.314s] Invoked command in '/home/prashun/ros2_ws/build/uno' returned '0': CMAKE_PREFIX_PATH=${CMAKE_PREFIX_PATH}:/opt/ros/humble /usr/bin/cmake --install /home/prashun/ros2_ws/build/uno
