-- Found ament_cmake: 1.3.10 (/opt/ros/humble/share/ament_cmake/cmake)
-- Override CMake install command with custom implementation using symlinks instead of copying resources
-- Found rclcpp: 16.0.10 (/opt/ros/humble/share/rclcpp/cmake)
-- Found rosidl_generator_c: 3.1.5 (/opt/ros/humble/share/rosidl_generator_c/cmake)
-- Found rosidl_adapter: 3.1.5 (/opt/ros/humble/share/rosidl_adapter/cmake)
-- Found rosidl_generator_cpp: 3.1.5 (/opt/ros/humble/share/rosidl_generator_cpp/cmake)
-- Using all available rosidl_typesupport_c: rosidl_typesupport_fastrtps_c;rosidl_typesupport_introspection_c
-- Using all available rosidl_typesupport_cpp: rosidl_typesupport_fastrtps_cpp;rosidl_typesupport_introspection_cpp
-- Found rmw_implementation_cmake: 6.1.2 (/opt/ros/humble/share/rmw_implementation_cmake/cmake)
-- Found rmw_fastrtps_cpp: 6.2.7 (/opt/ros/humble/share/rmw_fastrtps_cpp/cmake)
-- Using RMW implementation 'rmw_fastrtps_cpp' as default
-- Found ament_lint_auto: 0.12.11 (/opt/ros/humble/share/ament_lint_auto/cmake)
-- Added test 'flake8' to check Python code syntax and style conventions
-- Added test 'lint_cmake' to check CMake code style
-- Added test 'pep257' to check Python code against some of the docstring style conventions in PEP 257
-- Added test 'xmllint' to check XML markup files
-- Configuring done
-- Generating done
-- Build files have been written to: /home/prashun/ros2_ws/build/uno
-- Install configuration: ""
-- Execute custom install script
-- Up-to-date symlink: /home/prashun/ros2_ws/install/uno/share/uno/config/controller.yaml
-- Up-to-date symlink: /home/prashun/ros2_ws/install/uno/share/uno/config/rgbd_cam.rviz
-- Up-to-date symlink: /home/prashun/ros2_ws/install/uno/share/uno/config/robot.rviz
-- Up-to-date symlink: /home/prashun/ros2_ws/install/uno/share/uno/sdf/simple_warehouse.sdf
-- Up-to-date symlink: /home/prashun/ros2_ws/install/uno/share/uno/urdf/diff_drive_robot.urdf
-- Up-to-date symlink: /home/prashun/ros2_ws/install/uno/share/uno/launch/display.robot.launch.py
-- Up-to-date symlink: /home/prashun/ros2_ws/install/uno/share/uno/meshes/box/meshes/cardboard_box.dae
-- Up-to-date symlink: /home/prashun/ros2_ws/install/uno/share/uno/meshes/box/meshes/cardboard_box.png
-- Up-to-date symlink: /home/prashun/ros2_ws/install/uno/share/uno/meshes/box/model.config
-- Up-to-date symlink: /home/prashun/ros2_ws/install/uno/share/uno/meshes/box/model.sdf
-- Up-to-date symlink: /home/prashun/ros2_ws/install/uno/share/uno/meshes/box/thumbnails/1.png
-- Up-to-date symlink: /home/prashun/ros2_ws/install/uno/share/uno/meshes/box/thumbnails/2.png
-- Up-to-date symlink: /home/prashun/ros2_ws/install/uno/share/uno/meshes/box/thumbnails/3.png
-- Up-to-date symlink: /home/prashun/ros2_ws/install/uno/share/uno/meshes/box/thumbnails/4.png
-- Up-to-date symlink: /home/prashun/ros2_ws/install/uno/share/uno/meshes/box/thumbnails/5.png
-- Symlinking: /home/prashun/ros2_ws/install/uno/share/uno/meshes/man/meshes/eyebrow001-unmodified.png
-- Symlinking: /home/prashun/ros2_ws/install/uno/share/uno/meshes/man/meshes/eyebrow001.png
-- Symlinking: /home/prashun/ros2_ws/install/uno/share/uno/meshes/man/meshes/green_eye.png
-- Symlinking: /home/prashun/ros2_ws/install/uno/share/uno/meshes/man/meshes/jeans01_normals.png
-- Symlinking: /home/prashun/ros2_ws/install/uno/share/uno/meshes/man/meshes/jeans_basic_diffuse.png
-- Symlinking: /home/prashun/ros2_ws/install/uno/share/uno/meshes/man/meshes/male02_diffuse_black-unmodified.png
-- Symlinking: /home/prashun/ros2_ws/install/uno/share/uno/meshes/man/meshes/male02_diffuse_black.png
-- Symlinking: /home/prashun/ros2_ws/install/uno/share/uno/meshes/man/meshes/teeth.png
-- Symlinking: /home/prashun/ros2_ws/install/uno/share/uno/meshes/man/meshes/tshirt02_normals.png
-- Symlinking: /home/prashun/ros2_ws/install/uno/share/uno/meshes/man/meshes/tshirt02_texture.png
-- Symlinking: /home/prashun/ros2_ws/install/uno/share/uno/meshes/man/meshes/walking.dae
-- Symlinking: /home/prashun/ros2_ws/install/uno/share/uno/meshes/man/meshes/young_lightskinned_male_diffuse.png
-- Symlinking: /home/prashun/ros2_ws/install/uno/share/uno/meshes/man/model.config
-- Symlinking: /home/prashun/ros2_ws/install/uno/share/uno/meshes/man/model.sdf
-- Symlinking: /home/prashun/ros2_ws/install/uno/share/uno/meshes/man/thumbnails/1.png
-- Symlinking: /home/prashun/ros2_ws/install/uno/share/uno/meshes/man/thumbnails/2.png
-- Symlinking: /home/prashun/ros2_ws/install/uno/share/uno/meshes/man/thumbnails/3.png
-- Symlinking: /home/prashun/ros2_ws/install/uno/share/uno/meshes/man/thumbnails/4.png
-- Symlinking: /home/prashun/ros2_ws/install/uno/share/uno/meshes/man/thumbnails/5.png
-- Up-to-date symlink: /home/prashun/ros2_ws/install/uno/share/uno/meshes/rack/meshes/Box_paper_04_1_Base_Color.png
-- Up-to-date symlink: /home/prashun/ros2_ws/install/uno/share/uno/meshes/rack/meshes/shelf_big_movai.dae
-- Up-to-date symlink: /home/prashun/ros2_ws/install/uno/share/uno/meshes/rack/model.config
-- Up-to-date symlink: /home/prashun/ros2_ws/install/uno/share/uno/meshes/rack/model.sdf
-- Up-to-date symlink: /home/prashun/ros2_ws/install/uno/share/uno/meshes/rack/thumbnails/rack-1.png
-- Up-to-date symlink: /home/prashun/ros2_ws/install/uno/share/uno/meshes/rack/meshes/meshes/Box_paper_04_1_Base_Color.png
-- Up-to-date symlink: /home/prashun/ros2_ws/install/uno/share/uno/meshes/rack/meshes/meshes/shelf_big_movai.dae
-- Up-to-date symlink: /home/prashun/ros2_ws/install/uno/share/uno/meshes/rack/thumbnails/thumbnails/rack-1.png
-- Up-to-date symlink: /home/prashun/ros2_ws/install/uno/share/uno/meshes/box/meshes/meshes/cardboard_box.dae
-- Up-to-date symlink: /home/prashun/ros2_ws/install/uno/share/uno/meshes/box/meshes/meshes/cardboard_box.png
-- Up-to-date symlink: /home/prashun/ros2_ws/install/uno/share/uno/meshes/box/thumbnails/thumbnails/1.png
-- Up-to-date symlink: /home/prashun/ros2_ws/install/uno/share/uno/meshes/box/thumbnails/thumbnails/2.png
-- Up-to-date symlink: /home/prashun/ros2_ws/install/uno/share/uno/meshes/box/thumbnails/thumbnails/3.png
-- Up-to-date symlink: /home/prashun/ros2_ws/install/uno/share/uno/meshes/box/thumbnails/thumbnails/4.png
-- Up-to-date symlink: /home/prashun/ros2_ws/install/uno/share/uno/meshes/box/thumbnails/thumbnails/5.png
-- Symlinking: /home/prashun/ros2_ws/install/uno/share/uno/meshes/man/meshes/meshes/eyebrow001-unmodified.png
-- Symlinking: /home/prashun/ros2_ws/install/uno/share/uno/meshes/man/meshes/meshes/eyebrow001.png
-- Symlinking: /home/prashun/ros2_ws/install/uno/share/uno/meshes/man/meshes/meshes/green_eye.png
-- Symlinking: /home/prashun/ros2_ws/install/uno/share/uno/meshes/man/meshes/meshes/jeans01_normals.png
-- Symlinking: /home/prashun/ros2_ws/install/uno/share/uno/meshes/man/meshes/meshes/jeans_basic_diffuse.png
-- Symlinking: /home/prashun/ros2_ws/install/uno/share/uno/meshes/man/meshes/meshes/male02_diffuse_black-unmodified.png
-- Symlinking: /home/prashun/ros2_ws/install/uno/share/uno/meshes/man/meshes/meshes/male02_diffuse_black.png
-- Symlinking: /home/prashun/ros2_ws/install/uno/share/uno/meshes/man/meshes/meshes/teeth.png
-- Symlinking: /home/prashun/ros2_ws/install/uno/share/uno/meshes/man/meshes/meshes/tshirt02_normals.png
-- Symlinking: /home/prashun/ros2_ws/install/uno/share/uno/meshes/man/meshes/meshes/tshirt02_texture.png
-- Symlinking: /home/prashun/ros2_ws/install/uno/share/uno/meshes/man/meshes/meshes/walking.dae
-- Symlinking: /home/prashun/ros2_ws/install/uno/share/uno/meshes/man/meshes/meshes/young_lightskinned_male_diffuse.png
-- Symlinking: /home/prashun/ros2_ws/install/uno/share/uno/meshes/man/thumbnails/thumbnails/1.png
-- Symlinking: /home/prashun/ros2_ws/install/uno/share/uno/meshes/man/thumbnails/thumbnails/2.png
-- Symlinking: /home/prashun/ros2_ws/install/uno/share/uno/meshes/man/thumbnails/thumbnails/3.png
-- Symlinking: /home/prashun/ros2_ws/install/uno/share/uno/meshes/man/thumbnails/thumbnails/4.png
-- Symlinking: /home/prashun/ros2_ws/install/uno/share/uno/meshes/man/thumbnails/thumbnails/5.png
-- Up-to-date symlink: /home/prashun/ros2_ws/install/uno/share/ament_index/resource_index/package_run_dependencies/uno
-- Up-to-date symlink: /home/prashun/ros2_ws/install/uno/share/ament_index/resource_index/parent_prefix_path/uno
-- Up-to-date symlink: /home/prashun/ros2_ws/install/uno/share/uno/environment/ament_prefix_path.sh
-- Up-to-date symlink: /home/prashun/ros2_ws/install/uno/share/uno/environment/ament_prefix_path.dsv
-- Up-to-date symlink: /home/prashun/ros2_ws/install/uno/share/uno/environment/path.sh
-- Up-to-date symlink: /home/prashun/ros2_ws/install/uno/share/uno/environment/path.dsv
-- Up-to-date symlink: /home/prashun/ros2_ws/install/uno/share/uno/local_setup.bash
-- Up-to-date symlink: /home/prashun/ros2_ws/install/uno/share/uno/local_setup.sh
-- Up-to-date symlink: /home/prashun/ros2_ws/install/uno/share/uno/local_setup.zsh
-- Up-to-date symlink: /home/prashun/ros2_ws/install/uno/share/uno/local_setup.dsv
-- Symlinking: /home/prashun/ros2_ws/install/uno/share/uno/package.dsv
-- Up-to-date symlink: /home/prashun/ros2_ws/install/uno/share/ament_index/resource_index/packages/uno
-- Up-to-date symlink: /home/prashun/ros2_ws/install/uno/share/uno/cmake/unoConfig.cmake
-- Up-to-date symlink: /home/prashun/ros2_ws/install/uno/share/uno/cmake/unoConfig-version.cmake
-- Up-to-date symlink: /home/prashun/ros2_ws/install/uno/share/uno/package.xml
