[0.008s] Invoking command in '/home/prashun/ros2_ws/build/uno': CMAKE_PREFIX_PATH=${CMAKE_PREFIX_PATH}:/opt/ros/humble /usr/bin/cmake --build /home/prashun/ros2_ws/build/uno -- -j8 -l8
[0.027s] -- Found ament_cmake: 1.3.10 (/opt/ros/humble/share/ament_cmake/cmake)
[0.115s] -- Override CMake install command with custom implementation using symlinks instead of copying resources
[0.120s] -- Found rclcpp: 16.0.10 (/opt/ros/humble/share/rclcpp/cmake)
[0.143s] -- Found rosidl_generator_c: 3.1.5 (/opt/ros/humble/share/rosidl_generator_c/cmake)
[0.145s] -- Found rosidl_adapter: 3.1.5 (/opt/ros/humble/share/rosidl_adapter/cmake)
[0.149s] -- Found rosidl_generator_cpp: 3.1.5 (/opt/ros/humble/share/rosidl_generator_cpp/cmake)
[0.157s] -- Using all available rosidl_typesupport_c: rosidl_typesupport_fastrtps_c;rosidl_typesupport_introspection_c
[0.166s] -- Using all available rosidl_typesupport_cpp: rosidl_typesupport_fastrtps_cpp;rosidl_typesupport_introspection_cpp
[0.194s] -- Found rmw_implementation_cmake: 6.1.2 (/opt/ros/humble/share/rmw_implementation_cmake/cmake)
[0.195s] -- Found rmw_fastrtps_cpp: 6.2.7 (/opt/ros/humble/share/rmw_fastrtps_cpp/cmake)
[0.278s] -- Using RMW implementation 'rmw_fastrtps_cpp' as default
[0.321s] -- Found ament_lint_auto: 0.12.11 (/opt/ros/humble/share/ament_lint_auto/cmake)
[0.411s] -- Added test 'flake8' to check Python code syntax and style conventions
[0.411s] -- Added test 'lint_cmake' to check CMake code style
[0.412s] -- Added test 'pep257' to check Python code against some of the docstring style conventions in PEP 257
[0.414s] -- Added test 'xmllint' to check XML markup files
[0.415s] -- Configuring done
[0.420s] -- Generating done
[0.421s] -- Build files have been written to: /home/prashun/ros2_ws/build/uno
[0.453s] Invoked command in '/home/prashun/ros2_ws/build/uno' returned '0': CMAKE_PREFIX_PATH=${CMAKE_PREFIX_PATH}:/opt/ros/humble /usr/bin/cmake --build /home/prashun/ros2_ws/build/uno -- -j8 -l8
[0.478s] Invoking command in '/home/prashun/ros2_ws/build/uno': CMAKE_PREFIX_PATH=${CMAKE_PREFIX_PATH}:/opt/ros/humble /usr/bin/cmake --install /home/prashun/ros2_ws/build/uno
[0.484s] -- Install configuration: ""
[0.485s] -- Execute custom install script
[0.486s] -- Up-to-date symlink: /home/prashun/ros2_ws/install/uno/share/uno/config/controller.yaml
[0.486s] -- Up-to-date symlink: /home/prashun/ros2_ws/install/uno/share/uno/config/rgbd_cam.rviz
[0.486s] -- Up-to-date symlink: /home/prashun/ros2_ws/install/uno/share/uno/config/robot.rviz
[0.486s] -- Up-to-date symlink: /home/prashun/ros2_ws/install/uno/share/uno/sdf/simple_warehouse.sdf
[0.486s] -- Up-to-date symlink: /home/prashun/ros2_ws/install/uno/share/uno/urdf/diff_drive_robot.urdf
[0.487s] -- Up-to-date symlink: /home/prashun/ros2_ws/install/uno/share/uno/launch/display.robot.launch.py
[0.487s] -- Up-to-date symlink: /home/prashun/ros2_ws/install/uno/share/uno/meshes/box/meshes/cardboard_box.dae
[0.487s] -- Up-to-date symlink: /home/prashun/ros2_ws/install/uno/share/uno/meshes/box/meshes/cardboard_box.png
[0.488s] -- Up-to-date symlink: /home/prashun/ros2_ws/install/uno/share/uno/meshes/box/model.config
[0.488s] -- Up-to-date symlink: /home/prashun/ros2_ws/install/uno/share/uno/meshes/box/model.sdf
[0.488s] -- Up-to-date symlink: /home/prashun/ros2_ws/install/uno/share/uno/meshes/box/thumbnails/1.png
[0.488s] -- Up-to-date symlink: /home/prashun/ros2_ws/install/uno/share/uno/meshes/box/thumbnails/2.png
[0.488s] -- Up-to-date symlink: /home/prashun/ros2_ws/install/uno/share/uno/meshes/box/thumbnails/3.png
[0.488s] -- Up-to-date symlink: /home/prashun/ros2_ws/install/uno/share/uno/meshes/box/thumbnails/4.png
[0.488s] -- Up-to-date symlink: /home/prashun/ros2_ws/install/uno/share/uno/meshes/box/thumbnails/5.png
[0.488s] -- Symlinking: /home/prashun/ros2_ws/install/uno/share/uno/meshes/man/meshes/eyebrow001-unmodified.png
[0.497s] -- Symlinking: /home/prashun/ros2_ws/install/uno/share/uno/meshes/man/meshes/eyebrow001.png
[0.505s] -- Symlinking: /home/prashun/ros2_ws/install/uno/share/uno/meshes/man/meshes/green_eye.png
[0.513s] -- Symlinking: /home/prashun/ros2_ws/install/uno/share/uno/meshes/man/meshes/jeans01_normals.png
[0.520s] -- Symlinking: /home/prashun/ros2_ws/install/uno/share/uno/meshes/man/meshes/jeans_basic_diffuse.png
[0.528s] -- Symlinking: /home/prashun/ros2_ws/install/uno/share/uno/meshes/man/meshes/male02_diffuse_black-unmodified.png
[0.537s] -- Symlinking: /home/prashun/ros2_ws/install/uno/share/uno/meshes/man/meshes/male02_diffuse_black.png
[0.545s] -- Symlinking: /home/prashun/ros2_ws/install/uno/share/uno/meshes/man/meshes/teeth.png
[0.552s] -- Symlinking: /home/prashun/ros2_ws/install/uno/share/uno/meshes/man/meshes/tshirt02_normals.png
[0.560s] -- Symlinking: /home/prashun/ros2_ws/install/uno/share/uno/meshes/man/meshes/tshirt02_texture.png
[0.566s] -- Symlinking: /home/prashun/ros2_ws/install/uno/share/uno/meshes/man/meshes/walking.dae
[0.573s] -- Symlinking: /home/prashun/ros2_ws/install/uno/share/uno/meshes/man/meshes/young_lightskinned_male_diffuse.png
[0.579s] -- Symlinking: /home/prashun/ros2_ws/install/uno/share/uno/meshes/man/model.config
[0.585s] -- Symlinking: /home/prashun/ros2_ws/install/uno/share/uno/meshes/man/model.sdf
[0.592s] -- Symlinking: /home/prashun/ros2_ws/install/uno/share/uno/meshes/man/thumbnails/1.png
[0.598s] -- Symlinking: /home/prashun/ros2_ws/install/uno/share/uno/meshes/man/thumbnails/2.png
[0.605s] -- Symlinking: /home/prashun/ros2_ws/install/uno/share/uno/meshes/man/thumbnails/3.png
[0.611s] -- Symlinking: /home/prashun/ros2_ws/install/uno/share/uno/meshes/man/thumbnails/4.png
[0.617s] -- Symlinking: /home/prashun/ros2_ws/install/uno/share/uno/meshes/man/thumbnails/5.png
[0.625s] -- Up-to-date symlink: /home/prashun/ros2_ws/install/uno/share/uno/meshes/rack/meshes/Box_paper_04_1_Base_Color.png
[0.625s] -- Up-to-date symlink: /home/prashun/ros2_ws/install/uno/share/uno/meshes/rack/meshes/shelf_big_movai.dae
[0.625s] -- Up-to-date symlink: /home/prashun/ros2_ws/install/uno/share/uno/meshes/rack/model.config
[0.625s] -- Up-to-date symlink: /home/prashun/ros2_ws/install/uno/share/uno/meshes/rack/model.sdf
[0.625s] -- Up-to-date symlink: /home/prashun/ros2_ws/install/uno/share/uno/meshes/rack/thumbnails/rack-1.png
[0.625s] -- Up-to-date symlink: /home/prashun/ros2_ws/install/uno/share/uno/meshes/rack/meshes/meshes/Box_paper_04_1_Base_Color.png
[0.625s] -- Up-to-date symlink: /home/prashun/ros2_ws/install/uno/share/uno/meshes/rack/meshes/meshes/shelf_big_movai.dae
[0.626s] -- Up-to-date symlink: /home/prashun/ros2_ws/install/uno/share/uno/meshes/rack/thumbnails/thumbnails/rack-1.png
[0.626s] -- Up-to-date symlink: /home/prashun/ros2_ws/install/uno/share/uno/meshes/box/meshes/meshes/cardboard_box.dae
[0.626s] -- Up-to-date symlink: /home/prashun/ros2_ws/install/uno/share/uno/meshes/box/meshes/meshes/cardboard_box.png
[0.626s] -- Up-to-date symlink: /home/prashun/ros2_ws/install/uno/share/uno/meshes/box/thumbnails/thumbnails/1.png
[0.626s] -- Up-to-date symlink: /home/prashun/ros2_ws/install/uno/share/uno/meshes/box/thumbnails/thumbnails/2.png
[0.627s] -- Up-to-date symlink: /home/prashun/ros2_ws/install/uno/share/uno/meshes/box/thumbnails/thumbnails/3.png
[0.627s] -- Up-to-date symlink: /home/prashun/ros2_ws/install/uno/share/uno/meshes/box/thumbnails/thumbnails/4.png
[0.627s] -- Up-to-date symlink: /home/prashun/ros2_ws/install/uno/share/uno/meshes/box/thumbnails/thumbnails/5.png
[0.627s] -- Symlinking: /home/prashun/ros2_ws/install/uno/share/uno/meshes/man/meshes/meshes/eyebrow001-unmodified.png
[0.635s] -- Symlinking: /home/prashun/ros2_ws/install/uno/share/uno/meshes/man/meshes/meshes/eyebrow001.png
[0.642s] -- Symlinking: /home/prashun/ros2_ws/install/uno/share/uno/meshes/man/meshes/meshes/green_eye.png
[0.649s] -- Symlinking: /home/prashun/ros2_ws/install/uno/share/uno/meshes/man/meshes/meshes/jeans01_normals.png
[0.656s] -- Symlinking: /home/prashun/ros2_ws/install/uno/share/uno/meshes/man/meshes/meshes/jeans_basic_diffuse.png
[0.664s] -- Symlinking: /home/prashun/ros2_ws/install/uno/share/uno/meshes/man/meshes/meshes/male02_diffuse_black-unmodified.png
[0.671s] -- Symlinking: /home/prashun/ros2_ws/install/uno/share/uno/meshes/man/meshes/meshes/male02_diffuse_black.png
[0.677s] -- Symlinking: /home/prashun/ros2_ws/install/uno/share/uno/meshes/man/meshes/meshes/teeth.png
[0.684s] -- Symlinking: /home/prashun/ros2_ws/install/uno/share/uno/meshes/man/meshes/meshes/tshirt02_normals.png
[0.691s] -- Symlinking: /home/prashun/ros2_ws/install/uno/share/uno/meshes/man/meshes/meshes/tshirt02_texture.png
[0.698s] -- Symlinking: /home/prashun/ros2_ws/install/uno/share/uno/meshes/man/meshes/meshes/walking.dae
[0.704s] -- Symlinking: /home/prashun/ros2_ws/install/uno/share/uno/meshes/man/meshes/meshes/young_lightskinned_male_diffuse.png
[0.711s] -- Symlinking: /home/prashun/ros2_ws/install/uno/share/uno/meshes/man/thumbnails/thumbnails/1.png
[0.718s] -- Symlinking: /home/prashun/ros2_ws/install/uno/share/uno/meshes/man/thumbnails/thumbnails/2.png
[0.724s] -- Symlinking: /home/prashun/ros2_ws/install/uno/share/uno/meshes/man/thumbnails/thumbnails/3.png
[0.731s] -- Symlinking: /home/prashun/ros2_ws/install/uno/share/uno/meshes/man/thumbnails/thumbnails/4.png
[0.738s] -- Symlinking: /home/prashun/ros2_ws/install/uno/share/uno/meshes/man/thumbnails/thumbnails/5.png
[0.745s] -- Up-to-date symlink: /home/prashun/ros2_ws/install/uno/share/ament_index/resource_index/package_run_dependencies/uno
[0.746s] -- Up-to-date symlink: /home/prashun/ros2_ws/install/uno/share/ament_index/resource_index/parent_prefix_path/uno
[0.746s] -- Up-to-date symlink: /home/prashun/ros2_ws/install/uno/share/uno/environment/ament_prefix_path.sh
[0.746s] -- Up-to-date symlink: /home/prashun/ros2_ws/install/uno/share/uno/environment/ament_prefix_path.dsv
[0.746s] -- Up-to-date symlink: /home/prashun/ros2_ws/install/uno/share/uno/environment/path.sh
[0.746s] -- Up-to-date symlink: /home/prashun/ros2_ws/install/uno/share/uno/environment/path.dsv
[0.746s] -- Up-to-date symlink: /home/prashun/ros2_ws/install/uno/share/uno/local_setup.bash
[0.746s] -- Up-to-date symlink: /home/prashun/ros2_ws/install/uno/share/uno/local_setup.sh
[0.747s] -- Up-to-date symlink: /home/prashun/ros2_ws/install/uno/share/uno/local_setup.zsh
[0.747s] -- Up-to-date symlink: /home/prashun/ros2_ws/install/uno/share/uno/local_setup.dsv
[0.747s] -- Symlinking: /home/prashun/ros2_ws/install/uno/share/uno/package.dsv
[0.755s] -- Up-to-date symlink: /home/prashun/ros2_ws/install/uno/share/ament_index/resource_index/packages/uno
[0.755s] -- Up-to-date symlink: /home/prashun/ros2_ws/install/uno/share/uno/cmake/unoConfig.cmake
[0.755s] -- Up-to-date symlink: /home/prashun/ros2_ws/install/uno/share/uno/cmake/unoConfig-version.cmake
[0.755s] -- Up-to-date symlink: /home/prashun/ros2_ws/install/uno/share/uno/package.xml
[0.757s] Invoked command in '/home/prashun/ros2_ws/build/uno' returned '0': CMAKE_PREFIX_PATH=${CMAKE_PREFIX_PATH}:/opt/ros/humble /usr/bin/cmake --install /home/prashun/ros2_ws/build/uno
