-- The CXX compiler identification is GNU 11.4.0
-- Detecting CXX compiler ABI info
-- Detecting CXX compiler ABI info - done
-- Check for working CXX compiler: /usr/bin/c++ - skipped
-- Detecting CXX compile features
-- Detecting CXX compile features - done
-- Found ament_cmake: 1.3.10 (/opt/ros/humble/share/ament_cmake/cmake)
-- Found Python3: /usr/bin/python3 (found version "3.10.12") found components: Interpreter 
-- Override CMake install command with custom implementation using symlinks instead of copying resources
-- Found pluginlib: 5.1.0 (/opt/ros/humble/share/pluginlib/cmake)
-- Found realtime_tools: 2.6.0 (/opt/ros/humble/share/realtime_tools/cmake)
-- Found rosidl_generator_c: 3.1.5 (/opt/ros/humble/share/rosidl_generator_c/cmake)
-- Found rosidl_adapter: 3.1.5 (/opt/ros/humble/share/rosidl_adapter/cmake)
-- Found rosidl_generator_cpp: 3.1.5 (/opt/ros/humble/share/rosidl_generator_cpp/cmake)
-- Using all available rosidl_typesupport_c: rosidl_typesupport_fastrtps_c;rosidl_typesupport_introspection_c
-- Using all available rosidl_typesupport_cpp: rosidl_typesupport_fastrtps_cpp;rosidl_typesupport_introspection_cpp
-- Found rmw_implementation_cmake: 6.1.2 (/opt/ros/humble/share/rmw_implementation_cmake/cmake)
-- Found rmw_fastrtps_cpp: 6.2.7 (/opt/ros/humble/share/rmw_fastrtps_cpp/cmake)
-- Found TinyXML2 via Config file: TinyXML2_DIR-NOTFOUND
-- Found OpenSSL: /usr/lib/x86_64-linux-gnu/libcrypto.so (found version "3.0.2")  
-- Found TinyXML2 via Config file: TinyXML2_DIR-NOTFOUND
-- Found FastRTPS: /opt/ros/humble/include  
-- Found TinyXML2 via Config file: TinyXML2_DIR-NOTFOUND
-- Found TinyXML2 via Config file: TinyXML2_DIR-NOTFOUND
-- Using RMW implementation 'rmw_fastrtps_cpp' as default
-- Looking for C++ include pthread.h
-- Looking for C++ include pthread.h - found
-- Performing Test CMAKE_HAVE_LIBC_PTHREAD
-- Performing Test CMAKE_HAVE_LIBC_PTHREAD - Success
-- Found Threads: TRUE  
-- Found rclcpp_lifecycle: 16.0.10 (/opt/ros/humble/share/rclcpp_lifecycle/cmake)
-- Found trajectory_msgs: 4.2.4 (/opt/ros/humble/share/trajectory_msgs/cmake)
-- Found urdf: 2.6.1 (/opt/ros/humble/share/urdf/cmake)
-- Found ament_cmake_gtest: 1.3.10 (/opt/ros/humble/share/ament_cmake_gtest/cmake)
-- Found ament_cmake_gmock: 1.3.10 (/opt/ros/humble/share/ament_cmake_gmock/cmake)
-- Found generate_parameter_library: 0.3.8 (/opt/ros/humble/share/generate_parameter_library/cmake)
-- Found parameter_traits: 0.3.8 (/opt/ros/humble/share/parameter_traits/cmake)
-- Found launch_testing_ament_cmake: 1.0.6 (/opt/ros/humble/share/launch_testing_ament_cmake/cmake)
-- Found python_cmake_module: 0.10.0 (/opt/ros/humble/share/python_cmake_module/cmake)
-- Found PythonInterp: /usr/bin/python3 (found suitable version "3.10.12", minimum required is "3.6") 
-- Found PythonLibs: /usr/lib/x86_64-linux-gnu/libpython3.10.so (found suitable version "3.10.12", minimum required is "3.5") 
-- Using PYTHON_EXECUTABLE: /usr/bin/python3
-- Using PYTHON_INCLUDE_DIRS: /usr/include/python3.10
-- Using PYTHON_LIBRARIES: /usr/lib/x86_64-linux-gnu/libpython3.10.so
-- Found PythonExtra: .so  
-- Found gtest sources under '/opt/ros/humble/src/gtest_vendor': C++ tests using 'Google Test' will be built
-- The C compiler identification is GNU 11.4.0
-- Detecting C compiler ABI info
-- Detecting C compiler ABI info - done
-- Check for working C compiler: /usr/bin/cc - skipped
-- Detecting C compile features
-- Detecting C compile features - done
-- Found gmock sources under '/opt/ros/humble/src/gmock_vendor': C++ tests using 'Google Mock' will be built
-- Configuring done
-- Generating done
-- Build files have been written to: /home/prashun/ros2_ws/build/joint_limits
[ 11%] [32mBuilding CXX object gtest/CMakeFiles/gtest.dir/src/gtest-all.cc.o[0m
[ 11%] [34m[1mGenerating joint_limits/version.h[0m
[ 16%] [32mBuilding CXX object gmock/CMakeFiles/gmock.dir/opt/ros/humble/src/gtest_vendor/src/gtest-all.cc.o[0m
[ 22%] [32mBuilding CXX object CMakeFiles/joint_saturation_limiter.dir/src/joint_saturation_limiter.cpp.o[0m
[ 27%] [32mBuilding CXX object gtest/CMakeFiles/gtest_main.dir/src/gtest_main.cc.o[0m
[ 33%] [32mBuilding CXX object gmock/CMakeFiles/gmock.dir/src/gmock-all.cc.o[0m
[ 38%] [32mBuilding CXX object CMakeFiles/joint_limiter_interface.dir/src/joint_limiter_interface.cpp.o[0m
[ 38%] Built target ament_generate_version_header__joint_limits
[ 44%] [32m[1mLinking CXX static library libgtest_main.a[0m
[ 44%] Built target gtest_main
[ 50%] [32m[1mLinking CXX shared library libjoint_limiter_interface.so[0m
[ 50%] Built target joint_limiter_interface
[ 55%] [32m[1mLinking CXX shared library libjoint_saturation_limiter.so[0m
[ 55%] Built target joint_saturation_limiter
[ 61%] [32m[1mLinking CXX static library libgtest.a[0m
[ 61%] Built target gtest
[ 66%] [32mBuilding CXX object CMakeFiles/joint_limits_rosparam_test.dir/test/joint_limits_rosparam_test.cpp.o[0m
[ 72%] [32mBuilding CXX object CMakeFiles/joint_limits_urdf_test.dir/test/joint_limits_urdf_test.cpp.o[0m
[ 77%] [32m[1mLinking CXX static library libgmock.a[0m
[ 77%] Built target gmock
[ 83%] [32mBuilding CXX object CMakeFiles/test_joint_saturation_limiter.dir/test/test_joint_saturation_limiter.cpp.o[0m
[ 88%] [32m[1mLinking CXX executable joint_limits_urdf_test[0m
[ 88%] Built target joint_limits_urdf_test
[ 94%] [32m[1mLinking CXX executable joint_limits_rosparam_test[0m
[ 94%] Built target joint_limits_rosparam_test
[100%] [32m[1mLinking CXX executable test_joint_saturation_limiter[0m
[100%] Built target test_joint_saturation_limiter
-- Install configuration: ""
-- Execute custom install script
-- Symlinking: /home/prashun/ros2_ws/install/joint_limits/share/joint_limits//joint_limiters.xml
-- Symlinking: /home/prashun/ros2_ws/install/joint_limits/lib/joint_limits/joint_limits_rosparam_test
-- Symlinking: /home/prashun/ros2_ws/install/joint_limits/share/joint_limits/test/joint_limits_rosparam.yaml
-- Symlinking: /home/prashun/ros2_ws/install/joint_limits/share/joint_limits/test/joint_saturation_limiter_param.yaml
-- Symlinking: /home/prashun/ros2_ws/install/joint_limits/include/joint_limits/joint_limits/joint_limiter_interface.hpp
-- Symlinking: /home/prashun/ros2_ws/install/joint_limits/include/joint_limits/joint_limits/joint_limits.hpp
-- Symlinking: /home/prashun/ros2_ws/install/joint_limits/include/joint_limits/joint_limits/joint_limits_rosparam.hpp
-- Symlinking: /home/prashun/ros2_ws/install/joint_limits/include/joint_limits/joint_limits/joint_limits_urdf.hpp
-- Symlinking: /home/prashun/ros2_ws/install/joint_limits/include/joint_limits/joint_limits/joint_saturation_limiter.hpp
-- Symlinking: /home/prashun/ros2_ws/install/joint_limits/include/joint_limits/joint_limits/visibility_control.h
-- Symlinking: /home/prashun/ros2_ws/install/joint_limits/share/joint_limits/environment/library_path.sh
-- Symlinking: /home/prashun/ros2_ws/install/joint_limits/share/joint_limits/environment/library_path.dsv
-- Symlinking: /home/prashun/ros2_ws/install/joint_limits/share/ament_index/resource_index/package_run_dependencies/joint_limits
-- Symlinking: /home/prashun/ros2_ws/install/joint_limits/share/ament_index/resource_index/parent_prefix_path/joint_limits
-- Symlinking: /home/prashun/ros2_ws/install/joint_limits/share/joint_limits/environment/ament_prefix_path.sh
-- Symlinking: /home/prashun/ros2_ws/install/joint_limits/share/joint_limits/environment/ament_prefix_path.dsv
-- Symlinking: /home/prashun/ros2_ws/install/joint_limits/share/joint_limits/environment/path.sh
-- Symlinking: /home/prashun/ros2_ws/install/joint_limits/share/joint_limits/environment/path.dsv
-- Symlinking: /home/prashun/ros2_ws/install/joint_limits/share/joint_limits/local_setup.bash
-- Symlinking: /home/prashun/ros2_ws/install/joint_limits/share/joint_limits/local_setup.sh
-- Symlinking: /home/prashun/ros2_ws/install/joint_limits/share/joint_limits/local_setup.zsh
-- Symlinking: /home/prashun/ros2_ws/install/joint_limits/share/joint_limits/local_setup.dsv
-- Symlinking: /home/prashun/ros2_ws/install/joint_limits/share/joint_limits/package.dsv
-- Symlinking: /home/prashun/ros2_ws/install/joint_limits/share/ament_index/resource_index/packages/joint_limits
-- Symlinking: /home/prashun/ros2_ws/install/joint_limits/share/ament_index/resource_index/joint_limits__pluginlib__plugin/joint_limits
-- Symlinking: /home/prashun/ros2_ws/install/joint_limits/share/joint_limits/cmake/ament_cmake_export_targets-extras.cmake
-- Symlinking: /home/prashun/ros2_ws/install/joint_limits/share/joint_limits/cmake/ament_cmake_export_dependencies-extras.cmake
-- Symlinking: /home/prashun/ros2_ws/install/joint_limits/share/joint_limits/cmake/joint_limitsConfig.cmake
-- Symlinking: /home/prashun/ros2_ws/install/joint_limits/share/joint_limits/cmake/joint_limitsConfig-version.cmake
-- Symlinking: /home/prashun/ros2_ws/install/joint_limits/share/joint_limits/package.xml
-- Symlinking: /home/prashun/ros2_ws/install/joint_limits/include/joint_limits/joint_limits/version.h
-- Installing: /home/prashun/ros2_ws/install/joint_limits/lib/libjoint_limiter_interface.so
-- Set runtime path of "/home/prashun/ros2_ws/install/joint_limits/lib/libjoint_limiter_interface.so" to ""
-- Installing: /home/prashun/ros2_ws/install/joint_limits/lib/libjoint_saturation_limiter.so
-- Set runtime path of "/home/prashun/ros2_ws/install/joint_limits/lib/libjoint_saturation_limiter.so" to ""
-- Installing: /home/prashun/ros2_ws/install/joint_limits/share/joint_limits/cmake/export_joint_limitsExport.cmake
-- Installing: /home/prashun/ros2_ws/install/joint_limits/share/joint_limits/cmake/export_joint_limitsExport-noconfig.cmake
