[0.027s] Invoking command in '/home/prashun/ros2_ws/build/joint_limits': CMAKE_PREFIX_PATH=${CMAKE_PREFIX_PATH}:/opt/ros/humble /usr/bin/cmake /home/prashun/ros2_ws/src/ros2_control/joint_limits -DAMENT_CMAKE_SYMLINK_INSTALL=1 -DCMAKE_INSTALL_PREFIX=/home/prashun/ros2_ws/install/joint_limits
[0.462s] -- The CXX compiler identification is GNU 11.4.0
[0.463s] -- Detecting CXX compiler ABI info
[0.463s] -- Detecting CXX compiler ABI info - done
[0.463s] -- Check for working CXX compiler: /usr/bin/c++ - skipped
[0.463s] -- Detecting CXX compile features
[0.463s] -- Detecting CXX compile features - done
[0.463s] -- Found ament_cmake: 1.3.10 (/opt/ros/humble/share/ament_cmake/cmake)
[0.490s] -- Found Python3: /usr/bin/python3 (found version "3.10.12") found components: Interpreter 
[0.580s] -- Override CMake install command with custom implementation using symlinks instead of copying resources
[0.615s] -- Found pluginlib: 5.1.0 (/opt/ros/humble/share/pluginlib/cmake)
[0.684s] -- Found realtime_tools: 2.6.0 (/opt/ros/humble/share/realtime_tools/cmake)
[0.734s] -- Found rosidl_generator_c: 3.1.5 (/opt/ros/humble/share/rosidl_generator_c/cmake)
[0.741s] -- Found rosidl_adapter: 3.1.5 (/opt/ros/humble/share/rosidl_adapter/cmake)
[0.754s] -- Found rosidl_generator_cpp: 3.1.5 (/opt/ros/humble/share/rosidl_generator_cpp/cmake)
[0.774s] -- Using all available rosidl_typesupport_c: rosidl_typesupport_fastrtps_c;rosidl_typesupport_introspection_c
[0.796s] -- Using all available rosidl_typesupport_cpp: rosidl_typesupport_fastrtps_cpp;rosidl_typesupport_introspection_cpp
[0.869s] -- Found rmw_implementation_cmake: 6.1.2 (/opt/ros/humble/share/rmw_implementation_cmake/cmake)
[0.872s] -- Found rmw_fastrtps_cpp: 6.2.7 (/opt/ros/humble/share/rmw_fastrtps_cpp/cmake)
[0.912s] -- Found TinyXML2 via Config file: TinyXML2_DIR-NOTFOUND
[1.032s] -- Found OpenSSL: /usr/lib/x86_64-linux-gnu/libcrypto.so (found version "3.0.2")  
[1.038s] -- Found TinyXML2 via Config file: TinyXML2_DIR-NOTFOUND
[1.069s] -- Found FastRTPS: /opt/ros/humble/include  
[1.075s] -- Found TinyXML2 via Config file: TinyXML2_DIR-NOTFOUND
[1.094s] -- Found TinyXML2 via Config file: TinyXML2_DIR-NOTFOUND
[1.116s] -- Using RMW implementation 'rmw_fastrtps_cpp' as default
[1.126s] -- Looking for C++ include pthread.h
[1.264s] -- Looking for C++ include pthread.h - found
[1.264s] -- Performing Test CMAKE_HAVE_LIBC_PTHREAD
[1.397s] -- Performing Test CMAKE_HAVE_LIBC_PTHREAD - Success
[1.397s] -- Found Threads: TRUE  
[1.547s] -- Found rclcpp_lifecycle: 16.0.10 (/opt/ros/humble/share/rclcpp_lifecycle/cmake)
[1.574s] -- Found trajectory_msgs: 4.2.4 (/opt/ros/humble/share/trajectory_msgs/cmake)
[1.618s] -- Found urdf: 2.6.1 (/opt/ros/humble/share/urdf/cmake)
[1.634s] -- Found ament_cmake_gtest: 1.3.10 (/opt/ros/humble/share/ament_cmake_gtest/cmake)
[1.636s] -- Found ament_cmake_gmock: 1.3.10 (/opt/ros/humble/share/ament_cmake_gmock/cmake)
[1.638s] -- Found generate_parameter_library: 0.3.8 (/opt/ros/humble/share/generate_parameter_library/cmake)
[1.640s] -- Found parameter_traits: 0.3.8 (/opt/ros/humble/share/parameter_traits/cmake)
[1.663s] -- Found launch_testing_ament_cmake: 1.0.6 (/opt/ros/humble/share/launch_testing_ament_cmake/cmake)
[1.665s] -- Found python_cmake_module: 0.10.0 (/opt/ros/humble/share/python_cmake_module/cmake)
[1.691s] -- Found PythonInterp: /usr/bin/python3 (found suitable version "3.10.12", minimum required is "3.6") 
[1.698s] -- Found PythonLibs: /usr/lib/x86_64-linux-gnu/libpython3.10.so (found suitable version "3.10.12", minimum required is "3.5") 
[1.699s] -- Using PYTHON_EXECUTABLE: /usr/bin/python3
[1.699s] -- Using PYTHON_INCLUDE_DIRS: /usr/include/python3.10
[1.699s] -- Using PYTHON_LIBRARIES: /usr/lib/x86_64-linux-gnu/libpython3.10.so
[1.729s] -- Found PythonExtra: .so  
[1.731s] -- Found gtest sources under '/opt/ros/humble/src/gtest_vendor': C++ tests using 'Google Test' will be built
[1.797s] -- The C compiler identification is GNU 11.4.0
[1.806s] -- Detecting C compiler ABI info
[1.889s] -- Detecting C compiler ABI info - done
[1.903s] -- Check for working C compiler: /usr/bin/cc - skipped
[1.904s] -- Detecting C compile features
[1.904s] -- Detecting C compile features - done
[1.914s] -- Found gmock sources under '/opt/ros/humble/src/gmock_vendor': C++ tests using 'Google Mock' will be built
[2.025s] -- Configuring done
[2.081s] -- Generating done
[2.086s] -- Build files have been written to: /home/prashun/ros2_ws/build/joint_limits
[2.109s] Invoked command in '/home/prashun/ros2_ws/build/joint_limits' returned '0': CMAKE_PREFIX_PATH=${CMAKE_PREFIX_PATH}:/opt/ros/humble /usr/bin/cmake /home/prashun/ros2_ws/src/ros2_control/joint_limits -DAMENT_CMAKE_SYMLINK_INSTALL=1 -DCMAKE_INSTALL_PREFIX=/home/prashun/ros2_ws/install/joint_limits
[2.110s] Invoking command in '/home/prashun/ros2_ws/build/joint_limits': CMAKE_PREFIX_PATH=${CMAKE_PREFIX_PATH}:/opt/ros/humble /usr/bin/cmake --build /home/prashun/ros2_ws/build/joint_limits -- -j8 -l8
[2.187s] [ 11%] [32mBuilding CXX object gtest/CMakeFiles/gtest.dir/src/gtest-all.cc.o[0m
[2.188s] [ 11%] [34m[1mGenerating joint_limits/version.h[0m
[2.188s] [ 16%] [32mBuilding CXX object gmock/CMakeFiles/gmock.dir/opt/ros/humble/src/gtest_vendor/src/gtest-all.cc.o[0m
[2.188s] [ 22%] [32mBuilding CXX object CMakeFiles/joint_saturation_limiter.dir/src/joint_saturation_limiter.cpp.o[0m
[2.196s] [ 27%] [32mBuilding CXX object gtest/CMakeFiles/gtest_main.dir/src/gtest_main.cc.o[0m
[2.207s] [ 33%] [32mBuilding CXX object gmock/CMakeFiles/gmock.dir/src/gmock-all.cc.o[0m
[2.207s] [ 38%] [32mBuilding CXX object CMakeFiles/joint_limiter_interface.dir/src/joint_limiter_interface.cpp.o[0m
[2.226s] [ 38%] Built target ament_generate_version_header__joint_limits
[4.994s] [ 44%] [32m[1mLinking CXX static library libgtest_main.a[0m
[5.090s] [ 44%] Built target gtest_main
[6.534s] [ 50%] [32m[1mLinking CXX shared library libjoint_limiter_interface.so[0m
[6.838s] [ 50%] Built target joint_limiter_interface
[7.715s] [ 55%] [32m[1mLinking CXX shared library libjoint_saturation_limiter.so[0m
[8.188s] [ 55%] Built target joint_saturation_limiter
[9.126s] [ 61%] [32m[1mLinking CXX static library libgtest.a[0m
[9.356s] [ 61%] Built target gtest
[9.437s] [ 66%] [32mBuilding CXX object CMakeFiles/joint_limits_rosparam_test.dir/test/joint_limits_rosparam_test.cpp.o[0m
[9.490s] [ 72%] [32mBuilding CXX object CMakeFiles/joint_limits_urdf_test.dir/test/joint_limits_urdf_test.cpp.o[0m
[9.974s] [ 77%] [32m[1mLinking CXX static library libgmock.a[0m
[10.246s] [ 77%] Built target gmock
[10.288s] [ 83%] [32mBuilding CXX object CMakeFiles/test_joint_saturation_limiter.dir/test/test_joint_saturation_limiter.cpp.o[0m
[12.971s] [ 88%] [32m[1mLinking CXX executable joint_limits_urdf_test[0m
[13.640s] [ 88%] Built target joint_limits_urdf_test
[17.066s] [ 94%] [32m[1mLinking CXX executable joint_limits_rosparam_test[0m
[17.582s] [ 94%] Built target joint_limits_rosparam_test
[21.003s] [100%] [32m[1mLinking CXX executable test_joint_saturation_limiter[0m
[21.507s] [100%] Built target test_joint_saturation_limiter
[21.555s] Invoked command in '/home/prashun/ros2_ws/build/joint_limits' returned '0': CMAKE_PREFIX_PATH=${CMAKE_PREFIX_PATH}:/opt/ros/humble /usr/bin/cmake --build /home/prashun/ros2_ws/build/joint_limits -- -j8 -l8
[21.681s] Invoking command in '/home/prashun/ros2_ws/build/joint_limits': CMAKE_PREFIX_PATH=${CMAKE_PREFIX_PATH}:/opt/ros/humble /usr/bin/cmake --install /home/prashun/ros2_ws/build/joint_limits
[21.692s] -- Install configuration: ""
[21.693s] -- Execute custom install script
[21.694s] -- Symlinking: /home/prashun/ros2_ws/install/joint_limits/share/joint_limits//joint_limiters.xml
[21.707s] -- Symlinking: /home/prashun/ros2_ws/install/joint_limits/lib/joint_limits/joint_limits_rosparam_test
[21.721s] -- Symlinking: /home/prashun/ros2_ws/install/joint_limits/share/joint_limits/test/joint_limits_rosparam.yaml
[21.734s] -- Symlinking: /home/prashun/ros2_ws/install/joint_limits/share/joint_limits/test/joint_saturation_limiter_param.yaml
[21.783s] -- Symlinking: /home/prashun/ros2_ws/install/joint_limits/include/joint_limits/joint_limits/joint_limiter_interface.hpp
[21.797s] -- Symlinking: /home/prashun/ros2_ws/install/joint_limits/include/joint_limits/joint_limits/joint_limits.hpp
[21.810s] -- Symlinking: /home/prashun/ros2_ws/install/joint_limits/include/joint_limits/joint_limits/joint_limits_rosparam.hpp
[21.826s] -- Symlinking: /home/prashun/ros2_ws/install/joint_limits/include/joint_limits/joint_limits/joint_limits_urdf.hpp
[21.841s] -- Symlinking: /home/prashun/ros2_ws/install/joint_limits/include/joint_limits/joint_limits/joint_saturation_limiter.hpp
[21.853s] -- Symlinking: /home/prashun/ros2_ws/install/joint_limits/include/joint_limits/joint_limits/visibility_control.h
[21.864s] -- Symlinking: /home/prashun/ros2_ws/install/joint_limits/share/joint_limits/environment/library_path.sh
[21.874s] -- Symlinking: /home/prashun/ros2_ws/install/joint_limits/share/joint_limits/environment/library_path.dsv
[21.884s] -- Symlinking: /home/prashun/ros2_ws/install/joint_limits/share/ament_index/resource_index/package_run_dependencies/joint_limits
[21.895s] -- Symlinking: /home/prashun/ros2_ws/install/joint_limits/share/ament_index/resource_index/parent_prefix_path/joint_limits
[21.905s] -- Symlinking: /home/prashun/ros2_ws/install/joint_limits/share/joint_limits/environment/ament_prefix_path.sh
[21.916s] -- Symlinking: /home/prashun/ros2_ws/install/joint_limits/share/joint_limits/environment/ament_prefix_path.dsv
[21.926s] -- Symlinking: /home/prashun/ros2_ws/install/joint_limits/share/joint_limits/environment/path.sh
[21.936s] -- Symlinking: /home/prashun/ros2_ws/install/joint_limits/share/joint_limits/environment/path.dsv
[21.947s] -- Symlinking: /home/prashun/ros2_ws/install/joint_limits/share/joint_limits/local_setup.bash
[21.958s] -- Symlinking: /home/prashun/ros2_ws/install/joint_limits/share/joint_limits/local_setup.sh
[21.970s] -- Symlinking: /home/prashun/ros2_ws/install/joint_limits/share/joint_limits/local_setup.zsh
[21.980s] -- Symlinking: /home/prashun/ros2_ws/install/joint_limits/share/joint_limits/local_setup.dsv
[21.991s] -- Symlinking: /home/prashun/ros2_ws/install/joint_limits/share/joint_limits/package.dsv
[22.003s] -- Symlinking: /home/prashun/ros2_ws/install/joint_limits/share/ament_index/resource_index/packages/joint_limits
[22.016s] -- Symlinking: /home/prashun/ros2_ws/install/joint_limits/share/ament_index/resource_index/joint_limits__pluginlib__plugin/joint_limits
[22.028s] -- Symlinking: /home/prashun/ros2_ws/install/joint_limits/share/joint_limits/cmake/ament_cmake_export_targets-extras.cmake
[22.042s] -- Symlinking: /home/prashun/ros2_ws/install/joint_limits/share/joint_limits/cmake/ament_cmake_export_dependencies-extras.cmake
[22.056s] -- Symlinking: /home/prashun/ros2_ws/install/joint_limits/share/joint_limits/cmake/joint_limitsConfig.cmake
[22.069s] -- Symlinking: /home/prashun/ros2_ws/install/joint_limits/share/joint_limits/cmake/joint_limitsConfig-version.cmake
[22.079s] -- Symlinking: /home/prashun/ros2_ws/install/joint_limits/share/joint_limits/package.xml
[22.092s] -- Symlinking: /home/prashun/ros2_ws/install/joint_limits/include/joint_limits/joint_limits/version.h
[22.104s] -- Installing: /home/prashun/ros2_ws/install/joint_limits/lib/libjoint_limiter_interface.so
[22.105s] -- Set runtime path of "/home/prashun/ros2_ws/install/joint_limits/lib/libjoint_limiter_interface.so" to ""
[22.105s] -- Installing: /home/prashun/ros2_ws/install/joint_limits/lib/libjoint_saturation_limiter.so
[22.106s] -- Set runtime path of "/home/prashun/ros2_ws/install/joint_limits/lib/libjoint_saturation_limiter.so" to ""
[22.107s] -- Installing: /home/prashun/ros2_ws/install/joint_limits/share/joint_limits/cmake/export_joint_limitsExport.cmake
[22.107s] -- Installing: /home/prashun/ros2_ws/install/joint_limits/share/joint_limits/cmake/export_joint_limitsExport-noconfig.cmake
[22.110s] Invoked command in '/home/prashun/ros2_ws/build/joint_limits' returned '0': CMAKE_PREFIX_PATH=${CMAKE_PREFIX_PATH}:/opt/ros/humble /usr/bin/cmake --install /home/prashun/ros2_ws/build/joint_limits
