[0.011s] Invoking command in '/home/prashun/ros2_ws/build/uno': CMAKE_PREFIX_PATH=${CMAKE_PREFIX_PATH}:/home/prashun/ros2_ws/install/rqt_joint_trajectory_controller:/home/prashun/ros2_ws/install/ros2_controllers_test_nodes:/opt/ros/humble /usr/bin/cmake /home/prashun/ros2_ws/src/uno -DAMENT_CMAKE_SYMLINK_INSTALL=1 -DCMAKE_INSTALL_PREFIX=/home/prashun/ros2_ws/install/uno
[0.066s] -- The C compiler identification is GNU 11.4.0
[0.122s] -- The CXX compiler identification is GNU 11.4.0
[0.130s] -- Detecting C compiler ABI info
[0.196s] -- Detecting C compiler ABI info - done
[0.206s] -- Check for working C compiler: /usr/bin/cc - skipped
[0.206s] -- Detecting C compile features
[0.206s] -- Detecting C compile features - done
[0.209s] -- Detecting CXX compiler ABI info
[0.285s] -- Detecting CXX compiler ABI info - done
[0.295s] -- Check for working CXX compiler: /usr/bin/c++ - skipped
[0.295s] -- Detecting CXX compile features
[0.296s] -- Detecting CXX compile features - done
[0.299s] -- Found ament_cmake: 1.3.10 (/opt/ros/humble/share/ament_cmake/cmake)
[0.461s] -- Found Python3: /usr/bin/python3 (found version "3.10.12") found components: Interpreter 
[0.529s] -- Override CMake install command with custom implementation using symlinks instead of copying resources
[0.552s] -- Found rclcpp: 16.0.10 (/opt/ros/humble/share/rclcpp/cmake)
[0.592s] -- Found rosidl_generator_c: 3.1.5 (/opt/ros/humble/share/rosidl_generator_c/cmake)
[0.597s] -- Found rosidl_adapter: 3.1.5 (/opt/ros/humble/share/rosidl_adapter/cmake)
[0.605s] -- Found rosidl_generator_cpp: 3.1.5 (/opt/ros/humble/share/rosidl_generator_cpp/cmake)
[0.618s] -- Using all available rosidl_typesupport_c: rosidl_typesupport_fastrtps_c;rosidl_typesupport_introspection_c
[0.636s] -- Using all available rosidl_typesupport_cpp: rosidl_typesupport_fastrtps_cpp;rosidl_typesupport_introspection_cpp
[0.681s] -- Found rmw_implementation_cmake: 6.1.2 (/opt/ros/humble/share/rmw_implementation_cmake/cmake)
[0.684s] -- Found rmw_fastrtps_cpp: 6.2.7 (/opt/ros/humble/share/rmw_fastrtps_cpp/cmake)
[0.773s] -- Found OpenSSL: /usr/lib/x86_64-linux-gnu/libcrypto.so (found version "3.0.2")  
[0.804s] -- Found FastRTPS: /opt/ros/humble/include  
[0.846s] -- Using RMW implementation 'rmw_fastrtps_cpp' as default
[0.853s] -- Looking for pthread.h
[0.925s] -- Looking for pthread.h - found
[0.925s] -- Performing Test CMAKE_HAVE_LIBC_PTHREAD
[0.996s] -- Performing Test CMAKE_HAVE_LIBC_PTHREAD - Success
[0.998s] -- Found Threads: TRUE  
[1.054s] -- Found ament_lint_auto: 0.12.11 (/opt/ros/humble/share/ament_lint_auto/cmake)
[1.151s] -- Added test 'flake8' to check Python code syntax and style conventions
[1.152s] -- Added test 'lint_cmake' to check CMake code style
[1.152s] -- Added test 'pep257' to check Python code against some of the docstring style conventions in PEP 257
[1.153s] -- Added test 'xmllint' to check XML markup files
[1.155s] -- Configuring done
[1.159s] -- Generating done
[1.160s] -- Build files have been written to: /home/prashun/ros2_ws/build/uno
[1.171s] Invoked command in '/home/prashun/ros2_ws/build/uno' returned '0': CMAKE_PREFIX_PATH=${CMAKE_PREFIX_PATH}:/home/prashun/ros2_ws/install/rqt_joint_trajectory_controller:/home/prashun/ros2_ws/install/ros2_controllers_test_nodes:/opt/ros/humble /usr/bin/cmake /home/prashun/ros2_ws/src/uno -DAMENT_CMAKE_SYMLINK_INSTALL=1 -DCMAKE_INSTALL_PREFIX=/home/prashun/ros2_ws/install/uno
[1.173s] Invoking command in '/home/prashun/ros2_ws/build/uno': CMAKE_PREFIX_PATH=${CMAKE_PREFIX_PATH}:/home/prashun/ros2_ws/install/rqt_joint_trajectory_controller:/home/prashun/ros2_ws/install/ros2_controllers_test_nodes:/opt/ros/humble /usr/bin/cmake --build /home/prashun/ros2_ws/build/uno -- -j8 -l8
[1.214s] Invoked command in '/home/prashun/ros2_ws/build/uno' returned '0': CMAKE_PREFIX_PATH=${CMAKE_PREFIX_PATH}:/home/prashun/ros2_ws/install/rqt_joint_trajectory_controller:/home/prashun/ros2_ws/install/ros2_controllers_test_nodes:/opt/ros/humble /usr/bin/cmake --build /home/prashun/ros2_ws/build/uno -- -j8 -l8
[1.246s] Invoking command in '/home/prashun/ros2_ws/build/uno': CMAKE_PREFIX_PATH=${CMAKE_PREFIX_PATH}:/home/prashun/ros2_ws/install/rqt_joint_trajectory_controller:/home/prashun/ros2_ws/install/ros2_controllers_test_nodes:/opt/ros/humble /usr/bin/cmake --install /home/prashun/ros2_ws/build/uno
[1.252s] -- Install configuration: ""
[1.253s] -- Execute custom install script
[1.253s] -- Symlinking: /home/prashun/ros2_ws/install/uno/share/uno/config/controller.yaml
[1.262s] -- Symlinking: /home/prashun/ros2_ws/install/uno/share/uno/sdf/empty_room.sdf
[1.273s] -- Symlinking: /home/prashun/ros2_ws/install/uno/share/uno/urdf/diff_drive_robot.urdf
[1.286s] -- Symlinking: /home/prashun/ros2_ws/install/uno/share/uno/launch/display.robot.launch.py
[1.295s] -- Symlinking: /home/prashun/ros2_ws/install/uno/share/ament_index/resource_index/package_run_dependencies/uno
[1.304s] -- Symlinking: /home/prashun/ros2_ws/install/uno/share/ament_index/resource_index/parent_prefix_path/uno
[1.313s] -- Symlinking: /home/prashun/ros2_ws/install/uno/share/uno/environment/ament_prefix_path.sh
[1.323s] -- Symlinking: /home/prashun/ros2_ws/install/uno/share/uno/environment/ament_prefix_path.dsv
[1.333s] -- Symlinking: /home/prashun/ros2_ws/install/uno/share/uno/environment/path.sh
[1.343s] -- Symlinking: /home/prashun/ros2_ws/install/uno/share/uno/environment/path.dsv
[1.352s] -- Symlinking: /home/prashun/ros2_ws/install/uno/share/uno/local_setup.bash
[1.360s] -- Symlinking: /home/prashun/ros2_ws/install/uno/share/uno/local_setup.sh
[1.369s] -- Symlinking: /home/prashun/ros2_ws/install/uno/share/uno/local_setup.zsh
[1.378s] -- Symlinking: /home/prashun/ros2_ws/install/uno/share/uno/local_setup.dsv
[1.387s] -- Symlinking: /home/prashun/ros2_ws/install/uno/share/uno/package.dsv
[1.396s] -- Symlinking: /home/prashun/ros2_ws/install/uno/share/ament_index/resource_index/packages/uno
[1.404s] -- Symlinking: /home/prashun/ros2_ws/install/uno/share/uno/cmake/unoConfig.cmake
[1.415s] -- Symlinking: /home/prashun/ros2_ws/install/uno/share/uno/cmake/unoConfig-version.cmake
[1.425s] -- Symlinking: /home/prashun/ros2_ws/install/uno/share/uno/package.xml
[1.437s] Invoked command in '/home/prashun/ros2_ws/build/uno' returned '0': CMAKE_PREFIX_PATH=${CMAKE_PREFIX_PATH}:/home/prashun/ros2_ws/install/rqt_joint_trajectory_controller:/home/prashun/ros2_ws/install/ros2_controllers_test_nodes:/opt/ros/humble /usr/bin/cmake --install /home/prashun/ros2_ws/build/uno
