[0.051s] Invoking command in '/home/prashun/ros2_ws/build/controller_interface': AMENT_PREFIX_PATH=/home/prashun/ros2_ws/install/hardware_interface:/home/prashun/ros2_ws/install/ros2_control_test_assets:/home/prashun/ros2_ws/install/joint_limits:${AMENT_PREFIX_PATH} CMAKE_PREFIX_PATH=/home/prashun/ros2_ws/install/hardware_interface:/home/prashun/ros2_ws/install/ros2_control_test_assets:/home/prashun/ros2_ws/install/joint_limits:/home/prashun/ros2_ws/install/uno:/opt/ros/humble LD_LIBRARY_PATH=/home/prashun/ros2_ws/install/hardware_interface/lib:/home/prashun/ros2_ws/install/ros2_control_test_assets/lib:/home/prashun/ros2_ws/install/joint_limits/lib:${LD_LIBRARY_PATH} /usr/bin/cmake /home/prashun/ros2_ws/src/ros2_control/controller_interface -DCMAKE_INSTALL_PREFIX=/home/prashun/ros2_ws/install/controller_interface
[0.108s] -- Found ament_cmake: 1.3.10 (/opt/ros/humble/share/ament_cmake/cmake)
[0.384s] -- Override CMake install command with custom implementation using symlinks instead of copying resources
[0.394s] -- Found hardware_interface: 4.18.0 (/home/prashun/ros2_ws/install/hardware_interface/share/hardware_interface/cmake)
[0.450s] -- Found rosidl_generator_c: 3.1.5 (/opt/ros/humble/share/rosidl_generator_c/cmake)
[0.455s] -- Found rosidl_adapter: 3.1.5 (/opt/ros/humble/share/rosidl_adapter/cmake)
[0.468s] -- Found rosidl_generator_cpp: 3.1.5 (/opt/ros/humble/share/rosidl_generator_cpp/cmake)
[0.490s] -- Using all available rosidl_typesupport_c: rosidl_typesupport_fastrtps_c;rosidl_typesupport_introspection_c
[0.527s] -- Using all available rosidl_typesupport_cpp: rosidl_typesupport_fastrtps_cpp;rosidl_typesupport_introspection_cpp
[0.848s] -- Found rmw_implementation_cmake: 6.1.2 (/opt/ros/humble/share/rmw_implementation_cmake/cmake)
[0.851s] -- Found rmw_fastrtps_cpp: 6.2.7 (/opt/ros/humble/share/rmw_fastrtps_cpp/cmake)
[0.884s] -- Found TinyXML2 via Config file: TinyXML2_DIR-NOTFOUND
[0.896s] -- Found TinyXML2 via Config file: TinyXML2_DIR-NOTFOUND
[0.918s] -- Found TinyXML2 via Config file: TinyXML2_DIR-NOTFOUND
[0.929s] -- Found TinyXML2 via Config file: TinyXML2_DIR-NOTFOUND
[0.944s] -- Using RMW implementation 'rmw_fastrtps_cpp' as default
[1.063s] -- Found ament_cmake_gmock: 1.3.10 (/opt/ros/humble/share/ament_cmake_gmock/cmake)
[1.065s] -- Found gmock sources under '/opt/ros/humble/src/gmock_vendor': C++ tests using 'Google Mock' will be built
[1.071s] -- Found ament_cmake_gtest: 1.3.10 (/opt/ros/humble/share/ament_cmake_gtest/cmake)
[1.072s] -- Found gtest sources under '/opt/ros/humble/src/gtest_vendor': C++ tests using 'Google Test' will be built
[1.224s] -- Configuring done
[1.326s] -- Generating done
[1.334s] -- Build files have been written to: /home/prashun/ros2_ws/build/controller_interface
[1.625s] Invoked command in '/home/prashun/ros2_ws/build/controller_interface' returned '0': AMENT_PREFIX_PATH=/home/prashun/ros2_ws/install/hardware_interface:/home/prashun/ros2_ws/install/ros2_control_test_assets:/home/prashun/ros2_ws/install/joint_limits:${AMENT_PREFIX_PATH} CMAKE_PREFIX_PATH=/home/prashun/ros2_ws/install/hardware_interface:/home/prashun/ros2_ws/install/ros2_control_test_assets:/home/prashun/ros2_ws/install/joint_limits:/home/prashun/ros2_ws/install/uno:/opt/ros/humble LD_LIBRARY_PATH=/home/prashun/ros2_ws/install/hardware_interface/lib:/home/prashun/ros2_ws/install/ros2_control_test_assets/lib:/home/prashun/ros2_ws/install/joint_limits/lib:${LD_LIBRARY_PATH} /usr/bin/cmake /home/prashun/ros2_ws/src/ros2_control/controller_interface -DCMAKE_INSTALL_PREFIX=/home/prashun/ros2_ws/install/controller_interface
[1.627s] Invoking command in '/home/prashun/ros2_ws/build/controller_interface': AMENT_PREFIX_PATH=/home/prashun/ros2_ws/install/hardware_interface:/home/prashun/ros2_ws/install/ros2_control_test_assets:/home/prashun/ros2_ws/install/joint_limits:${AMENT_PREFIX_PATH} CMAKE_PREFIX_PATH=/home/prashun/ros2_ws/install/hardware_interface:/home/prashun/ros2_ws/install/ros2_control_test_assets:/home/prashun/ros2_ws/install/joint_limits:/home/prashun/ros2_ws/install/uno:/opt/ros/humble LD_LIBRARY_PATH=/home/prashun/ros2_ws/install/hardware_interface/lib:/home/prashun/ros2_ws/install/ros2_control_test_assets/lib:/home/prashun/ros2_ws/install/joint_limits/lib:${LD_LIBRARY_PATH} /usr/bin/cmake --build /home/prashun/ros2_ws/build/controller_interface -- -j8 -l8
[1.712s] [35m[1mConsolidate compiler generated dependencies of target gmock[0m
[1.733s] [35m[1mConsolidate compiler generated dependencies of target gmock_main[0m
[1.752s] [  4%] Built target ament_generate_version_header__controller_interface
[1.753s] [ 12%] Built target gmock_main
[1.755s] [ 25%] Built target gmock
[1.793s] [35m[1mConsolidate compiler generated dependencies of target controller_interface[0m
[1.859s] [ 41%] Built target controller_interface
[1.908s] [35m[1mConsolidate compiler generated dependencies of target test_controller_with_options[0m
[1.918s] [35m[1mConsolidate compiler generated dependencies of target test_chainable_controller_interface[0m
[1.926s] [35m[1mConsolidate compiler generated dependencies of target test_semantic_component_interface[0m
[1.929s] [35m[1mConsolidate compiler generated dependencies of target test_force_torque_sensor[0m
[1.937s] [35m[1mConsolidate compiler generated dependencies of target test_controller_interface[0m
[1.961s] [35m[1mConsolidate compiler generated dependencies of target test_imu_sensor[0m
[1.965s] [35m[1mConsolidate compiler generated dependencies of target test_pose_sensor[0m
[1.975s] [ 50%] Built target test_controller_with_options
[1.986s] [ 58%] Built target test_chainable_controller_interface
[1.987s] [ 66%] Built target test_semantic_component_interface
[1.996s] [ 75%] Built target test_force_torque_sensor
[2.001s] [ 83%] Built target test_imu_sensor
[2.008s] [ 91%] Built target test_pose_sensor
[2.014s] [100%] Built target test_controller_interface
[2.037s] Invoked command in '/home/prashun/ros2_ws/build/controller_interface' returned '0': AMENT_PREFIX_PATH=/home/prashun/ros2_ws/install/hardware_interface:/home/prashun/ros2_ws/install/ros2_control_test_assets:/home/prashun/ros2_ws/install/joint_limits:${AMENT_PREFIX_PATH} CMAKE_PREFIX_PATH=/home/prashun/ros2_ws/install/hardware_interface:/home/prashun/ros2_ws/install/ros2_control_test_assets:/home/prashun/ros2_ws/install/joint_limits:/home/prashun/ros2_ws/install/uno:/opt/ros/humble LD_LIBRARY_PATH=/home/prashun/ros2_ws/install/hardware_interface/lib:/home/prashun/ros2_ws/install/ros2_control_test_assets/lib:/home/prashun/ros2_ws/install/joint_limits/lib:${LD_LIBRARY_PATH} /usr/bin/cmake --build /home/prashun/ros2_ws/build/controller_interface -- -j8 -l8
[2.133s] Invoking command in '/home/prashun/ros2_ws/build/controller_interface': AMENT_PREFIX_PATH=/home/prashun/ros2_ws/install/hardware_interface:/home/prashun/ros2_ws/install/ros2_control_test_assets:/home/prashun/ros2_ws/install/joint_limits:${AMENT_PREFIX_PATH} CMAKE_PREFIX_PATH=/home/prashun/ros2_ws/install/hardware_interface:/home/prashun/ros2_ws/install/ros2_control_test_assets:/home/prashun/ros2_ws/install/joint_limits:/home/prashun/ros2_ws/install/uno:/opt/ros/humble LD_LIBRARY_PATH=/home/prashun/ros2_ws/install/hardware_interface/lib:/home/prashun/ros2_ws/install/ros2_control_test_assets/lib:/home/prashun/ros2_ws/install/joint_limits/lib:${LD_LIBRARY_PATH} /usr/bin/cmake --install /home/prashun/ros2_ws/build/controller_interface
[2.144s] -- Install configuration: ""
[2.144s] -- Execute custom install script
[2.145s] -- Up-to-date symlink: /home/prashun/ros2_ws/install/controller_interface/test/test_controller_node_options.yaml
[2.145s] -- Up-to-date symlink: /home/prashun/ros2_ws/install/controller_interface/include/controller_interface/controller_interface/async_controller.hpp
[2.145s] -- Up-to-date symlink: /home/prashun/ros2_ws/install/controller_interface/include/controller_interface/controller_interface/chainable_controller_interface.hpp
[2.146s] -- Up-to-date symlink: /home/prashun/ros2_ws/install/controller_interface/include/controller_interface/controller_interface/controller_interface.hpp
[2.146s] -- Up-to-date symlink: /home/prashun/ros2_ws/install/controller_interface/include/controller_interface/controller_interface/controller_interface_base.hpp
[2.146s] -- Up-to-date symlink: /home/prashun/ros2_ws/install/controller_interface/include/controller_interface/controller_interface/helpers.hpp
[2.147s] -- Up-to-date symlink: /home/prashun/ros2_ws/install/controller_interface/include/controller_interface/controller_interface/visibility_control.h
[2.147s] -- Up-to-date symlink: /home/prashun/ros2_ws/install/controller_interface/include/controller_interface/semantic_components/force_torque_sensor.hpp
[2.147s] -- Up-to-date symlink: /home/prashun/ros2_ws/install/controller_interface/include/controller_interface/semantic_components/imu_sensor.hpp
[2.147s] -- Up-to-date symlink: /home/prashun/ros2_ws/install/controller_interface/include/controller_interface/semantic_components/pose_sensor.hpp
[2.147s] -- Up-to-date symlink: /home/prashun/ros2_ws/install/controller_interface/include/controller_interface/semantic_components/range_sensor.hpp
[2.147s] -- Up-to-date symlink: /home/prashun/ros2_ws/install/controller_interface/include/controller_interface/semantic_components/semantic_component_interface.hpp
[2.148s] -- Up-to-date symlink: /home/prashun/ros2_ws/install/controller_interface/share/controller_interface/environment/library_path.sh
[2.148s] -- Up-to-date symlink: /home/prashun/ros2_ws/install/controller_interface/share/controller_interface/environment/library_path.dsv
[2.148s] -- Up-to-date symlink: /home/prashun/ros2_ws/install/controller_interface/share/ament_index/resource_index/package_run_dependencies/controller_interface
[2.148s] -- Up-to-date symlink: /home/prashun/ros2_ws/install/controller_interface/share/ament_index/resource_index/parent_prefix_path/controller_interface
[2.149s] -- Up-to-date symlink: /home/prashun/ros2_ws/install/controller_interface/share/controller_interface/environment/ament_prefix_path.sh
[2.149s] -- Up-to-date symlink: /home/prashun/ros2_ws/install/controller_interface/share/controller_interface/environment/ament_prefix_path.dsv
[2.150s] -- Up-to-date symlink: /home/prashun/ros2_ws/install/controller_interface/share/controller_interface/environment/path.sh
[2.150s] -- Up-to-date symlink: /home/prashun/ros2_ws/install/controller_interface/share/controller_interface/environment/path.dsv
[2.150s] -- Up-to-date symlink: /home/prashun/ros2_ws/install/controller_interface/share/controller_interface/local_setup.bash
[2.151s] -- Up-to-date symlink: /home/prashun/ros2_ws/install/controller_interface/share/controller_interface/local_setup.sh
[2.151s] -- Up-to-date symlink: /home/prashun/ros2_ws/install/controller_interface/share/controller_interface/local_setup.zsh
[2.151s] -- Up-to-date symlink: /home/prashun/ros2_ws/install/controller_interface/share/controller_interface/local_setup.dsv
[2.151s] -- Symlinking: /home/prashun/ros2_ws/install/controller_interface/share/controller_interface/package.dsv
[2.161s] -- Up-to-date symlink: /home/prashun/ros2_ws/install/controller_interface/share/ament_index/resource_index/packages/controller_interface
[2.161s] -- Up-to-date symlink: /home/prashun/ros2_ws/install/controller_interface/share/controller_interface/cmake/ament_cmake_export_targets-extras.cmake
[2.161s] -- Up-to-date symlink: /home/prashun/ros2_ws/install/controller_interface/share/controller_interface/cmake/ament_cmake_export_dependencies-extras.cmake
[2.162s] -- Up-to-date symlink: /home/prashun/ros2_ws/install/controller_interface/share/controller_interface/cmake/controller_interfaceConfig.cmake
[2.162s] -- Up-to-date symlink: /home/prashun/ros2_ws/install/controller_interface/share/controller_interface/cmake/controller_interfaceConfig-version.cmake
[2.162s] -- Up-to-date symlink: /home/prashun/ros2_ws/install/controller_interface/share/controller_interface/package.xml
[2.162s] -- Up-to-date symlink: /home/prashun/ros2_ws/install/controller_interface/include/controller_interface/controller_interface/version.h
[2.163s] -- Up-to-date: /home/prashun/ros2_ws/install/controller_interface/lib/libcontroller_interface.so
[2.163s] -- Up-to-date: /home/prashun/ros2_ws/install/controller_interface/share/controller_interface/cmake/export_controller_interfaceExport.cmake
[2.163s] -- Up-to-date: /home/prashun/ros2_ws/install/controller_interface/share/controller_interface/cmake/export_controller_interfaceExport-noconfig.cmake
[2.167s] Invoked command in '/home/prashun/ros2_ws/build/controller_interface' returned '0': AMENT_PREFIX_PATH=/home/prashun/ros2_ws/install/hardware_interface:/home/prashun/ros2_ws/install/ros2_control_test_assets:/home/prashun/ros2_ws/install/joint_limits:${AMENT_PREFIX_PATH} CMAKE_PREFIX_PATH=/home/prashun/ros2_ws/install/hardware_interface:/home/prashun/ros2_ws/install/ros2_control_test_assets:/home/prashun/ros2_ws/install/joint_limits:/home/prashun/ros2_ws/install/uno:/opt/ros/humble LD_LIBRARY_PATH=/home/prashun/ros2_ws/install/hardware_interface/lib:/home/prashun/ros2_ws/install/ros2_control_test_assets/lib:/home/prashun/ros2_ws/install/joint_limits/lib:${LD_LIBRARY_PATH} /usr/bin/cmake --install /home/prashun/ros2_ws/build/controller_interface
