[0.092s] Invoking command in '/home/prashun/ros2_ws/build/transmission_interface': AMENT_PREFIX_PATH=/home/prashun/ros2_ws/install/hardware_interface:/home/prashun/ros2_ws/install/ros2_control_test_assets:/home/prashun/ros2_ws/install/joint_limits:${AMENT_PREFIX_PATH} CMAKE_PREFIX_PATH=/home/prashun/ros2_ws/install/hardware_interface:/home/prashun/ros2_ws/install/ros2_control_test_assets:/home/prashun/ros2_ws/install/joint_limits:/home/prashun/ros2_ws/install/uno:/opt/ros/humble LD_LIBRARY_PATH=/home/prashun/ros2_ws/install/hardware_interface/lib:/home/prashun/ros2_ws/install/ros2_control_test_assets/lib:/home/prashun/ros2_ws/install/joint_limits/lib:${LD_LIBRARY_PATH} /usr/bin/cmake /home/prashun/ros2_ws/src/ros2_control/transmission_interface -DCMAKE_INSTALL_PREFIX=/home/prashun/ros2_ws/install/transmission_interface
[0.109s] -- Found ament_cmake: 1.3.10 (/opt/ros/humble/share/ament_cmake/cmake)
[0.333s] -- Override CMake install command with custom implementation using symlinks instead of copying resources
[0.346s] -- Found hardware_interface: 4.18.0 (/home/prashun/ros2_ws/install/hardware_interface/share/hardware_interface/cmake)
[0.392s] -- Found rosidl_generator_c: 3.1.5 (/opt/ros/humble/share/rosidl_generator_c/cmake)
[0.396s] -- Found rosidl_adapter: 3.1.5 (/opt/ros/humble/share/rosidl_adapter/cmake)
[0.406s] -- Found rosidl_generator_cpp: 3.1.5 (/opt/ros/humble/share/rosidl_generator_cpp/cmake)
[0.425s] -- Using all available rosidl_typesupport_c: rosidl_typesupport_fastrtps_c;rosidl_typesupport_introspection_c
[0.450s] -- Using all available rosidl_typesupport_cpp: rosidl_typesupport_fastrtps_cpp;rosidl_typesupport_introspection_cpp
[0.791s] -- Found rmw_implementation_cmake: 6.1.2 (/opt/ros/humble/share/rmw_implementation_cmake/cmake)
[0.791s] -- Found rmw_fastrtps_cpp: 6.2.7 (/opt/ros/humble/share/rmw_fastrtps_cpp/cmake)
[0.826s] -- Found TinyXML2 via Config file: TinyXML2_DIR-NOTFOUND
[0.840s] -- Found TinyXML2 via Config file: TinyXML2_DIR-NOTFOUND
[0.871s] -- Found TinyXML2 via Config file: TinyXML2_DIR-NOTFOUND
[0.882s] -- Found TinyXML2 via Config file: TinyXML2_DIR-NOTFOUND
[0.895s] -- Using RMW implementation 'rmw_fastrtps_cpp' as default
[0.996s] -- Found ament_cmake_gmock: 1.3.10 (/opt/ros/humble/share/ament_cmake_gmock/cmake)
[0.996s] -- Found ros2_control_test_assets: 4.18.0 (/home/prashun/ros2_ws/install/ros2_control_test_assets/share/ros2_control_test_assets/cmake)
[0.997s] -- Found gmock sources under '/opt/ros/humble/src/gmock_vendor': C++ tests using 'Google Mock' will be built
[1.003s] -- Found ament_cmake_gtest: 1.3.10 (/opt/ros/humble/share/ament_cmake_gtest/cmake)
[1.003s] -- Found gtest sources under '/opt/ros/humble/src/gtest_vendor': C++ tests using 'Google Test' will be built
[1.153s] -- Configuring done
[1.264s] -- Generating done
[1.269s] -- Build files have been written to: /home/prashun/ros2_ws/build/transmission_interface
[1.597s] Invoked command in '/home/prashun/ros2_ws/build/transmission_interface' returned '0': AMENT_PREFIX_PATH=/home/prashun/ros2_ws/install/hardware_interface:/home/prashun/ros2_ws/install/ros2_control_test_assets:/home/prashun/ros2_ws/install/joint_limits:${AMENT_PREFIX_PATH} CMAKE_PREFIX_PATH=/home/prashun/ros2_ws/install/hardware_interface:/home/prashun/ros2_ws/install/ros2_control_test_assets:/home/prashun/ros2_ws/install/joint_limits:/home/prashun/ros2_ws/install/uno:/opt/ros/humble LD_LIBRARY_PATH=/home/prashun/ros2_ws/install/hardware_interface/lib:/home/prashun/ros2_ws/install/ros2_control_test_assets/lib:/home/prashun/ros2_ws/install/joint_limits/lib:${LD_LIBRARY_PATH} /usr/bin/cmake /home/prashun/ros2_ws/src/ros2_control/transmission_interface -DCMAKE_INSTALL_PREFIX=/home/prashun/ros2_ws/install/transmission_interface
[1.599s] Invoking command in '/home/prashun/ros2_ws/build/transmission_interface': AMENT_PREFIX_PATH=/home/prashun/ros2_ws/install/hardware_interface:/home/prashun/ros2_ws/install/ros2_control_test_assets:/home/prashun/ros2_ws/install/joint_limits:${AMENT_PREFIX_PATH} CMAKE_PREFIX_PATH=/home/prashun/ros2_ws/install/hardware_interface:/home/prashun/ros2_ws/install/ros2_control_test_assets:/home/prashun/ros2_ws/install/joint_limits:/home/prashun/ros2_ws/install/uno:/opt/ros/humble LD_LIBRARY_PATH=/home/prashun/ros2_ws/install/hardware_interface/lib:/home/prashun/ros2_ws/install/ros2_control_test_assets/lib:/home/prashun/ros2_ws/install/joint_limits/lib:${LD_LIBRARY_PATH} /usr/bin/cmake --build /home/prashun/ros2_ws/build/transmission_interface -- -j8 -l8
[1.680s] [35m[1mConsolidate compiler generated dependencies of target gmock_main[0m
[1.687s] [35m[1mConsolidate compiler generated dependencies of target gmock[0m
[1.706s] [  8%] Built target gmock_main
[1.716s] [ 12%] Built target ament_generate_version_header__transmission_interface
[1.740s] [ 25%] Built target gmock
[1.745s] [35m[1mConsolidate compiler generated dependencies of target transmission_interface[0m
[1.768s] [35m[1mConsolidate compiler generated dependencies of target test_utils[0m
[1.777s] [ 41%] Built target transmission_interface
[1.796s] [ 50%] Built target test_utils
[1.800s] [35m[1mConsolidate compiler generated dependencies of target test_simple_transmission[0m
[1.802s] [35m[1mConsolidate compiler generated dependencies of target test_differential_transmission[0m
[1.814s] [35m[1mConsolidate compiler generated dependencies of target test_four_bar_linkage_transmission_loader[0m
[1.821s] [35m[1mConsolidate compiler generated dependencies of target test_differential_transmission_loader[0m
[1.829s] [35m[1mConsolidate compiler generated dependencies of target test_four_bar_linkage_transmission[0m
[1.837s] [35m[1mConsolidate compiler generated dependencies of target test_simple_transmission_loader[0m
[1.863s] [ 58%] Built target test_simple_transmission
[1.863s] [ 66%] Built target test_differential_transmission
[1.875s] [ 75%] Built target test_differential_transmission_loader
[1.880s] [ 83%] Built target test_four_bar_linkage_transmission
[1.882s] [ 91%] Built target test_simple_transmission_loader
[1.883s] [100%] Built target test_four_bar_linkage_transmission_loader
[1.915s] Invoked command in '/home/prashun/ros2_ws/build/transmission_interface' returned '0': AMENT_PREFIX_PATH=/home/prashun/ros2_ws/install/hardware_interface:/home/prashun/ros2_ws/install/ros2_control_test_assets:/home/prashun/ros2_ws/install/joint_limits:${AMENT_PREFIX_PATH} CMAKE_PREFIX_PATH=/home/prashun/ros2_ws/install/hardware_interface:/home/prashun/ros2_ws/install/ros2_control_test_assets:/home/prashun/ros2_ws/install/joint_limits:/home/prashun/ros2_ws/install/uno:/opt/ros/humble LD_LIBRARY_PATH=/home/prashun/ros2_ws/install/hardware_interface/lib:/home/prashun/ros2_ws/install/ros2_control_test_assets/lib:/home/prashun/ros2_ws/install/joint_limits/lib:${LD_LIBRARY_PATH} /usr/bin/cmake --build /home/prashun/ros2_ws/build/transmission_interface -- -j8 -l8
[2.045s] Invoking command in '/home/prashun/ros2_ws/build/transmission_interface': AMENT_PREFIX_PATH=/home/prashun/ros2_ws/install/hardware_interface:/home/prashun/ros2_ws/install/ros2_control_test_assets:/home/prashun/ros2_ws/install/joint_limits:${AMENT_PREFIX_PATH} CMAKE_PREFIX_PATH=/home/prashun/ros2_ws/install/hardware_interface:/home/prashun/ros2_ws/install/ros2_control_test_assets:/home/prashun/ros2_ws/install/joint_limits:/home/prashun/ros2_ws/install/uno:/opt/ros/humble LD_LIBRARY_PATH=/home/prashun/ros2_ws/install/hardware_interface/lib:/home/prashun/ros2_ws/install/ros2_control_test_assets/lib:/home/prashun/ros2_ws/install/joint_limits/lib:${LD_LIBRARY_PATH} /usr/bin/cmake --install /home/prashun/ros2_ws/build/transmission_interface
[2.055s] -- Install configuration: ""
[2.055s] -- Execute custom install script
[2.056s] -- Up-to-date symlink: /home/prashun/ros2_ws/install/transmission_interface/share/transmission_interface//ros2_control_plugins.xml
[2.056s] -- Up-to-date symlink: /home/prashun/ros2_ws/install/transmission_interface/include/transmission_interface/transmission_interface/accessor.hpp
[2.056s] -- Up-to-date symlink: /home/prashun/ros2_ws/install/transmission_interface/include/transmission_interface/transmission_interface/differential_transmission.hpp
[2.056s] -- Up-to-date symlink: /home/prashun/ros2_ws/install/transmission_interface/include/transmission_interface/transmission_interface/differential_transmission_loader.hpp
[2.057s] -- Up-to-date symlink: /home/prashun/ros2_ws/install/transmission_interface/include/transmission_interface/transmission_interface/exception.hpp
[2.057s] -- Up-to-date symlink: /home/prashun/ros2_ws/install/transmission_interface/include/transmission_interface/transmission_interface/four_bar_linkage_transmission.hpp
[2.057s] -- Up-to-date symlink: /home/prashun/ros2_ws/install/transmission_interface/include/transmission_interface/transmission_interface/four_bar_linkage_transmission_loader.hpp
[2.057s] -- Up-to-date symlink: /home/prashun/ros2_ws/install/transmission_interface/include/transmission_interface/transmission_interface/handle.hpp
[2.059s] -- Up-to-date symlink: /home/prashun/ros2_ws/install/transmission_interface/include/transmission_interface/transmission_interface/simple_transmission.hpp
[2.059s] -- Up-to-date symlink: /home/prashun/ros2_ws/install/transmission_interface/include/transmission_interface/transmission_interface/simple_transmission_loader.hpp
[2.061s] -- Up-to-date symlink: /home/prashun/ros2_ws/install/transmission_interface/include/transmission_interface/transmission_interface/transmission.hpp
[2.061s] -- Up-to-date symlink: /home/prashun/ros2_ws/install/transmission_interface/include/transmission_interface/transmission_interface/transmission_interface_exception.hpp
[2.061s] -- Up-to-date symlink: /home/prashun/ros2_ws/install/transmission_interface/include/transmission_interface/transmission_interface/transmission_loader.hpp
[2.061s] -- Up-to-date symlink: /home/prashun/ros2_ws/install/transmission_interface/include/transmission_interface/transmission_interface/visibility_control.h
[2.061s] -- Up-to-date symlink: /home/prashun/ros2_ws/install/transmission_interface/share/transmission_interface/environment/library_path.sh
[2.061s] -- Up-to-date symlink: /home/prashun/ros2_ws/install/transmission_interface/share/transmission_interface/environment/library_path.dsv
[2.061s] -- Up-to-date symlink: /home/prashun/ros2_ws/install/transmission_interface/share/ament_index/resource_index/package_run_dependencies/transmission_interface
[2.061s] -- Up-to-date symlink: /home/prashun/ros2_ws/install/transmission_interface/share/ament_index/resource_index/parent_prefix_path/transmission_interface
[2.062s] -- Up-to-date symlink: /home/prashun/ros2_ws/install/transmission_interface/share/transmission_interface/environment/ament_prefix_path.sh
[2.062s] -- Up-to-date symlink: /home/prashun/ros2_ws/install/transmission_interface/share/transmission_interface/environment/ament_prefix_path.dsv
[2.062s] -- Up-to-date symlink: /home/prashun/ros2_ws/install/transmission_interface/share/transmission_interface/environment/path.sh
[2.063s] -- Up-to-date symlink: /home/prashun/ros2_ws/install/transmission_interface/share/transmission_interface/environment/path.dsv
[2.065s] -- Up-to-date symlink: /home/prashun/ros2_ws/install/transmission_interface/share/transmission_interface/local_setup.bash
[2.065s] -- Up-to-date symlink: /home/prashun/ros2_ws/install/transmission_interface/share/transmission_interface/local_setup.sh
[2.066s] -- Up-to-date symlink: /home/prashun/ros2_ws/install/transmission_interface/share/transmission_interface/local_setup.zsh
[2.066s] -- Up-to-date symlink: /home/prashun/ros2_ws/install/transmission_interface/share/transmission_interface/local_setup.dsv
[2.066s] -- Symlinking: /home/prashun/ros2_ws/install/transmission_interface/share/transmission_interface/package.dsv
[2.076s] -- Up-to-date symlink: /home/prashun/ros2_ws/install/transmission_interface/share/ament_index/resource_index/packages/transmission_interface
[2.077s] -- Up-to-date symlink: /home/prashun/ros2_ws/install/transmission_interface/share/ament_index/resource_index/transmission_interface__pluginlib__plugin/transmission_interface
[2.078s] -- Up-to-date symlink: /home/prashun/ros2_ws/install/transmission_interface/share/transmission_interface/cmake/ament_cmake_export_targets-extras.cmake
[2.078s] -- Up-to-date symlink: /home/prashun/ros2_ws/install/transmission_interface/share/transmission_interface/cmake/ament_cmake_export_dependencies-extras.cmake
[2.079s] -- Up-to-date symlink: /home/prashun/ros2_ws/install/transmission_interface/share/transmission_interface/cmake/transmission_interfaceConfig.cmake
[2.079s] -- Up-to-date symlink: /home/prashun/ros2_ws/install/transmission_interface/share/transmission_interface/cmake/transmission_interfaceConfig-version.cmake
[2.079s] -- Up-to-date symlink: /home/prashun/ros2_ws/install/transmission_interface/share/transmission_interface/package.xml
[2.080s] -- Up-to-date symlink: /home/prashun/ros2_ws/install/transmission_interface/include/transmission_interface/transmission_interface/version.h
[2.081s] -- Up-to-date: /home/prashun/ros2_ws/install/transmission_interface/lib/libtransmission_interface.so
[2.081s] -- Up-to-date: /home/prashun/ros2_ws/install/transmission_interface/share/transmission_interface/cmake/export_transmission_interfaceExport.cmake
[2.082s] -- Up-to-date: /home/prashun/ros2_ws/install/transmission_interface/share/transmission_interface/cmake/export_transmission_interfaceExport-noconfig.cmake
[2.086s] Invoked command in '/home/prashun/ros2_ws/build/transmission_interface' returned '0': AMENT_PREFIX_PATH=/home/prashun/ros2_ws/install/hardware_interface:/home/prashun/ros2_ws/install/ros2_control_test_assets:/home/prashun/ros2_ws/install/joint_limits:${AMENT_PREFIX_PATH} CMAKE_PREFIX_PATH=/home/prashun/ros2_ws/install/hardware_interface:/home/prashun/ros2_ws/install/ros2_control_test_assets:/home/prashun/ros2_ws/install/joint_limits:/home/prashun/ros2_ws/install/uno:/opt/ros/humble LD_LIBRARY_PATH=/home/prashun/ros2_ws/install/hardware_interface/lib:/home/prashun/ros2_ws/install/ros2_control_test_assets/lib:/home/prashun/ros2_ws/install/joint_limits/lib:${LD_LIBRARY_PATH} /usr/bin/cmake --install /home/prashun/ros2_ws/build/transmission_interface
