[0.012s] Invoking command in '/home/prashun/ros2_ws/build/uno': CMAKE_PREFIX_PATH=${CMAKE_PREFIX_PATH}:/opt/ros/humble /usr/bin/cmake --build /home/prashun/ros2_ws/build/uno -- -j8 -l8
[0.034s] -- Found ament_cmake: 1.3.10 (/opt/ros/humble/share/ament_cmake/cmake)
[0.139s] -- Found rclcpp: 16.0.10 (/opt/ros/humble/share/rclcpp/cmake)
[0.171s] -- Found rosidl_generator_c: 3.1.5 (/opt/ros/humble/share/rosidl_generator_c/cmake)
[0.173s] -- Found rosidl_adapter: 3.1.5 (/opt/ros/humble/share/rosidl_adapter/cmake)
[0.178s] -- Found rosidl_generator_cpp: 3.1.5 (/opt/ros/humble/share/rosidl_generator_cpp/cmake)
[0.188s] -- Using all available rosidl_typesupport_c: rosidl_typesupport_fastrtps_c;rosidl_typesupport_introspection_c
[0.199s] -- Using all available rosidl_typesupport_cpp: rosidl_typesupport_fastrtps_cpp;rosidl_typesupport_introspection_cpp
[0.232s] -- Found rmw_implementation_cmake: 6.1.2 (/opt/ros/humble/share/rmw_implementation_cmake/cmake)
[0.233s] -- Found rmw_fastrtps_cpp: 6.2.7 (/opt/ros/humble/share/rmw_fastrtps_cpp/cmake)
[0.316s] -- Using RMW implementation 'rmw_fastrtps_cpp' as default
[0.365s] -- Found ament_lint_auto: 0.12.11 (/opt/ros/humble/share/ament_lint_auto/cmake)
[0.451s] -- Added test 'flake8' to check Python code syntax and style conventions
[0.452s] -- Added test 'lint_cmake' to check CMake code style
[0.452s] -- Added test 'pep257' to check Python code against some of the docstring style conventions in PEP 257
[0.454s] -- Added test 'xmllint' to check XML markup files
[0.455s] -- Configuring done
[0.460s] -- Generating done
[0.462s] -- Build files have been written to: /home/prashun/ros2_ws/build/uno
[0.488s] Invoked command in '/home/prashun/ros2_ws/build/uno' returned '0': CMAKE_PREFIX_PATH=${CMAKE_PREFIX_PATH}:/opt/ros/humble /usr/bin/cmake --build /home/prashun/ros2_ws/build/uno -- -j8 -l8
[0.516s] Invoking command in '/home/prashun/ros2_ws/build/uno': CMAKE_PREFIX_PATH=${CMAKE_PREFIX_PATH}:/opt/ros/humble /usr/bin/cmake --install /home/prashun/ros2_ws/build/uno
[0.526s] -- Install configuration: ""
[0.526s] -- Installing: /home/prashun/ros2_ws/install/uno/share/uno/config
[0.527s] -- Installing: /home/prashun/ros2_ws/install/uno/share/uno/config/controller.yaml
[0.527s] -- Up-to-date: /home/prashun/ros2_ws/install/uno/share/uno/sdf
[0.527s] -- Up-to-date: /home/prashun/ros2_ws/install/uno/share/uno/sdf/empty_room.sdf
[0.527s] -- Up-to-date: /home/prashun/ros2_ws/install/uno/share/uno/urdf
[0.527s] -- Up-to-date: /home/prashun/ros2_ws/install/uno/share/uno/urdf/diff_drive_robot.urdf
[0.527s] -- Up-to-date: /home/prashun/ros2_ws/install/uno/share/uno/launch
[0.527s] -- Installing: /home/prashun/ros2_ws/install/uno/share/uno/launch/display.robot.launch.py
[0.527s] -- Up-to-date: /home/prashun/ros2_ws/install/uno/share/uno/launch/display.robotinenviornment.launch.py
[0.527s] -- Up-to-date: /home/prashun/ros2_ws/install/uno/share/uno/launch/display.enviornment.launch.py
[0.527s] -- Up-to-date: /home/prashun/ros2_ws/install/uno/share/ament_index/resource_index/package_run_dependencies/uno
[0.527s] -- Up-to-date: /home/prashun/ros2_ws/install/uno/share/ament_index/resource_index/parent_prefix_path/uno
[0.528s] -- Up-to-date: /home/prashun/ros2_ws/install/uno/share/uno/environment/ament_prefix_path.sh
[0.528s] -- Installing: /home/prashun/ros2_ws/install/uno/share/uno/environment/ament_prefix_path.dsv
[0.528s] -- Up-to-date: /home/prashun/ros2_ws/install/uno/share/uno/environment/path.sh
[0.528s] -- Installing: /home/prashun/ros2_ws/install/uno/share/uno/environment/path.dsv
[0.528s] -- Up-to-date: /home/prashun/ros2_ws/install/uno/share/uno/local_setup.bash
[0.528s] -- Up-to-date: /home/prashun/ros2_ws/install/uno/share/uno/local_setup.sh
[0.528s] -- Up-to-date: /home/prashun/ros2_ws/install/uno/share/uno/local_setup.zsh
[0.528s] -- Installing: /home/prashun/ros2_ws/install/uno/share/uno/local_setup.dsv
[0.528s] -- Installing: /home/prashun/ros2_ws/install/uno/share/uno/package.dsv
[0.528s] -- Up-to-date: /home/prashun/ros2_ws/install/uno/share/ament_index/resource_index/packages/uno
[0.528s] -- Up-to-date: /home/prashun/ros2_ws/install/uno/share/uno/cmake/unoConfig.cmake
[0.529s] -- Up-to-date: /home/prashun/ros2_ws/install/uno/share/uno/cmake/unoConfig-version.cmake
[0.529s] -- Up-to-date: /home/prashun/ros2_ws/install/uno/share/uno/package.xml
[0.530s] Invoked command in '/home/prashun/ros2_ws/build/uno' returned '0': CMAKE_PREFIX_PATH=${CMAKE_PREFIX_PATH}:/opt/ros/humble /usr/bin/cmake --install /home/prashun/ros2_ws/build/uno
