-- Found ament_cmake: 1.3.10 (/opt/ros/humble/share/ament_cmake/cmake)
-- Override CMake install command with custom implementation using symlinks instead of copying resources
-- Found pluginlib: 5.1.0 (/opt/ros/humble/share/pluginlib/cmake)
-- Found realtime_tools: 2.6.0 (/opt/ros/humble/share/realtime_tools/cmake)
-- Found rosidl_generator_c: 3.1.5 (/opt/ros/humble/share/rosidl_generator_c/cmake)
-- Found rosidl_adapter: 3.1.5 (/opt/ros/humble/share/rosidl_adapter/cmake)
-- Found rosidl_generator_cpp: 3.1.5 (/opt/ros/humble/share/rosidl_generator_cpp/cmake)
-- Using all available rosidl_typesupport_c: rosidl_typesupport_fastrtps_c;rosidl_typesupport_introspection_c
-- Using all available rosidl_typesupport_cpp: rosidl_typesupport_fastrtps_cpp;rosidl_typesupport_introspection_cpp
-- Found rmw_implementation_cmake: 6.1.2 (/opt/ros/humble/share/rmw_implementation_cmake/cmake)
-- Found rmw_fastrtps_cpp: 6.2.7 (/opt/ros/humble/share/rmw_fastrtps_cpp/cmake)
-- Found TinyXML2 via Config file: TinyXML2_DIR-NOTFOUND
-- Found TinyXML2 via Config file: TinyXML2_DIR-NOTFOUND
-- Found TinyXML2 via Config file: TinyXML2_DIR-NOTFOUND
-- Found TinyXML2 via Config file: TinyXML2_DIR-NOTFOUND
-- Using RMW implementation 'rmw_fastrtps_cpp' as default
-- Found rclcpp_lifecycle: 16.0.10 (/opt/ros/humble/share/rclcpp_lifecycle/cmake)
-- Found trajectory_msgs: 4.2.4 (/opt/ros/humble/share/trajectory_msgs/cmake)
-- Found urdf: 2.6.1 (/opt/ros/humble/share/urdf/cmake)
-- Found ament_cmake_gtest: 1.3.10 (/opt/ros/humble/share/ament_cmake_gtest/cmake)
-- Found ament_cmake_gmock: 1.3.10 (/opt/ros/humble/share/ament_cmake_gmock/cmake)
-- Found generate_parameter_library: 0.3.8 (/opt/ros/humble/share/generate_parameter_library/cmake)
-- Found parameter_traits: 0.3.8 (/opt/ros/humble/share/parameter_traits/cmake)
-- Found launch_testing_ament_cmake: 1.0.6 (/opt/ros/humble/share/launch_testing_ament_cmake/cmake)
-- Found python_cmake_module: 0.10.0 (/opt/ros/humble/share/python_cmake_module/cmake)
-- Using PYTHON_EXECUTABLE: /usr/bin/python3
-- Using PYTHON_INCLUDE_DIRS: /usr/include/python3.10
-- Using PYTHON_LIBRARIES: /usr/lib/x86_64-linux-gnu/libpython3.10.so
-- Found gtest sources under '/opt/ros/humble/src/gtest_vendor': C++ tests using 'Google Test' will be built
-- Found gmock sources under '/opt/ros/humble/src/gmock_vendor': C++ tests using 'Google Mock' will be built
-- Configuring done
-- Generating done
-- Build files have been written to: /home/prashun/ros2_ws/build/joint_limits
[35m[1mConsolidate compiler generated dependencies of target gtest[0m
[35m[1mConsolidate compiler generated dependencies of target gmock[0m
[35m[1mConsolidate compiler generated dependencies of target gtest_main[0m
[35m[1mConsolidate compiler generated dependencies of target joint_saturation_limiter[0m
[35m[1mConsolidate compiler generated dependencies of target joint_limiter_interface[0m
[  5%] Built target ament_generate_version_header__joint_limits
[ 16%] Built target gtest_main
[ 27%] Built target gtest
[ 38%] Built target joint_saturation_limiter
[ 55%] Built target gmock
[ 66%] Built target joint_limiter_interface
[35m[1mConsolidate compiler generated dependencies of target joint_limits_urdf_test[0m
[35m[1mConsolidate compiler generated dependencies of target joint_limits_rosparam_test[0m
[35m[1mConsolidate compiler generated dependencies of target test_joint_saturation_limiter[0m
[ 77%] Built target joint_limits_urdf_test
[ 88%] Built target joint_limits_rosparam_test
[100%] Built target test_joint_saturation_limiter
-- Install configuration: ""
-- Execute custom install script
-- Up-to-date symlink: /home/prashun/ros2_ws/install/joint_limits/share/joint_limits//joint_limiters.xml
-- Up-to-date symlink: /home/prashun/ros2_ws/install/joint_limits/lib/joint_limits/joint_limits_rosparam_test
-- Up-to-date symlink: /home/prashun/ros2_ws/install/joint_limits/share/joint_limits/test/joint_limits_rosparam.yaml
-- Up-to-date symlink: /home/prashun/ros2_ws/install/joint_limits/share/joint_limits/test/joint_saturation_limiter_param.yaml
-- Up-to-date symlink: /home/prashun/ros2_ws/install/joint_limits/include/joint_limits/joint_limits/joint_limiter_interface.hpp
-- Up-to-date symlink: /home/prashun/ros2_ws/install/joint_limits/include/joint_limits/joint_limits/joint_limits.hpp
-- Up-to-date symlink: /home/prashun/ros2_ws/install/joint_limits/include/joint_limits/joint_limits/joint_limits_rosparam.hpp
-- Up-to-date symlink: /home/prashun/ros2_ws/install/joint_limits/include/joint_limits/joint_limits/joint_limits_urdf.hpp
-- Up-to-date symlink: /home/prashun/ros2_ws/install/joint_limits/include/joint_limits/joint_limits/joint_saturation_limiter.hpp
-- Up-to-date symlink: /home/prashun/ros2_ws/install/joint_limits/include/joint_limits/joint_limits/visibility_control.h
-- Up-to-date symlink: /home/prashun/ros2_ws/install/joint_limits/share/joint_limits/environment/library_path.sh
-- Up-to-date symlink: /home/prashun/ros2_ws/install/joint_limits/share/joint_limits/environment/library_path.dsv
-- Up-to-date symlink: /home/prashun/ros2_ws/install/joint_limits/share/ament_index/resource_index/package_run_dependencies/joint_limits
-- Up-to-date symlink: /home/prashun/ros2_ws/install/joint_limits/share/ament_index/resource_index/parent_prefix_path/joint_limits
-- Up-to-date symlink: /home/prashun/ros2_ws/install/joint_limits/share/joint_limits/environment/ament_prefix_path.sh
-- Up-to-date symlink: /home/prashun/ros2_ws/install/joint_limits/share/joint_limits/environment/ament_prefix_path.dsv
-- Up-to-date symlink: /home/prashun/ros2_ws/install/joint_limits/share/joint_limits/environment/path.sh
-- Up-to-date symlink: /home/prashun/ros2_ws/install/joint_limits/share/joint_limits/environment/path.dsv
-- Up-to-date symlink: /home/prashun/ros2_ws/install/joint_limits/share/joint_limits/local_setup.bash
-- Up-to-date symlink: /home/prashun/ros2_ws/install/joint_limits/share/joint_limits/local_setup.sh
-- Up-to-date symlink: /home/prashun/ros2_ws/install/joint_limits/share/joint_limits/local_setup.zsh
-- Up-to-date symlink: /home/prashun/ros2_ws/install/joint_limits/share/joint_limits/local_setup.dsv
-- Symlinking: /home/prashun/ros2_ws/install/joint_limits/share/joint_limits/package.dsv
-- Up-to-date symlink: /home/prashun/ros2_ws/install/joint_limits/share/ament_index/resource_index/packages/joint_limits
-- Up-to-date symlink: /home/prashun/ros2_ws/install/joint_limits/share/ament_index/resource_index/joint_limits__pluginlib__plugin/joint_limits
-- Up-to-date symlink: /home/prashun/ros2_ws/install/joint_limits/share/joint_limits/cmake/ament_cmake_export_targets-extras.cmake
-- Up-to-date symlink: /home/prashun/ros2_ws/install/joint_limits/share/joint_limits/cmake/ament_cmake_export_dependencies-extras.cmake
-- Up-to-date symlink: /home/prashun/ros2_ws/install/joint_limits/share/joint_limits/cmake/joint_limitsConfig.cmake
-- Up-to-date symlink: /home/prashun/ros2_ws/install/joint_limits/share/joint_limits/cmake/joint_limitsConfig-version.cmake
-- Up-to-date symlink: /home/prashun/ros2_ws/install/joint_limits/share/joint_limits/package.xml
-- Up-to-date symlink: /home/prashun/ros2_ws/install/joint_limits/include/joint_limits/joint_limits/version.h
-- Up-to-date: /home/prashun/ros2_ws/install/joint_limits/lib/libjoint_limiter_interface.so
-- Up-to-date: /home/prashun/ros2_ws/install/joint_limits/lib/libjoint_saturation_limiter.so
-- Up-to-date: /home/prashun/ros2_ws/install/joint_limits/share/joint_limits/cmake/export_joint_limitsExport.cmake
-- Up-to-date: /home/prashun/ros2_ws/install/joint_limits/share/joint_limits/cmake/export_joint_limitsExport-noconfig.cmake
