[0.037s] Invoking command in '/home/prashun/ros2_ws/build/joint_limits': CMAKE_PREFIX_PATH=${CMAKE_PREFIX_PATH}:/opt/ros/humble /usr/bin/cmake /home/prashun/ros2_ws/src/ros2_control/joint_limits -DCMAKE_INSTALL_PREFIX=/home/prashun/ros2_ws/install/joint_limits
[0.464s] -- Found ament_cmake: 1.3.10 (/opt/ros/humble/share/ament_cmake/cmake)
[0.464s] -- Override CMake install command with custom implementation using symlinks instead of copying resources
[0.464s] -- Found pluginlib: 5.1.0 (/opt/ros/humble/share/pluginlib/cmake)
[0.464s] -- Found realtime_tools: 2.6.0 (/opt/ros/humble/share/realtime_tools/cmake)
[0.464s] -- Found rosidl_generator_c: 3.1.5 (/opt/ros/humble/share/rosidl_generator_c/cmake)
[0.465s] -- Found rosidl_adapter: 3.1.5 (/opt/ros/humble/share/rosidl_adapter/cmake)
[0.465s] -- Found rosidl_generator_cpp: 3.1.5 (/opt/ros/humble/share/rosidl_generator_cpp/cmake)
[0.465s] -- Using all available rosidl_typesupport_c: rosidl_typesupport_fastrtps_c;rosidl_typesupport_introspection_c
[0.465s] -- Using all available rosidl_typesupport_cpp: rosidl_typesupport_fastrtps_cpp;rosidl_typesupport_introspection_cpp
[0.465s] -- Found rmw_implementation_cmake: 6.1.2 (/opt/ros/humble/share/rmw_implementation_cmake/cmake)
[0.465s] -- Found rmw_fastrtps_cpp: 6.2.7 (/opt/ros/humble/share/rmw_fastrtps_cpp/cmake)
[0.465s] -- Found TinyXML2 via Config file: TinyXML2_DIR-NOTFOUND
[0.465s] -- Found TinyXML2 via Config file: TinyXML2_DIR-NOTFOUND
[0.465s] -- Found TinyXML2 via Config file: TinyXML2_DIR-NOTFOUND
[0.473s] -- Found TinyXML2 via Config file: TinyXML2_DIR-NOTFOUND
[0.487s] -- Using RMW implementation 'rmw_fastrtps_cpp' as default
[0.639s] -- Found rclcpp_lifecycle: 16.0.10 (/opt/ros/humble/share/rclcpp_lifecycle/cmake)
[0.668s] -- Found trajectory_msgs: 4.2.4 (/opt/ros/humble/share/trajectory_msgs/cmake)
[0.714s] -- Found urdf: 2.6.1 (/opt/ros/humble/share/urdf/cmake)
[0.727s] -- Found ament_cmake_gtest: 1.3.10 (/opt/ros/humble/share/ament_cmake_gtest/cmake)
[0.728s] -- Found ament_cmake_gmock: 1.3.10 (/opt/ros/humble/share/ament_cmake_gmock/cmake)
[0.729s] -- Found generate_parameter_library: 0.3.8 (/opt/ros/humble/share/generate_parameter_library/cmake)
[0.730s] -- Found parameter_traits: 0.3.8 (/opt/ros/humble/share/parameter_traits/cmake)
[0.744s] -- Found launch_testing_ament_cmake: 1.0.6 (/opt/ros/humble/share/launch_testing_ament_cmake/cmake)
[0.744s] -- Found python_cmake_module: 0.10.0 (/opt/ros/humble/share/python_cmake_module/cmake)
[0.774s] -- Using PYTHON_EXECUTABLE: /usr/bin/python3
[0.775s] -- Using PYTHON_INCLUDE_DIRS: /usr/include/python3.10
[0.775s] -- Using PYTHON_LIBRARIES: /usr/lib/x86_64-linux-gnu/libpython3.10.so
[0.778s] -- Found gtest sources under '/opt/ros/humble/src/gtest_vendor': C++ tests using 'Google Test' will be built
[0.789s] -- Found gmock sources under '/opt/ros/humble/src/gmock_vendor': C++ tests using 'Google Mock' will be built
[0.915s] -- Configuring done
[0.988s] -- Generating done
[0.994s] -- Build files have been written to: /home/prashun/ros2_ws/build/joint_limits
[1.021s] Invoked command in '/home/prashun/ros2_ws/build/joint_limits' returned '0': CMAKE_PREFIX_PATH=${CMAKE_PREFIX_PATH}:/opt/ros/humble /usr/bin/cmake /home/prashun/ros2_ws/src/ros2_control/joint_limits -DCMAKE_INSTALL_PREFIX=/home/prashun/ros2_ws/install/joint_limits
[1.022s] Invoking command in '/home/prashun/ros2_ws/build/joint_limits': CMAKE_PREFIX_PATH=${CMAKE_PREFIX_PATH}:/opt/ros/humble /usr/bin/cmake --build /home/prashun/ros2_ws/build/joint_limits -- -j8 -l8
[1.095s] [35m[1mConsolidate compiler generated dependencies of target gtest[0m
[1.103s] [35m[1mConsolidate compiler generated dependencies of target gmock[0m
[1.104s] [35m[1mConsolidate compiler generated dependencies of target gtest_main[0m
[1.105s] [35m[1mConsolidate compiler generated dependencies of target joint_saturation_limiter[0m
[1.106s] [35m[1mConsolidate compiler generated dependencies of target joint_limiter_interface[0m
[1.136s] [  5%] Built target ament_generate_version_header__joint_limits
[1.142s] [ 16%] Built target gtest_main
[1.151s] [ 27%] Built target gtest
[1.155s] [ 38%] Built target joint_saturation_limiter
[1.157s] [ 55%] Built target gmock
[1.163s] [ 66%] Built target joint_limiter_interface
[1.174s] [35m[1mConsolidate compiler generated dependencies of target joint_limits_urdf_test[0m
[1.175s] [35m[1mConsolidate compiler generated dependencies of target joint_limits_rosparam_test[0m
[1.186s] [35m[1mConsolidate compiler generated dependencies of target test_joint_saturation_limiter[0m
[1.202s] [ 77%] Built target joint_limits_urdf_test
[1.209s] [ 88%] Built target joint_limits_rosparam_test
[1.235s] [100%] Built target test_joint_saturation_limiter
[1.266s] Invoked command in '/home/prashun/ros2_ws/build/joint_limits' returned '0': CMAKE_PREFIX_PATH=${CMAKE_PREFIX_PATH}:/opt/ros/humble /usr/bin/cmake --build /home/prashun/ros2_ws/build/joint_limits -- -j8 -l8
[1.356s] Invoking command in '/home/prashun/ros2_ws/build/joint_limits': CMAKE_PREFIX_PATH=${CMAKE_PREFIX_PATH}:/opt/ros/humble /usr/bin/cmake --install /home/prashun/ros2_ws/build/joint_limits
[1.367s] -- Install configuration: ""
[1.367s] -- Execute custom install script
[1.368s] -- Up-to-date symlink: /home/prashun/ros2_ws/install/joint_limits/share/joint_limits//joint_limiters.xml
[1.372s] -- Up-to-date symlink: /home/prashun/ros2_ws/install/joint_limits/lib/joint_limits/joint_limits_rosparam_test
[1.372s] -- Up-to-date symlink: /home/prashun/ros2_ws/install/joint_limits/share/joint_limits/test/joint_limits_rosparam.yaml
[1.372s] -- Up-to-date symlink: /home/prashun/ros2_ws/install/joint_limits/share/joint_limits/test/joint_saturation_limiter_param.yaml
[1.372s] -- Up-to-date symlink: /home/prashun/ros2_ws/install/joint_limits/include/joint_limits/joint_limits/joint_limiter_interface.hpp
[1.372s] -- Up-to-date symlink: /home/prashun/ros2_ws/install/joint_limits/include/joint_limits/joint_limits/joint_limits.hpp
[1.372s] -- Up-to-date symlink: /home/prashun/ros2_ws/install/joint_limits/include/joint_limits/joint_limits/joint_limits_rosparam.hpp
[1.373s] -- Up-to-date symlink: /home/prashun/ros2_ws/install/joint_limits/include/joint_limits/joint_limits/joint_limits_urdf.hpp
[1.373s] -- Up-to-date symlink: /home/prashun/ros2_ws/install/joint_limits/include/joint_limits/joint_limits/joint_saturation_limiter.hpp
[1.373s] -- Up-to-date symlink: /home/prashun/ros2_ws/install/joint_limits/include/joint_limits/joint_limits/visibility_control.h
[1.373s] -- Up-to-date symlink: /home/prashun/ros2_ws/install/joint_limits/share/joint_limits/environment/library_path.sh
[1.373s] -- Up-to-date symlink: /home/prashun/ros2_ws/install/joint_limits/share/joint_limits/environment/library_path.dsv
[1.373s] -- Up-to-date symlink: /home/prashun/ros2_ws/install/joint_limits/share/ament_index/resource_index/package_run_dependencies/joint_limits
[1.373s] -- Up-to-date symlink: /home/prashun/ros2_ws/install/joint_limits/share/ament_index/resource_index/parent_prefix_path/joint_limits
[1.373s] -- Up-to-date symlink: /home/prashun/ros2_ws/install/joint_limits/share/joint_limits/environment/ament_prefix_path.sh
[1.373s] -- Up-to-date symlink: /home/prashun/ros2_ws/install/joint_limits/share/joint_limits/environment/ament_prefix_path.dsv
[1.373s] -- Up-to-date symlink: /home/prashun/ros2_ws/install/joint_limits/share/joint_limits/environment/path.sh
[1.373s] -- Up-to-date symlink: /home/prashun/ros2_ws/install/joint_limits/share/joint_limits/environment/path.dsv
[1.373s] -- Up-to-date symlink: /home/prashun/ros2_ws/install/joint_limits/share/joint_limits/local_setup.bash
[1.373s] -- Up-to-date symlink: /home/prashun/ros2_ws/install/joint_limits/share/joint_limits/local_setup.sh
[1.373s] -- Up-to-date symlink: /home/prashun/ros2_ws/install/joint_limits/share/joint_limits/local_setup.zsh
[1.374s] -- Up-to-date symlink: /home/prashun/ros2_ws/install/joint_limits/share/joint_limits/local_setup.dsv
[1.374s] -- Symlinking: /home/prashun/ros2_ws/install/joint_limits/share/joint_limits/package.dsv
[1.386s] -- Up-to-date symlink: /home/prashun/ros2_ws/install/joint_limits/share/ament_index/resource_index/packages/joint_limits
[1.386s] -- Up-to-date symlink: /home/prashun/ros2_ws/install/joint_limits/share/ament_index/resource_index/joint_limits__pluginlib__plugin/joint_limits
[1.387s] -- Up-to-date symlink: /home/prashun/ros2_ws/install/joint_limits/share/joint_limits/cmake/ament_cmake_export_targets-extras.cmake
[1.387s] -- Up-to-date symlink: /home/prashun/ros2_ws/install/joint_limits/share/joint_limits/cmake/ament_cmake_export_dependencies-extras.cmake
[1.388s] -- Up-to-date symlink: /home/prashun/ros2_ws/install/joint_limits/share/joint_limits/cmake/joint_limitsConfig.cmake
[1.388s] -- Up-to-date symlink: /home/prashun/ros2_ws/install/joint_limits/share/joint_limits/cmake/joint_limitsConfig-version.cmake
[1.388s] -- Up-to-date symlink: /home/prashun/ros2_ws/install/joint_limits/share/joint_limits/package.xml
[1.388s] -- Up-to-date symlink: /home/prashun/ros2_ws/install/joint_limits/include/joint_limits/joint_limits/version.h
[1.389s] -- Up-to-date: /home/prashun/ros2_ws/install/joint_limits/lib/libjoint_limiter_interface.so
[1.389s] -- Up-to-date: /home/prashun/ros2_ws/install/joint_limits/lib/libjoint_saturation_limiter.so
[1.389s] -- Up-to-date: /home/prashun/ros2_ws/install/joint_limits/share/joint_limits/cmake/export_joint_limitsExport.cmake
[1.389s] -- Up-to-date: /home/prashun/ros2_ws/install/joint_limits/share/joint_limits/cmake/export_joint_limitsExport-noconfig.cmake
[1.393s] Invoked command in '/home/prashun/ros2_ws/build/joint_limits' returned '0': CMAKE_PREFIX_PATH=${CMAKE_PREFIX_PATH}:/opt/ros/humble /usr/bin/cmake --install /home/prashun/ros2_ws/build/joint_limits
