[0.013s] Invoking command in '/home/prashun/ros2_ws/build/gz-sim9': CMAKE_PREFIX_PATH=${CMAKE_PREFIX_PATH}:/opt/ros/humble /usr/bin/cmake /home/prashun/ros2_ws/ign-gazebo -DCMAKE_INSTALL_PREFIX=/home/prashun/ros2_ws/install/gz-sim9
[0.067s] -- The C compiler identification is GNU 11.4.0
[0.130s] -- The CXX compiler identification is GNU 11.4.0
[0.139s] -- Detecting C compiler ABI info
[0.215s] -- Detecting C compiler ABI info - done
[0.228s] -- Check for working C compiler: /usr/bin/cc - skipped
[0.228s] -- Detecting C compile features
[0.228s] -- Detecting C compile features - done
[0.233s] -- Detecting CXX compiler ABI info
[0.332s] -- Detecting CXX compiler ABI info - done
[0.343s] -- Check for working CXX compiler: /usr/bin/c++ - skipped
[0.344s] -- Detecting CXX compile features
[0.344s] -- Detecting CXX compile features - done
[0.358s] [31mCMake Error at CMakeLists.txt:13 (find_package):
[0.359s]   By not providing "Findgz-cmake4.cmake" in CMAKE_MODULE_PATH this project
[0.359s]   has asked CMake to find a package configuration file provided by
[0.359s]   "gz-cmake4", but CMake did not find one.
[0.359s] 
[0.359s]   Could not find a package configuration file provided by "gz-cmake4" with
[0.359s]   any of the following names:
[0.360s] 
[0.360s]     gz-cmake4Config.cmake
[0.360s]     gz-cmake4-config.cmake
[0.360s] 
[0.360s]   Add the installation prefix of "gz-cmake4" to CMAKE_PREFIX_PATH or set
[0.360s]   "gz-cmake4_DIR" to a directory containing one of the above files.  If
[0.360s]   "gz-cmake4" provides a separate development package or SDK, be sure it has
[0.360s]   been installed.
[0.361s] 
[0.361s] [0m
[0.361s] -- Configuring incomplete, errors occurred!
[0.361s] See also "/home/prashun/ros2_ws/build/gz-sim9/CMakeFiles/CMakeOutput.log".
[0.374s] Invoked command in '/home/prashun/ros2_ws/build/gz-sim9' returned '1': CMAKE_PREFIX_PATH=${CMAKE_PREFIX_PATH}:/opt/ros/humble /usr/bin/cmake /home/prashun/ros2_ws/ign-gazebo -DCMAKE_INSTALL_PREFIX=/home/prashun/ros2_ws/install/gz-sim9
