[0.010s] Invoking command in '/home/prashun/ros2_ws/build/gazebo_msgs': /usr/bin/cmake /home/prashun/ros2_ws/src/gazebo_ros_pkgs/gazebo_msgs -DCATKIN_INSTALL_INTO_PREFIX_ROOT=0 -DCMAKE_INSTALL_PREFIX=/home/prashun/ros2_ws/install/gazebo_msgs
[0.095s] -- The C compiler identification is GNU 11.4.0
[0.185s] -- The CXX compiler identification is GNU 11.4.0
[0.192s] -- Detecting C compiler ABI info
[0.243s] -- Detecting C compiler ABI info - done
[0.250s] -- Check for working C compiler: /usr/bin/cc - skipped
[0.251s] -- Detecting C compile features
[0.252s] -- Detecting C compile features - done
[0.255s] -- Detecting CXX compiler ABI info
[0.314s] -- Detecting CXX compiler ABI info - done
[0.326s] -- Check for working CXX compiler: /usr/bin/c++ - skipped
[0.326s] -- Detecting CXX compile features
[0.327s] -- Detecting CXX compile features - done
[0.340s] [31mCMake Error at CMakeLists.txt:4 (find_package):
[0.340s]   By not providing "Findcatkin.cmake" in CMAKE_MODULE_PATH this project has
[0.340s]   asked CMake to find a package configuration file provided by "catkin", but
[0.340s]   CMake did not find one.
[0.340s] 
[0.340s]   Could not find a package configuration file provided by "catkin" with any
[0.340s]   of the following names:
[0.340s] 
[0.340s]     catkinConfig.cmake
[0.340s]     catkin-config.cmake
[0.340s] 
[0.340s]   Add the installation prefix of "catkin" to CMAKE_PREFIX_PATH or set
[0.340s]   "catkin_DIR" to a directory containing one of the above files.  If "catkin"
[0.340s]   provides a separate development package or SDK, be sure it has been
[0.340s]   installed.
[0.340s] 
[0.341s] [0m
[0.341s] -- Configuring incomplete, errors occurred!
[0.341s] See also "/home/prashun/ros2_ws/build/gazebo_msgs/CMakeFiles/CMakeOutput.log".
