[0.448s] Invoking command in '/home/prashun/ros2_ws/build/uno': CMAKE_PREFIX_PATH=${CMAKE_PREFIX_PATH}:/opt/ros/humble /usr/bin/cmake /home/prashun/ros2_ws/src/uno -DCMAKE_INSTALL_PREFIX=/home/prashun/ros2_ws/install/uno
[0.467s] -- Found ament_cmake: 1.3.10 (/opt/ros/humble/share/ament_cmake/cmake)
[0.663s] -- Override CMake install command with custom implementation using symlinks instead of copying resources
[0.676s] -- Found rclcpp: 16.0.10 (/opt/ros/humble/share/rclcpp/cmake)
[0.717s] -- Found rosidl_generator_c: 3.1.5 (/opt/ros/humble/share/rosidl_generator_c/cmake)
[0.721s] -- Found rosidl_adapter: 3.1.5 (/opt/ros/humble/share/rosidl_adapter/cmake)
[0.728s] -- Found rosidl_generator_cpp: 3.1.5 (/opt/ros/humble/share/rosidl_generator_cpp/cmake)
[0.740s] -- Using all available rosidl_typesupport_c: rosidl_typesupport_fastrtps_c;rosidl_typesupport_introspection_c
[0.759s] -- Using all available rosidl_typesupport_cpp: rosidl_typesupport_fastrtps_cpp;rosidl_typesupport_introspection_cpp
[0.807s] -- Found rmw_implementation_cmake: 6.1.2 (/opt/ros/humble/share/rmw_implementation_cmake/cmake)
[0.809s] -- Found rmw_fastrtps_cpp: 6.2.7 (/opt/ros/humble/share/rmw_fastrtps_cpp/cmake)
[0.970s] -- Using RMW implementation 'rmw_fastrtps_cpp' as default
[1.076s] -- Found ament_lint_auto: 0.12.11 (/opt/ros/humble/share/ament_lint_auto/cmake)
[1.210s] -- Added test 'flake8' to check Python code syntax and style conventions
[1.211s] -- Added test 'lint_cmake' to check CMake code style
[1.212s] -- Added test 'pep257' to check Python code against some of the docstring style conventions in PEP 257
[1.215s] -- Added test 'xmllint' to check XML markup files
[1.217s] -- Configuring done
[1.224s] -- Generating done
[1.228s] -- Build files have been written to: /home/prashun/ros2_ws/build/uno
[1.243s] Invoked command in '/home/prashun/ros2_ws/build/uno' returned '0': CMAKE_PREFIX_PATH=${CMAKE_PREFIX_PATH}:/opt/ros/humble /usr/bin/cmake /home/prashun/ros2_ws/src/uno -DCMAKE_INSTALL_PREFIX=/home/prashun/ros2_ws/install/uno
[1.245s] Invoking command in '/home/prashun/ros2_ws/build/uno': CMAKE_PREFIX_PATH=${CMAKE_PREFIX_PATH}:/opt/ros/humble /usr/bin/cmake --build /home/prashun/ros2_ws/build/uno -- -j8 -l8
[1.345s] Invoked command in '/home/prashun/ros2_ws/build/uno' returned '0': CMAKE_PREFIX_PATH=${CMAKE_PREFIX_PATH}:/opt/ros/humble /usr/bin/cmake --build /home/prashun/ros2_ws/build/uno -- -j8 -l8
[1.387s] Invoking command in '/home/prashun/ros2_ws/build/uno': CMAKE_PREFIX_PATH=${CMAKE_PREFIX_PATH}:/opt/ros/humble /usr/bin/cmake --install /home/prashun/ros2_ws/build/uno
[1.401s] -- Install configuration: ""
[1.402s] -- Execute custom install script
[1.403s] -- Up-to-date symlink: /home/prashun/ros2_ws/install/uno/share/uno/config/controller.yaml
[1.403s] -- Up-to-date symlink: /home/prashun/ros2_ws/install/uno/share/uno/sdf/empty_room.sdf
[1.405s] -- Up-to-date symlink: /home/prashun/ros2_ws/install/uno/share/uno/urdf/diff_drive_robot.urdf
[1.405s] -- Up-to-date symlink: /home/prashun/ros2_ws/install/uno/share/uno/launch/display.enviornment.launch.py
[1.405s] -- Up-to-date symlink: /home/prashun/ros2_ws/install/uno/share/uno/launch/display.robot.launch.py
[1.405s] -- Up-to-date symlink: /home/prashun/ros2_ws/install/uno/share/uno/launch/display.robotinenviornment.launch.py
[1.405s] -- Up-to-date symlink: /home/prashun/ros2_ws/install/uno/share/ament_index/resource_index/package_run_dependencies/uno
[1.406s] -- Up-to-date symlink: /home/prashun/ros2_ws/install/uno/share/ament_index/resource_index/parent_prefix_path/uno
[1.406s] -- Up-to-date symlink: /home/prashun/ros2_ws/install/uno/share/uno/environment/ament_prefix_path.sh
[1.407s] -- Up-to-date symlink: /home/prashun/ros2_ws/install/uno/share/uno/environment/ament_prefix_path.dsv
[1.407s] -- Up-to-date symlink: /home/prashun/ros2_ws/install/uno/share/uno/environment/path.sh
[1.407s] -- Up-to-date symlink: /home/prashun/ros2_ws/install/uno/share/uno/environment/path.dsv
[1.407s] -- Up-to-date symlink: /home/prashun/ros2_ws/install/uno/share/uno/local_setup.bash
[1.407s] -- Up-to-date symlink: /home/prashun/ros2_ws/install/uno/share/uno/local_setup.sh
[1.407s] -- Up-to-date symlink: /home/prashun/ros2_ws/install/uno/share/uno/local_setup.zsh
[1.408s] -- Up-to-date symlink: /home/prashun/ros2_ws/install/uno/share/uno/local_setup.dsv
[1.408s] -- Symlinking: /home/prashun/ros2_ws/install/uno/share/uno/package.dsv
[1.419s] -- Up-to-date symlink: /home/prashun/ros2_ws/install/uno/share/ament_index/resource_index/packages/uno
[1.419s] -- Up-to-date symlink: /home/prashun/ros2_ws/install/uno/share/uno/cmake/unoConfig.cmake
[1.419s] -- Up-to-date symlink: /home/prashun/ros2_ws/install/uno/share/uno/cmake/unoConfig-version.cmake
[1.421s] -- Up-to-date symlink: /home/prashun/ros2_ws/install/uno/share/uno/package.xml
[1.426s] Invoked command in '/home/prashun/ros2_ws/build/uno' returned '0': CMAKE_PREFIX_PATH=${CMAKE_PREFIX_PATH}:/opt/ros/humble /usr/bin/cmake --install /home/prashun/ros2_ws/build/uno
