[0.009s] Invoking command in '/home/prashun/ros2_ws/build/uno': CMAKE_PREFIX_PATH=${CMAKE_PREFIX_PATH}:/opt/ros/humble /usr/bin/cmake /home/prashun/ros2_ws/src/uno -DCMAKE_INSTALL_PREFIX=/home/prashun/ros2_ws/install/uno
[0.052s] -- The C compiler identification is GNU 11.4.0
[0.107s] -- The CXX compiler identification is GNU 11.4.0
[0.116s] -- Detecting C compiler ABI info
[0.176s] -- Detecting C compiler ABI info - done
[0.184s] -- Check for working C compiler: /usr/bin/cc - skipped
[0.184s] -- Detecting C compile features
[0.184s] -- Detecting C compile features - done
[0.187s] -- Detecting CXX compiler ABI info
[0.256s] -- Detecting CXX compiler ABI info - done
[0.264s] -- Check for working CXX compiler: /usr/bin/c++ - skipped
[0.265s] -- Detecting CXX compile features
[0.265s] -- Detecting CXX compile features - done
[0.267s] -- Found ament_cmake: 1.3.10 (/opt/ros/humble/share/ament_cmake/cmake)
[0.414s] -- Found Python3: /usr/bin/python3 (found version "3.10.12") found components: Interpreter 
[0.491s] -- Found rclcpp: 16.0.10 (/opt/ros/humble/share/rclcpp/cmake)
[0.531s] -- Found rosidl_generator_c: 3.1.5 (/opt/ros/humble/share/rosidl_generator_c/cmake)
[0.537s] -- Found rosidl_adapter: 3.1.5 (/opt/ros/humble/share/rosidl_adapter/cmake)
[0.545s] -- Found rosidl_generator_cpp: 3.1.5 (/opt/ros/humble/share/rosidl_generator_cpp/cmake)
[0.556s] -- Using all available rosidl_typesupport_c: rosidl_typesupport_fastrtps_c;rosidl_typesupport_introspection_c
[0.571s] -- Using all available rosidl_typesupport_cpp: rosidl_typesupport_fastrtps_cpp;rosidl_typesupport_introspection_cpp
[0.611s] -- Found rmw_implementation_cmake: 6.1.2 (/opt/ros/humble/share/rmw_implementation_cmake/cmake)
[0.614s] -- Found rmw_fastrtps_cpp: 6.2.7 (/opt/ros/humble/share/rmw_fastrtps_cpp/cmake)
[0.685s] -- Found OpenSSL: /usr/lib/x86_64-linux-gnu/libcrypto.so (found version "3.0.2")  
[0.710s] -- Found FastRTPS: /opt/ros/humble/include  
[0.750s] -- Using RMW implementation 'rmw_fastrtps_cpp' as default
[0.757s] -- Looking for pthread.h
[0.818s] -- Looking for pthread.h - found
[0.818s] -- Performing Test CMAKE_HAVE_LIBC_PTHREAD
[0.887s] -- Performing Test CMAKE_HAVE_LIBC_PTHREAD - Success
[0.889s] -- Found Threads: TRUE  
[0.945s] -- Found ament_lint_auto: 0.12.11 (/opt/ros/humble/share/ament_lint_auto/cmake)
[1.010s] -- Added test 'lint_cmake' to check CMake code style
[1.011s] -- Added test 'xmllint' to check XML markup files
[1.012s] -- Configuring done
[1.016s] -- Generating done
[1.017s] -- Build files have been written to: /home/prashun/ros2_ws/build/uno
[1.026s] Invoked command in '/home/prashun/ros2_ws/build/uno' returned '0': CMAKE_PREFIX_PATH=${CMAKE_PREFIX_PATH}:/opt/ros/humble /usr/bin/cmake /home/prashun/ros2_ws/src/uno -DCMAKE_INSTALL_PREFIX=/home/prashun/ros2_ws/install/uno
[1.029s] Invoking command in '/home/prashun/ros2_ws/build/uno': CMAKE_PREFIX_PATH=${CMAKE_PREFIX_PATH}:/opt/ros/humble /usr/bin/cmake --build /home/prashun/ros2_ws/build/uno -- -j8 -l8
[1.061s] Invoked command in '/home/prashun/ros2_ws/build/uno' returned '0': CMAKE_PREFIX_PATH=${CMAKE_PREFIX_PATH}:/opt/ros/humble /usr/bin/cmake --build /home/prashun/ros2_ws/build/uno -- -j8 -l8
[1.091s] Invoking command in '/home/prashun/ros2_ws/build/uno': CMAKE_PREFIX_PATH=${CMAKE_PREFIX_PATH}:/opt/ros/humble /usr/bin/cmake --install /home/prashun/ros2_ws/build/uno
[1.098s] -- Install configuration: ""
[1.098s] -- Installing: /home/prashun/ros2_ws/install/uno/share/ament_index/resource_index/package_run_dependencies/uno
[1.099s] -- Installing: /home/prashun/ros2_ws/install/uno/share/ament_index/resource_index/parent_prefix_path/uno
[1.099s] -- Installing: /home/prashun/ros2_ws/install/uno/share/uno/environment/ament_prefix_path.sh
[1.099s] -- Installing: /home/prashun/ros2_ws/install/uno/share/uno/environment/ament_prefix_path.dsv
[1.099s] -- Installing: /home/prashun/ros2_ws/install/uno/share/uno/environment/path.sh
[1.099s] -- Installing: /home/prashun/ros2_ws/install/uno/share/uno/environment/path.dsv
[1.099s] -- Installing: /home/prashun/ros2_ws/install/uno/share/uno/local_setup.bash
[1.099s] -- Installing: /home/prashun/ros2_ws/install/uno/share/uno/local_setup.sh
[1.099s] -- Installing: /home/prashun/ros2_ws/install/uno/share/uno/local_setup.zsh
[1.100s] -- Installing: /home/prashun/ros2_ws/install/uno/share/uno/local_setup.dsv
[1.100s] -- Installing: /home/prashun/ros2_ws/install/uno/share/uno/package.dsv
[1.100s] -- Installing: /home/prashun/ros2_ws/install/uno/share/ament_index/resource_index/packages/uno
[1.100s] -- Installing: /home/prashun/ros2_ws/install/uno/share/uno/cmake/unoConfig.cmake
[1.100s] -- Installing: /home/prashun/ros2_ws/install/uno/share/uno/cmake/unoConfig-version.cmake
[1.100s] -- Installing: /home/prashun/ros2_ws/install/uno/share/uno/package.xml
[1.102s] Invoked command in '/home/prashun/ros2_ws/build/uno' returned '0': CMAKE_PREFIX_PATH=${CMAKE_PREFIX_PATH}:/opt/ros/humble /usr/bin/cmake --install /home/prashun/ros2_ws/build/uno
