-- Found ament_cmake: 1.3.10 (/opt/ros/humble/share/ament_cmake/cmake)
-- Override CMake install command with custom implementation using symlinks instead of copying resources
-- Found ament_index_cpp: 1.4.0 (/opt/ros/humble/share/ament_index_cpp/cmake)
-- Found controller_interface: 4.18.0 (/home/prashun/ros2_ws/install/controller_interface/share/controller_interface/cmake)
-- Found rosidl_generator_c: 3.1.5 (/opt/ros/humble/share/rosidl_generator_c/cmake)
-- Found rosidl_adapter: 3.1.5 (/opt/ros/humble/share/rosidl_adapter/cmake)
-- Found rosidl_generator_cpp: 3.1.5 (/opt/ros/humble/share/rosidl_generator_cpp/cmake)
-- Using all available rosidl_typesupport_c: rosidl_typesupport_fastrtps_c;rosidl_typesupport_introspection_c
-- Using all available rosidl_typesupport_cpp: rosidl_typesupport_fastrtps_cpp;rosidl_typesupport_introspection_cpp
-- Found rmw_implementation_cmake: 6.1.2 (/opt/ros/humble/share/rmw_implementation_cmake/cmake)
-- Found rmw_fastrtps_cpp: 6.2.7 (/opt/ros/humble/share/rmw_fastrtps_cpp/cmake)
-- Found TinyXML2 via Config file: TinyXML2_DIR-NOTFOUND
-- Found TinyXML2 via Config file: TinyXML2_DIR-NOTFOUND
-- Found TinyXML2 via Config file: TinyXML2_DIR-NOTFOUND
-- Found TinyXML2 via Config file: TinyXML2_DIR-NOTFOUND
-- Using RMW implementation 'rmw_fastrtps_cpp' as default
-- Found controller_manager_msgs: 4.18.0 (/home/prashun/ros2_ws/install/controller_manager_msgs/share/controller_manager_msgs/cmake)
-- Found diagnostic_updater: 4.0.0 (/opt/ros/humble/share/diagnostic_updater/cmake)
-- Found ament_cmake_gmock: 1.3.10 (/opt/ros/humble/share/ament_cmake_gmock/cmake)
-- Found ros2_control_test_assets: 4.18.0 (/home/prashun/ros2_ws/install/ros2_control_test_assets/share/ros2_control_test_assets/cmake)
-- Found gmock sources under '/opt/ros/humble/src/gmock_vendor': C++ tests using 'Google Mock' will be built
-- Found ament_cmake_gtest: 1.3.10 (/opt/ros/humble/share/ament_cmake_gtest/cmake)
-- Found gtest sources under '/opt/ros/humble/src/gtest_vendor': C++ tests using 'Google Test' will be built
-- Found ament_cmake_pytest: 1.3.10 (/opt/ros/humble/share/ament_cmake_pytest/cmake)
-- Configuring done
-- Generating done
-- Build files have been written to: /home/prashun/ros2_ws/build/controller_manager
[35m[1mConsolidate compiler generated dependencies of target gmock_main[0m
[35m[1mConsolidate compiler generated dependencies of target gmock[0m
[  5%] Built target gmock_main
[  7%] Built target ament_generate_version_header__controller_manager
[ 15%] Built target gmock
[ 15%] Built target ament_cmake_python_symlink_controller_manager
[ 15%] Built target ament_cmake_python_symlink_controller_manager_setup
[35m[1mConsolidate compiler generated dependencies of target controller_manager[0m
[ 21%] Built target controller_manager
[35m[1mConsolidate compiler generated dependencies of target test_controller[0m
[35m[1mConsolidate compiler generated dependencies of target ros2_control_node[0m
[35m[1mConsolidate compiler generated dependencies of target test_controller_failed_init[0m
[35m[1mConsolidate compiler generated dependencies of target test_chainable_controller[0m
[35m[1mConsolidate compiler generated dependencies of target test_controller_with_interfaces[0m
[ 26%] Built target test_controller_failed_init
[ 31%] Built target test_controller
[ 36%] Built target test_chainable_controller
[ 42%] Built target ros2_control_node
[ 47%] Built target test_controller_with_interfaces
[35m[1mConsolidate compiler generated dependencies of target test_controller_manager_with_namespace[0m
[35m[1mConsolidate compiler generated dependencies of target test_controller_manager[0m
[35m[1mConsolidate compiler generated dependencies of target test_load_controller[0m
[35m[1mConsolidate compiler generated dependencies of target test_controller_manager_hardware_error_handling[0m
[ 50%] [32mBuilding CXX object CMakeFiles/test_controllers_chaining_with_controller_manager.dir/test/test_controllers_chaining_with_controller_manager.cpp.o[0m
[ 55%] Built target test_controller_manager_with_namespace
[ 57%] [32mBuilding CXX object CMakeFiles/test_controller_manager_srvs.dir/test/test_controller_manager_srvs.cpp.o[0m
[ 63%] Built target test_controller_manager
[ 68%] Built target test_load_controller
[35m[1mConsolidate compiler generated dependencies of target test_controller_manager_urdf_passing[0m
[ 73%] Built target test_controller_manager_hardware_error_handling
[35m[1mConsolidate compiler generated dependencies of target test_release_interfaces[0m
[35m[1mConsolidate compiler generated dependencies of target test_spawner_unspawner[0m
[35m[1mConsolidate compiler generated dependencies of target test_hardware_management_srvs[0m
[ 76%] [32mBuilding CXX object CMakeFiles/test_controller_manager_urdf_passing.dir/test/test_controller_manager_urdf_passing.cpp.o[0m
[ 78%] [32mBuilding CXX object CMakeFiles/test_hardware_management_srvs.dir/test/test_hardware_management_srvs.cpp.o[0m
[ 84%] Built target test_release_interfaces
[ 89%] Built target test_spawner_unspawner
running egg_info
writing controller_manager.egg-info/PKG-INFO
writing dependency_links to controller_manager.egg-info/dependency_links.txt
writing entry points to controller_manager.egg-info/entry_points.txt
writing top-level names to controller_manager.egg-info/top_level.txt
reading manifest file 'controller_manager.egg-info/SOURCES.txt'
writing manifest file 'controller_manager.egg-info/SOURCES.txt'
[ 89%] Built target ament_cmake_python_build_controller_manager_egg
running install_scripts
running egg_info
writing controller_manager.egg-info/PKG-INFO
writing dependency_links to controller_manager.egg-info/dependency_links.txt
writing entry points to controller_manager.egg-info/entry_points.txt
writing top-level names to controller_manager.egg-info/top_level.txt
reading manifest file 'controller_manager.egg-info/SOURCES.txt'
writing manifest file 'controller_manager.egg-info/SOURCES.txt'
Installing hardware_spawner script to scripts
Installing spawner script to scripts
Installing unspawner script to scripts
[ 89%] Built target ament_cmake_python_build_controller_manager_scripts
[ 92%] [32m[1mLinking CXX executable test_controllers_chaining_with_controller_manager[0m
[ 92%] Built target test_controllers_chaining_with_controller_manager
[ 94%] [32m[1mLinking CXX executable test_controller_manager_srvs[0m
[ 94%] Built target test_controller_manager_srvs
