[0.037s] Invoking command in '/home/prashun/ros2_ws/build/uno': CMAKE_PREFIX_PATH=${CMAKE_PREFIX_PATH}:/opt/ros/humble /usr/bin/cmake --build /home/prashun/ros2_ws/build/uno -- -j8 -l8
[0.149s] Invoked command in '/home/prashun/ros2_ws/build/uno' returned '0': CMAKE_PREFIX_PATH=${CMAKE_PREFIX_PATH}:/opt/ros/humble /usr/bin/cmake --build /home/prashun/ros2_ws/build/uno -- -j8 -l8
[0.179s] Invoking command in '/home/prashun/ros2_ws/build/uno': CMAKE_PREFIX_PATH=${CMAKE_PREFIX_PATH}:/opt/ros/humble /usr/bin/cmake --install /home/prashun/ros2_ws/build/uno
[0.189s] -- Install configuration: ""
[0.209s] -- Execute custom install script
[0.211s] -- Up-to-date symlink: /home/prashun/ros2_ws/install/uno/share/uno/config/controller.yaml
[0.211s] -- Up-to-date symlink: /home/prashun/ros2_ws/install/uno/share/uno/config/mapper.yaml
[0.211s] -- Up-to-date symlink: /home/prashun/ros2_ws/install/uno/share/uno/config/rgbd_cam.rviz
[0.211s] -- Up-to-date symlink: /home/prashun/ros2_ws/install/uno/share/uno/config/robot.rviz
[0.212s] -- Up-to-date symlink: /home/prashun/ros2_ws/install/uno/share/uno/sdf/warehouse.sdf
[0.213s] -- Up-to-date symlink: /home/prashun/ros2_ws/install/uno/share/uno/urdf/roberto.urdf
[0.213s] -- Up-to-date symlink: /home/prashun/ros2_ws/install/uno/share/uno/launch/display.robot.launch.py
[0.213s] -- Up-to-date symlink: /home/prashun/ros2_ws/install/uno/share/uno/launch/map.save.launch.py
[0.218s] -- Up-to-date symlink: /home/prashun/ros2_ws/install/uno/share/uno/meshes/box/meshes/cardboard_box.dae
[0.218s] -- Up-to-date symlink: /home/prashun/ros2_ws/install/uno/share/uno/meshes/box/meshes/cardboard_box.png
[0.218s] -- Up-to-date symlink: /home/prashun/ros2_ws/install/uno/share/uno/meshes/box/model.config
[0.218s] -- Up-to-date symlink: /home/prashun/ros2_ws/install/uno/share/uno/meshes/box/model.sdf
[0.219s] -- Up-to-date symlink: /home/prashun/ros2_ws/install/uno/share/uno/meshes/box/thumbnails/1.png
[0.219s] -- Up-to-date symlink: /home/prashun/ros2_ws/install/uno/share/uno/meshes/box/thumbnails/2.png
[0.219s] -- Up-to-date symlink: /home/prashun/ros2_ws/install/uno/share/uno/meshes/box/thumbnails/3.png
[0.219s] -- Up-to-date symlink: /home/prashun/ros2_ws/install/uno/share/uno/meshes/box/thumbnails/4.png
[0.219s] -- Up-to-date symlink: /home/prashun/ros2_ws/install/uno/share/uno/meshes/box/thumbnails/5.png
[0.220s] -- Up-to-date symlink: /home/prashun/ros2_ws/install/uno/share/uno/meshes/man/materials/textures/eyebrow001-unmodified.png
[0.220s] -- Up-to-date symlink: /home/prashun/ros2_ws/install/uno/share/uno/meshes/man/materials/textures/eyebrow001.png
[0.221s] -- Up-to-date symlink: /home/prashun/ros2_ws/install/uno/share/uno/meshes/man/materials/textures/green_eye.png
[0.221s] -- Up-to-date symlink: /home/prashun/ros2_ws/install/uno/share/uno/meshes/man/materials/textures/jeans01_normals.png
[0.221s] -- Up-to-date symlink: /home/prashun/ros2_ws/install/uno/share/uno/meshes/man/materials/textures/jeans_basic_diffuse.png
[0.221s] -- Up-to-date symlink: /home/prashun/ros2_ws/install/uno/share/uno/meshes/man/materials/textures/male02_diffuse_black-unmodified.png
[0.221s] -- Up-to-date symlink: /home/prashun/ros2_ws/install/uno/share/uno/meshes/man/materials/textures/male02_diffuse_black.png
[0.222s] -- Up-to-date symlink: /home/prashun/ros2_ws/install/uno/share/uno/meshes/man/materials/textures/teeth.png
[0.222s] -- Up-to-date symlink: /home/prashun/ros2_ws/install/uno/share/uno/meshes/man/materials/textures/tshirt02_normals.png
[0.222s] -- Up-to-date symlink: /home/prashun/ros2_ws/install/uno/share/uno/meshes/man/materials/textures/tshirt02_texture.png
[0.222s] -- Up-to-date symlink: /home/prashun/ros2_ws/install/uno/share/uno/meshes/man/materials/textures/young_lightskinned_male_diffuse.png
[0.222s] -- Up-to-date symlink: /home/prashun/ros2_ws/install/uno/share/uno/meshes/man/meshes/walking.dae
[0.223s] -- Up-to-date symlink: /home/prashun/ros2_ws/install/uno/share/uno/meshes/man/model.config
[0.223s] -- Up-to-date symlink: /home/prashun/ros2_ws/install/uno/share/uno/meshes/man/model.sdf
[0.223s] -- Up-to-date symlink: /home/prashun/ros2_ws/install/uno/share/uno/meshes/man/thumbnails/1.png
[0.224s] -- Up-to-date symlink: /home/prashun/ros2_ws/install/uno/share/uno/meshes/man/thumbnails/2.png
[0.224s] -- Up-to-date symlink: /home/prashun/ros2_ws/install/uno/share/uno/meshes/man/thumbnails/3.png
[0.224s] -- Up-to-date symlink: /home/prashun/ros2_ws/install/uno/share/uno/meshes/man/thumbnails/4.png
[0.224s] -- Up-to-date symlink: /home/prashun/ros2_ws/install/uno/share/uno/meshes/man/thumbnails/5.png
[0.224s] -- Up-to-date symlink: /home/prashun/ros2_ws/install/uno/share/uno/meshes/rack/meshes/Box_paper_04_1_Base_Color.png
[0.224s] -- Up-to-date symlink: /home/prashun/ros2_ws/install/uno/share/uno/meshes/rack/meshes/shelf_big_movai.dae
[0.225s] -- Up-to-date symlink: /home/prashun/ros2_ws/install/uno/share/uno/meshes/rack/model.config
[0.225s] -- Up-to-date symlink: /home/prashun/ros2_ws/install/uno/share/uno/meshes/rack/model.sdf
[0.225s] -- Up-to-date symlink: /home/prashun/ros2_ws/install/uno/share/uno/meshes/rack/thumbnails/rack-1.png
[0.226s] -- Up-to-date symlink: /home/prashun/ros2_ws/install/uno/share/uno/meshes/rack/meshes/meshes/Box_paper_04_1_Base_Color.png
[0.226s] -- Up-to-date symlink: /home/prashun/ros2_ws/install/uno/share/uno/meshes/rack/meshes/meshes/shelf_big_movai.dae
[0.226s] -- Up-to-date symlink: /home/prashun/ros2_ws/install/uno/share/uno/meshes/rack/thumbnails/thumbnails/rack-1.png
[0.227s] -- Up-to-date symlink: /home/prashun/ros2_ws/install/uno/share/uno/meshes/box/meshes/meshes/cardboard_box.dae
[0.228s] -- Up-to-date symlink: /home/prashun/ros2_ws/install/uno/share/uno/meshes/box/meshes/meshes/cardboard_box.png
[0.228s] -- Up-to-date symlink: /home/prashun/ros2_ws/install/uno/share/uno/meshes/box/thumbnails/thumbnails/1.png
[0.228s] -- Up-to-date symlink: /home/prashun/ros2_ws/install/uno/share/uno/meshes/box/thumbnails/thumbnails/2.png
[0.228s] -- Up-to-date symlink: /home/prashun/ros2_ws/install/uno/share/uno/meshes/box/thumbnails/thumbnails/3.png
[0.228s] -- Up-to-date symlink: /home/prashun/ros2_ws/install/uno/share/uno/meshes/box/thumbnails/thumbnails/4.png
[0.229s] -- Up-to-date symlink: /home/prashun/ros2_ws/install/uno/share/uno/meshes/box/thumbnails/thumbnails/5.png
[0.229s] -- Up-to-date symlink: /home/prashun/ros2_ws/install/uno/share/uno/meshes/man/meshes/meshes/walking.dae
[0.230s] -- Up-to-date symlink: /home/prashun/ros2_ws/install/uno/share/uno/meshes/man/thumbnails/thumbnails/1.png
[0.230s] -- Up-to-date symlink: /home/prashun/ros2_ws/install/uno/share/uno/meshes/man/thumbnails/thumbnails/2.png
[0.230s] -- Up-to-date symlink: /home/prashun/ros2_ws/install/uno/share/uno/meshes/man/thumbnails/thumbnails/3.png
[0.230s] -- Up-to-date symlink: /home/prashun/ros2_ws/install/uno/share/uno/meshes/man/thumbnails/thumbnails/4.png
[0.230s] -- Up-to-date symlink: /home/prashun/ros2_ws/install/uno/share/uno/meshes/man/thumbnails/thumbnails/5.png
[0.231s] -- Up-to-date symlink: /home/prashun/ros2_ws/install/uno/share/uno/meshes/man/materiials/materials/textures/eyebrow001-unmodified.png
[0.232s] -- Up-to-date symlink: /home/prashun/ros2_ws/install/uno/share/uno/meshes/man/materiials/materials/textures/eyebrow001.png
[0.232s] -- Up-to-date symlink: /home/prashun/ros2_ws/install/uno/share/uno/meshes/man/materiials/materials/textures/green_eye.png
[0.232s] -- Up-to-date symlink: /home/prashun/ros2_ws/install/uno/share/uno/meshes/man/materiials/materials/textures/jeans01_normals.png
[0.232s] -- Up-to-date symlink: /home/prashun/ros2_ws/install/uno/share/uno/meshes/man/materiials/materials/textures/jeans_basic_diffuse.png
[0.232s] -- Up-to-date symlink: /home/prashun/ros2_ws/install/uno/share/uno/meshes/man/materiials/materials/textures/male02_diffuse_black-unmodified.png
[0.233s] -- Up-to-date symlink: /home/prashun/ros2_ws/install/uno/share/uno/meshes/man/materiials/materials/textures/male02_diffuse_black.png
[0.233s] -- Up-to-date symlink: /home/prashun/ros2_ws/install/uno/share/uno/meshes/man/materiials/materials/textures/teeth.png
[0.233s] -- Up-to-date symlink: /home/prashun/ros2_ws/install/uno/share/uno/meshes/man/materiials/materials/textures/tshirt02_normals.png
[0.233s] -- Up-to-date symlink: /home/prashun/ros2_ws/install/uno/share/uno/meshes/man/materiials/materials/textures/tshirt02_texture.png
[0.233s] -- Up-to-date symlink: /home/prashun/ros2_ws/install/uno/share/uno/meshes/man/materiials/materials/textures/young_lightskinned_male_diffuse.png
[0.234s] -- Up-to-date symlink: /home/prashun/ros2_ws/install/uno/share/ament_index/resource_index/package_run_dependencies/uno
[0.234s] -- Up-to-date symlink: /home/prashun/ros2_ws/install/uno/share/ament_index/resource_index/parent_prefix_path/uno
[0.235s] -- Up-to-date symlink: /home/prashun/ros2_ws/install/uno/share/uno/environment/ament_prefix_path.sh
[0.235s] -- Up-to-date symlink: /home/prashun/ros2_ws/install/uno/share/uno/environment/ament_prefix_path.dsv
[0.235s] -- Up-to-date symlink: /home/prashun/ros2_ws/install/uno/share/uno/environment/path.sh
[0.235s] -- Up-to-date symlink: /home/prashun/ros2_ws/install/uno/share/uno/environment/path.dsv
[0.236s] -- Up-to-date symlink: /home/prashun/ros2_ws/install/uno/share/uno/local_setup.bash
[0.236s] -- Up-to-date symlink: /home/prashun/ros2_ws/install/uno/share/uno/local_setup.sh
[0.236s] -- Up-to-date symlink: /home/prashun/ros2_ws/install/uno/share/uno/local_setup.zsh
[0.236s] -- Up-to-date symlink: /home/prashun/ros2_ws/install/uno/share/uno/local_setup.dsv
[0.237s] -- Symlinking: /home/prashun/ros2_ws/install/uno/share/uno/package.dsv
[0.246s] -- Up-to-date symlink: /home/prashun/ros2_ws/install/uno/share/ament_index/resource_index/packages/uno
[0.246s] -- Up-to-date symlink: /home/prashun/ros2_ws/install/uno/share/uno/cmake/unoConfig.cmake
[0.246s] -- Up-to-date symlink: /home/prashun/ros2_ws/install/uno/share/uno/cmake/unoConfig-version.cmake
[0.247s] -- Up-to-date symlink: /home/prashun/ros2_ws/install/uno/share/uno/package.xml
[0.249s] Invoked command in '/home/prashun/ros2_ws/build/uno' returned '0': CMAKE_PREFIX_PATH=${CMAKE_PREFIX_PATH}:/opt/ros/humble /usr/bin/cmake --install /home/prashun/ros2_ws/build/uno
