[0.450s] Invoking command in '/home/prashun/ros2_ws/build/uno': CMAKE_PREFIX_PATH=${CMAKE_PREFIX_PATH}:/opt/ros/humble /usr/bin/cmake /home/prashun/ros2_ws/src/uno -DAMENT_CMAKE_SYMLINK_INSTALL=1 -DCMAKE_INSTALL_PREFIX=/home/prashun/ros2_ws/install/uno
[0.472s] -- Found ament_cmake: 1.3.10 (/opt/ros/humble/share/ament_cmake/cmake)
[0.668s] -- Override CMake install command with custom implementation using symlinks instead of copying resources
[0.680s] -- Found rclcpp: 16.0.10 (/opt/ros/humble/share/rclcpp/cmake)
[0.721s] -- Found rosidl_generator_c: 3.1.5 (/opt/ros/humble/share/rosidl_generator_c/cmake)
[0.726s] -- Found rosidl_adapter: 3.1.5 (/opt/ros/humble/share/rosidl_adapter/cmake)
[0.734s] -- Found rosidl_generator_cpp: 3.1.5 (/opt/ros/humble/share/rosidl_generator_cpp/cmake)
[0.757s] -- Using all available rosidl_typesupport_c: rosidl_typesupport_fastrtps_c;rosidl_typesupport_introspection_c
[0.777s] -- Using all available rosidl_typesupport_cpp: rosidl_typesupport_fastrtps_cpp;rosidl_typesupport_introspection_cpp
[0.826s] -- Found rmw_implementation_cmake: 6.1.2 (/opt/ros/humble/share/rmw_implementation_cmake/cmake)
[0.828s] -- Found rmw_fastrtps_cpp: 6.2.7 (/opt/ros/humble/share/rmw_fastrtps_cpp/cmake)
[1.025s] -- Using RMW implementation 'rmw_fastrtps_cpp' as default
[1.127s] -- Found ament_lint_auto: 0.12.11 (/opt/ros/humble/share/ament_lint_auto/cmake)
[1.244s] -- Added test 'flake8' to check Python code syntax and style conventions
[1.245s] -- Added test 'lint_cmake' to check CMake code style
[1.245s] -- Added test 'pep257' to check Python code against some of the docstring style conventions in PEP 257
[1.247s] -- Added test 'xmllint' to check XML markup files
[1.248s] -- Configuring done
[1.255s] -- Generating done
[1.257s] -- Build files have been written to: /home/prashun/ros2_ws/build/uno
[1.270s] Invoked command in '/home/prashun/ros2_ws/build/uno' returned '0': CMAKE_PREFIX_PATH=${CMAKE_PREFIX_PATH}:/opt/ros/humble /usr/bin/cmake /home/prashun/ros2_ws/src/uno -DAMENT_CMAKE_SYMLINK_INSTALL=1 -DCMAKE_INSTALL_PREFIX=/home/prashun/ros2_ws/install/uno
[1.271s] Invoking command in '/home/prashun/ros2_ws/build/uno': CMAKE_PREFIX_PATH=${CMAKE_PREFIX_PATH}:/opt/ros/humble /usr/bin/cmake --build /home/prashun/ros2_ws/build/uno -- -j8 -l8
[1.332s] Invoked command in '/home/prashun/ros2_ws/build/uno' returned '0': CMAKE_PREFIX_PATH=${CMAKE_PREFIX_PATH}:/opt/ros/humble /usr/bin/cmake --build /home/prashun/ros2_ws/build/uno -- -j8 -l8
[1.363s] Invoking command in '/home/prashun/ros2_ws/build/uno': CMAKE_PREFIX_PATH=${CMAKE_PREFIX_PATH}:/opt/ros/humble /usr/bin/cmake --install /home/prashun/ros2_ws/build/uno
[1.372s] -- Install configuration: ""
[1.373s] -- Execute custom install script
[1.373s] -- Up-to-date symlink: /home/prashun/ros2_ws/install/uno/share/uno/config/controller.yaml
[1.374s] -- Up-to-date symlink: /home/prashun/ros2_ws/install/uno/share/uno/sdf/empty_room.sdf
[1.375s] -- Up-to-date symlink: /home/prashun/ros2_ws/install/uno/share/uno/urdf/diff_drive_robot.urdf
[1.375s] -- Up-to-date symlink: /home/prashun/ros2_ws/install/uno/share/uno/launch/display.enviornment.launch.py
[1.375s] -- Up-to-date symlink: /home/prashun/ros2_ws/install/uno/share/uno/launch/display.robot.launch.py
[1.375s] -- Up-to-date symlink: /home/prashun/ros2_ws/install/uno/share/uno/launch/display.robotinenviornment.launch.py
[1.375s] -- Up-to-date symlink: /home/prashun/ros2_ws/install/uno/share/ament_index/resource_index/package_run_dependencies/uno
[1.379s] -- Up-to-date symlink: /home/prashun/ros2_ws/install/uno/share/ament_index/resource_index/parent_prefix_path/uno
[1.379s] -- Up-to-date symlink: /home/prashun/ros2_ws/install/uno/share/uno/environment/ament_prefix_path.sh
[1.379s] -- Up-to-date symlink: /home/prashun/ros2_ws/install/uno/share/uno/environment/ament_prefix_path.dsv
[1.379s] -- Up-to-date symlink: /home/prashun/ros2_ws/install/uno/share/uno/environment/path.sh
[1.379s] -- Up-to-date symlink: /home/prashun/ros2_ws/install/uno/share/uno/environment/path.dsv
[1.379s] -- Up-to-date symlink: /home/prashun/ros2_ws/install/uno/share/uno/local_setup.bash
[1.380s] -- Up-to-date symlink: /home/prashun/ros2_ws/install/uno/share/uno/local_setup.sh
[1.380s] -- Up-to-date symlink: /home/prashun/ros2_ws/install/uno/share/uno/local_setup.zsh
[1.380s] -- Up-to-date symlink: /home/prashun/ros2_ws/install/uno/share/uno/local_setup.dsv
[1.380s] -- Symlinking: /home/prashun/ros2_ws/install/uno/share/uno/package.dsv
[1.391s] -- Up-to-date symlink: /home/prashun/ros2_ws/install/uno/share/ament_index/resource_index/packages/uno
[1.392s] -- Up-to-date symlink: /home/prashun/ros2_ws/install/uno/share/uno/cmake/unoConfig.cmake
[1.392s] -- Up-to-date symlink: /home/prashun/ros2_ws/install/uno/share/uno/cmake/unoConfig-version.cmake
[1.392s] -- Up-to-date symlink: /home/prashun/ros2_ws/install/uno/share/uno/package.xml
[1.399s] Invoked command in '/home/prashun/ros2_ws/build/uno' returned '0': CMAKE_PREFIX_PATH=${CMAKE_PREFIX_PATH}:/opt/ros/humble /usr/bin/cmake --install /home/prashun/ros2_ws/build/uno
