-- Install configuration: ""
-- Execute custom install script
-- Up-to-date symlink: /home/prashun/ros2_ws/install/uno/share/uno/config/controller.yaml
-- Up-to-date symlink: /home/prashun/ros2_ws/install/uno/share/uno/config/rgbd_cam.rviz
-- Up-to-date symlink: /home/prashun/ros2_ws/install/uno/share/uno/config/robot.rviz
-- Symlinking: /home/prashun/ros2_ws/install/uno/share/uno/sdf/simple_warehouse.sdf
-- Up-to-date symlink: /home/prashun/ros2_ws/install/uno/share/uno/urdf/diff_drive_robot.urdf
-- Up-to-date symlink: /home/prashun/ros2_ws/install/uno/share/uno/launch/display.robot.launch.py
-- Up-to-date symlink: /home/prashun/ros2_ws/install/uno/share/uno/meshes/box/meshes/cardboard_box.dae
-- Up-to-date symlink: /home/prashun/ros2_ws/install/uno/share/uno/meshes/box/meshes/cardboard_box.png
-- Up-to-date symlink: /home/prashun/ros2_ws/install/uno/share/uno/meshes/box/model.config
-- Up-to-date symlink: /home/prashun/ros2_ws/install/uno/share/uno/meshes/box/model.sdf
-- Up-to-date symlink: /home/prashun/ros2_ws/install/uno/share/uno/meshes/box/thumbnails/1.png
-- Up-to-date symlink: /home/prashun/ros2_ws/install/uno/share/uno/meshes/box/thumbnails/2.png
-- Up-to-date symlink: /home/prashun/ros2_ws/install/uno/share/uno/meshes/box/thumbnails/3.png
-- Up-to-date symlink: /home/prashun/ros2_ws/install/uno/share/uno/meshes/box/thumbnails/4.png
-- Up-to-date symlink: /home/prashun/ros2_ws/install/uno/share/uno/meshes/box/thumbnails/5.png
-- Up-to-date symlink: /home/prashun/ros2_ws/install/uno/share/uno/meshes/rack/meshes/Box_paper_04_1_Base_Color.png
-- Up-to-date symlink: /home/prashun/ros2_ws/install/uno/share/uno/meshes/rack/meshes/shelf_big_movai.dae
-- Up-to-date symlink: /home/prashun/ros2_ws/install/uno/share/uno/meshes/rack/model.config
-- Up-to-date symlink: /home/prashun/ros2_ws/install/uno/share/uno/meshes/rack/model.sdf
-- Up-to-date symlink: /home/prashun/ros2_ws/install/uno/share/uno/meshes/rack/thumbnails/rack-1.png
-- Up-to-date symlink: /home/prashun/ros2_ws/install/uno/share/uno/meshes/rack/meshes/meshes/Box_paper_04_1_Base_Color.png
-- Up-to-date symlink: /home/prashun/ros2_ws/install/uno/share/uno/meshes/rack/meshes/meshes/shelf_big_movai.dae
-- Up-to-date symlink: /home/prashun/ros2_ws/install/uno/share/uno/meshes/rack/thumbnails/thumbnails/rack-1.png
-- Up-to-date symlink: /home/prashun/ros2_ws/install/uno/share/uno/meshes/box/meshes/meshes/cardboard_box.dae
-- Up-to-date symlink: /home/prashun/ros2_ws/install/uno/share/uno/meshes/box/meshes/meshes/cardboard_box.png
-- Up-to-date symlink: /home/prashun/ros2_ws/install/uno/share/uno/meshes/box/thumbnails/thumbnails/1.png
-- Up-to-date symlink: /home/prashun/ros2_ws/install/uno/share/uno/meshes/box/thumbnails/thumbnails/2.png
-- Up-to-date symlink: /home/prashun/ros2_ws/install/uno/share/uno/meshes/box/thumbnails/thumbnails/3.png
-- Up-to-date symlink: /home/prashun/ros2_ws/install/uno/share/uno/meshes/box/thumbnails/thumbnails/4.png
-- Up-to-date symlink: /home/prashun/ros2_ws/install/uno/share/uno/meshes/box/thumbnails/thumbnails/5.png
-- Up-to-date symlink: /home/prashun/ros2_ws/install/uno/share/ament_index/resource_index/package_run_dependencies/uno
-- Up-to-date symlink: /home/prashun/ros2_ws/install/uno/share/ament_index/resource_index/parent_prefix_path/uno
-- Up-to-date symlink: /home/prashun/ros2_ws/install/uno/share/uno/environment/ament_prefix_path.sh
-- Up-to-date symlink: /home/prashun/ros2_ws/install/uno/share/uno/environment/ament_prefix_path.dsv
-- Up-to-date symlink: /home/prashun/ros2_ws/install/uno/share/uno/environment/path.sh
-- Up-to-date symlink: /home/prashun/ros2_ws/install/uno/share/uno/environment/path.dsv
-- Up-to-date symlink: /home/prashun/ros2_ws/install/uno/share/uno/local_setup.bash
-- Up-to-date symlink: /home/prashun/ros2_ws/install/uno/share/uno/local_setup.sh
-- Up-to-date symlink: /home/prashun/ros2_ws/install/uno/share/uno/local_setup.zsh
-- Up-to-date symlink: /home/prashun/ros2_ws/install/uno/share/uno/local_setup.dsv
-- Symlinking: /home/prashun/ros2_ws/install/uno/share/uno/package.dsv
-- Up-to-date symlink: /home/prashun/ros2_ws/install/uno/share/ament_index/resource_index/packages/uno
-- Up-to-date symlink: /home/prashun/ros2_ws/install/uno/share/uno/cmake/unoConfig.cmake
-- Up-to-date symlink: /home/prashun/ros2_ws/install/uno/share/uno/cmake/unoConfig-version.cmake
-- Up-to-date symlink: /home/prashun/ros2_ws/install/uno/share/uno/package.xml
