[0.008s] Invoking command in '/home/prashun/ros2_ws/build/uno': CMAKE_PREFIX_PATH=${CMAKE_PREFIX_PATH}:/opt/ros/humble /usr/bin/cmake /home/prashun/ros2_ws/src/uno -DAMENT_CMAKE_SYMLINK_INSTALL=1 -DCMAKE_INSTALL_PREFIX=/home/prashun/ros2_ws/install/uno
[0.022s] -- Found ament_cmake: 1.3.10 (/opt/ros/humble/share/ament_cmake/cmake)
[0.115s] -- Override CMake install command with custom implementation using symlinks instead of copying resources
[0.125s] -- Found rclcpp: 16.0.10 (/opt/ros/humble/share/rclcpp/cmake)
[0.154s] -- Found rosidl_generator_c: 3.1.5 (/opt/ros/humble/share/rosidl_generator_c/cmake)
[0.156s] -- Found rosidl_adapter: 3.1.5 (/opt/ros/humble/share/rosidl_adapter/cmake)
[0.162s] -- Found rosidl_generator_cpp: 3.1.5 (/opt/ros/humble/share/rosidl_generator_cpp/cmake)
[0.170s] -- Using all available rosidl_typesupport_c: rosidl_typesupport_fastrtps_c;rosidl_typesupport_introspection_c
[0.181s] -- Using all available rosidl_typesupport_cpp: rosidl_typesupport_fastrtps_cpp;rosidl_typesupport_introspection_cpp
[0.212s] -- Found rmw_implementation_cmake: 6.1.2 (/opt/ros/humble/share/rmw_implementation_cmake/cmake)
[0.214s] -- Found rmw_fastrtps_cpp: 6.2.7 (/opt/ros/humble/share/rmw_fastrtps_cpp/cmake)
[0.291s] -- Using RMW implementation 'rmw_fastrtps_cpp' as default
[0.340s] -- Found ament_lint_auto: 0.12.11 (/opt/ros/humble/share/ament_lint_auto/cmake)
[0.400s] -- Added test 'flake8' to check Python code syntax and style conventions
[0.401s] -- Added test 'lint_cmake' to check CMake code style
[0.401s] -- Added test 'pep257' to check Python code against some of the docstring style conventions in PEP 257
[0.402s] -- Added test 'xmllint' to check XML markup files
[0.403s] -- Configuring done
[0.407s] -- Generating done
[0.408s] -- Build files have been written to: /home/prashun/ros2_ws/build/uno
[0.414s] Invoked command in '/home/prashun/ros2_ws/build/uno' returned '0': CMAKE_PREFIX_PATH=${CMAKE_PREFIX_PATH}:/opt/ros/humble /usr/bin/cmake /home/prashun/ros2_ws/src/uno -DAMENT_CMAKE_SYMLINK_INSTALL=1 -DCMAKE_INSTALL_PREFIX=/home/prashun/ros2_ws/install/uno
[0.415s] Invoking command in '/home/prashun/ros2_ws/build/uno': CMAKE_PREFIX_PATH=${CMAKE_PREFIX_PATH}:/opt/ros/humble /usr/bin/cmake --build /home/prashun/ros2_ws/build/uno -- -j8 -l8
[0.444s] Invoked command in '/home/prashun/ros2_ws/build/uno' returned '0': CMAKE_PREFIX_PATH=${CMAKE_PREFIX_PATH}:/opt/ros/humble /usr/bin/cmake --build /home/prashun/ros2_ws/build/uno -- -j8 -l8
[0.464s] Invoking command in '/home/prashun/ros2_ws/build/uno': CMAKE_PREFIX_PATH=${CMAKE_PREFIX_PATH}:/opt/ros/humble /usr/bin/cmake --install /home/prashun/ros2_ws/build/uno
[0.469s] -- Install configuration: ""
[0.469s] -- Execute custom install script
[0.470s] -- Symlinking: /home/prashun/ros2_ws/install/uno/share/uno/config/controller.yaml
[0.476s] -- Symlinking: /home/prashun/ros2_ws/install/uno/share/uno/sdf/empty_room.sdf
[0.482s] -- Symlinking: /home/prashun/ros2_ws/install/uno/share/uno/urdf/diff_drive_robot.urdf
[0.489s] -- Symlinking: /home/prashun/ros2_ws/install/uno/share/uno/launch/display.robot.launch.py
[0.495s] -- Symlinking: /home/prashun/ros2_ws/install/uno/share/ament_index/resource_index/package_run_dependencies/uno
[0.501s] -- Symlinking: /home/prashun/ros2_ws/install/uno/share/ament_index/resource_index/parent_prefix_path/uno
[0.506s] -- Symlinking: /home/prashun/ros2_ws/install/uno/share/uno/environment/ament_prefix_path.sh
[0.512s] -- Symlinking: /home/prashun/ros2_ws/install/uno/share/uno/environment/ament_prefix_path.dsv
[0.518s] -- Symlinking: /home/prashun/ros2_ws/install/uno/share/uno/environment/path.sh
[0.523s] -- Symlinking: /home/prashun/ros2_ws/install/uno/share/uno/environment/path.dsv
[0.529s] -- Symlinking: /home/prashun/ros2_ws/install/uno/share/uno/local_setup.bash
[0.535s] -- Symlinking: /home/prashun/ros2_ws/install/uno/share/uno/local_setup.sh
[0.541s] -- Symlinking: /home/prashun/ros2_ws/install/uno/share/uno/local_setup.zsh
[0.547s] -- Symlinking: /home/prashun/ros2_ws/install/uno/share/uno/local_setup.dsv
[0.552s] -- Symlinking: /home/prashun/ros2_ws/install/uno/share/uno/package.dsv
[0.558s] -- Symlinking: /home/prashun/ros2_ws/install/uno/share/ament_index/resource_index/packages/uno
[0.563s] -- Symlinking: /home/prashun/ros2_ws/install/uno/share/uno/cmake/unoConfig.cmake
[0.569s] -- Symlinking: /home/prashun/ros2_ws/install/uno/share/uno/cmake/unoConfig-version.cmake
[0.574s] -- Symlinking: /home/prashun/ros2_ws/install/uno/share/uno/package.xml
[0.581s] Invoked command in '/home/prashun/ros2_ws/build/uno' returned '0': CMAKE_PREFIX_PATH=${CMAKE_PREFIX_PATH}:/opt/ros/humble /usr/bin/cmake --install /home/prashun/ros2_ws/build/uno
