[0.011s] Invoking command in '/home/prashun/ros2_ws/build/uno': CMAKE_PREFIX_PATH=${CMAKE_PREFIX_PATH}:/opt/ros/humble /usr/bin/cmake /home/prashun/ros2_ws/src/uno -DCMAKE_INSTALL_PREFIX=/home/prashun/ros2_ws/install/uno
[0.021s] -- Found ament_cmake: 1.3.10 (/opt/ros/humble/share/ament_cmake/cmake)
[0.143s] -- Override CMake install command with custom implementation using symlinks instead of copying resources
[0.151s] -- Found rclcpp: 16.0.10 (/opt/ros/humble/share/rclcpp/cmake)
[0.179s] -- Found rosidl_generator_c: 3.1.5 (/opt/ros/humble/share/rosidl_generator_c/cmake)
[0.182s] -- Found rosidl_adapter: 3.1.5 (/opt/ros/humble/share/rosidl_adapter/cmake)
[0.188s] -- Found rosidl_generator_cpp: 3.1.5 (/opt/ros/humble/share/rosidl_generator_cpp/cmake)
[0.198s] -- Using all available rosidl_typesupport_c: rosidl_typesupport_fastrtps_c;rosidl_typesupport_introspection_c
[0.211s] -- Using all available rosidl_typesupport_cpp: rosidl_typesupport_fastrtps_cpp;rosidl_typesupport_introspection_cpp
[0.244s] -- Found rmw_implementation_cmake: 6.1.2 (/opt/ros/humble/share/rmw_implementation_cmake/cmake)
[0.246s] -- Found rmw_fastrtps_cpp: 6.2.7 (/opt/ros/humble/share/rmw_fastrtps_cpp/cmake)
[0.365s] -- Using RMW implementation 'rmw_fastrtps_cpp' as default
[0.432s] -- Found ament_lint_auto: 0.12.11 (/opt/ros/humble/share/ament_lint_auto/cmake)
[0.503s] -- Added test 'flake8' to check Python code syntax and style conventions
[0.503s] -- Added test 'lint_cmake' to check CMake code style
[0.503s] -- Added test 'pep257' to check Python code against some of the docstring style conventions in PEP 257
[0.504s] -- Added test 'xmllint' to check XML markup files
[0.505s] -- Configuring done
[0.509s] -- Generating done
[0.510s] -- Build files have been written to: /home/prashun/ros2_ws/build/uno
[0.517s] Invoked command in '/home/prashun/ros2_ws/build/uno' returned '0': CMAKE_PREFIX_PATH=${CMAKE_PREFIX_PATH}:/opt/ros/humble /usr/bin/cmake /home/prashun/ros2_ws/src/uno -DCMAKE_INSTALL_PREFIX=/home/prashun/ros2_ws/install/uno
[0.518s] Invoking command in '/home/prashun/ros2_ws/build/uno': CMAKE_PREFIX_PATH=${CMAKE_PREFIX_PATH}:/opt/ros/humble /usr/bin/cmake --build /home/prashun/ros2_ws/build/uno -- -j8 -l8
[0.553s] Invoked command in '/home/prashun/ros2_ws/build/uno' returned '0': CMAKE_PREFIX_PATH=${CMAKE_PREFIX_PATH}:/opt/ros/humble /usr/bin/cmake --build /home/prashun/ros2_ws/build/uno -- -j8 -l8
[0.579s] Invoking command in '/home/prashun/ros2_ws/build/uno': CMAKE_PREFIX_PATH=${CMAKE_PREFIX_PATH}:/opt/ros/humble /usr/bin/cmake --install /home/prashun/ros2_ws/build/uno
[0.586s] -- Install configuration: ""
[0.586s] -- Execute custom install script
[0.587s] -- Symlinking: /home/prashun/ros2_ws/install/uno/share/uno/config/controller.yaml
[0.595s] -- Symlinking: /home/prashun/ros2_ws/install/uno/share/uno/sdf/empty_room.sdf
[0.602s] -- Symlinking: /home/prashun/ros2_ws/install/uno/share/uno/urdf/diff_drive_robot.urdf
[0.611s] -- Symlinking: /home/prashun/ros2_ws/install/uno/share/uno/launch/display.enviornment.launch.py
[0.619s] -- Symlinking: /home/prashun/ros2_ws/install/uno/share/uno/launch/display.robot.launch.py
[0.627s] -- Symlinking: /home/prashun/ros2_ws/install/uno/share/uno/launch/display.robotinenviornment.launch.py
[0.635s] -- Symlinking: /home/prashun/ros2_ws/install/uno/share/ament_index/resource_index/package_run_dependencies/uno
[0.643s] -- Symlinking: /home/prashun/ros2_ws/install/uno/share/ament_index/resource_index/parent_prefix_path/uno
[0.651s] -- Symlinking: /home/prashun/ros2_ws/install/uno/share/uno/environment/ament_prefix_path.sh
[0.659s] -- Symlinking: /home/prashun/ros2_ws/install/uno/share/uno/environment/ament_prefix_path.dsv
[0.667s] -- Symlinking: /home/prashun/ros2_ws/install/uno/share/uno/environment/path.sh
[0.675s] -- Symlinking: /home/prashun/ros2_ws/install/uno/share/uno/environment/path.dsv
[0.682s] -- Symlinking: /home/prashun/ros2_ws/install/uno/share/uno/local_setup.bash
[0.690s] -- Symlinking: /home/prashun/ros2_ws/install/uno/share/uno/local_setup.sh
[0.698s] -- Symlinking: /home/prashun/ros2_ws/install/uno/share/uno/local_setup.zsh
[0.706s] -- Symlinking: /home/prashun/ros2_ws/install/uno/share/uno/local_setup.dsv
[0.714s] -- Symlinking: /home/prashun/ros2_ws/install/uno/share/uno/package.dsv
[0.721s] -- Symlinking: /home/prashun/ros2_ws/install/uno/share/ament_index/resource_index/packages/uno
[0.730s] -- Symlinking: /home/prashun/ros2_ws/install/uno/share/uno/cmake/unoConfig.cmake
[0.739s] -- Symlinking: /home/prashun/ros2_ws/install/uno/share/uno/cmake/unoConfig-version.cmake
[0.746s] -- Symlinking: /home/prashun/ros2_ws/install/uno/share/uno/package.xml
[0.756s] Invoked command in '/home/prashun/ros2_ws/build/uno' returned '0': CMAKE_PREFIX_PATH=${CMAKE_PREFIX_PATH}:/opt/ros/humble /usr/bin/cmake --install /home/prashun/ros2_ws/build/uno
