[0.001s] Invoking command in '/home/prashun/ros2_ws/build/controller_interface': AMENT_PREFIX_PATH=/home/prashun/ros2_ws/install/hardware_interface:/home/prashun/ros2_ws/install/ros2_control_test_assets:/home/prashun/ros2_ws/install/joint_limits:${AMENT_PREFIX_PATH} CMAKE_PREFIX_PATH=/home/prashun/ros2_ws/install/hardware_interface:/home/prashun/ros2_ws/install/ros2_control_test_assets:/home/prashun/ros2_ws/install/joint_limits:/home/prashun/ros2_ws/install/uno:/opt/ros/humble LD_LIBRARY_PATH=/home/prashun/ros2_ws/install/hardware_interface/lib:/home/prashun/ros2_ws/install/ros2_control_test_assets/lib:/home/prashun/ros2_ws/install/joint_limits/lib:${LD_LIBRARY_PATH} /usr/bin/cmake /home/prashun/ros2_ws/src/ros2_control/controller_interface -DAMENT_CMAKE_SYMLINK_INSTALL=1 -DCMAKE_INSTALL_PREFIX=/home/prashun/ros2_ws/install/controller_interface
[0.094s] -- The CXX compiler identification is GNU 11.4.0
[0.104s] -- Detecting CXX compiler ABI info
[0.204s] -- Detecting CXX compiler ABI info - done
[0.214s] -- Check for working CXX compiler: /usr/bin/c++ - skipped
[0.215s] -- Detecting CXX compile features
[0.215s] -- Detecting CXX compile features - done
[0.218s] -- Found ament_cmake: 1.3.10 (/opt/ros/humble/share/ament_cmake/cmake)
[0.425s] -- Found Python3: /usr/bin/python3 (found version "3.10.12") found components: Interpreter 
[0.514s] -- Override CMake install command with custom implementation using symlinks instead of copying resources
[0.544s] -- Found hardware_interface: 4.18.0 (/home/prashun/ros2_ws/install/hardware_interface/share/hardware_interface/cmake)
[0.592s] -- Found rosidl_generator_c: 3.1.5 (/opt/ros/humble/share/rosidl_generator_c/cmake)
[0.598s] -- Found rosidl_adapter: 3.1.5 (/opt/ros/humble/share/rosidl_adapter/cmake)
[0.608s] -- Found rosidl_generator_cpp: 3.1.5 (/opt/ros/humble/share/rosidl_generator_cpp/cmake)
[0.623s] -- Using all available rosidl_typesupport_c: rosidl_typesupport_fastrtps_c;rosidl_typesupport_introspection_c
[0.643s] -- Using all available rosidl_typesupport_cpp: rosidl_typesupport_fastrtps_cpp;rosidl_typesupport_introspection_cpp
[0.903s] -- Found rmw_implementation_cmake: 6.1.2 (/opt/ros/humble/share/rmw_implementation_cmake/cmake)
[0.906s] -- Found rmw_fastrtps_cpp: 6.2.7 (/opt/ros/humble/share/rmw_fastrtps_cpp/cmake)
[0.936s] -- Found TinyXML2 via Config file: TinyXML2_DIR-NOTFOUND
[1.000s] -- Found OpenSSL: /usr/lib/x86_64-linux-gnu/libcrypto.so (found version "3.0.2")  
[1.003s] -- Found TinyXML2 via Config file: TinyXML2_DIR-NOTFOUND
[1.022s] -- Found FastRTPS: /opt/ros/humble/include  
[1.027s] -- Found TinyXML2 via Config file: TinyXML2_DIR-NOTFOUND
[1.037s] -- Found TinyXML2 via Config file: TinyXML2_DIR-NOTFOUND
[1.050s] -- Using RMW implementation 'rmw_fastrtps_cpp' as default
[1.060s] -- Looking for C++ include pthread.h
[1.158s] -- Looking for C++ include pthread.h - found
[1.158s] -- Performing Test CMAKE_HAVE_LIBC_PTHREAD
[1.273s] -- Performing Test CMAKE_HAVE_LIBC_PTHREAD - Success
[1.275s] -- Found Threads: TRUE  
[1.394s] -- Found ament_cmake_gmock: 1.3.10 (/opt/ros/humble/share/ament_cmake_gmock/cmake)
[1.397s] -- Found gmock sources under '/opt/ros/humble/src/gmock_vendor': C++ tests using 'Google Mock' will be built
[1.445s] -- The C compiler identification is GNU 11.4.0
[1.454s] -- Detecting C compiler ABI info
[1.550s] -- Detecting C compiler ABI info - done
[1.560s] -- Check for working C compiler: /usr/bin/cc - skipped
[1.561s] -- Detecting C compile features
[1.561s] -- Detecting C compile features - done
[1.565s] -- Found ament_cmake_gtest: 1.3.10 (/opt/ros/humble/share/ament_cmake_gtest/cmake)
[1.566s] -- Found gtest sources under '/opt/ros/humble/src/gtest_vendor': C++ tests using 'Google Test' will be built
[1.700s] -- Configuring done
[1.785s] -- Generating done
[1.790s] -- Build files have been written to: /home/prashun/ros2_ws/build/controller_interface
[1.810s] Invoked command in '/home/prashun/ros2_ws/build/controller_interface' returned '0': AMENT_PREFIX_PATH=/home/prashun/ros2_ws/install/hardware_interface:/home/prashun/ros2_ws/install/ros2_control_test_assets:/home/prashun/ros2_ws/install/joint_limits:${AMENT_PREFIX_PATH} CMAKE_PREFIX_PATH=/home/prashun/ros2_ws/install/hardware_interface:/home/prashun/ros2_ws/install/ros2_control_test_assets:/home/prashun/ros2_ws/install/joint_limits:/home/prashun/ros2_ws/install/uno:/opt/ros/humble LD_LIBRARY_PATH=/home/prashun/ros2_ws/install/hardware_interface/lib:/home/prashun/ros2_ws/install/ros2_control_test_assets/lib:/home/prashun/ros2_ws/install/joint_limits/lib:${LD_LIBRARY_PATH} /usr/bin/cmake /home/prashun/ros2_ws/src/ros2_control/controller_interface -DAMENT_CMAKE_SYMLINK_INSTALL=1 -DCMAKE_INSTALL_PREFIX=/home/prashun/ros2_ws/install/controller_interface
[1.812s] Invoking command in '/home/prashun/ros2_ws/build/controller_interface': AMENT_PREFIX_PATH=/home/prashun/ros2_ws/install/hardware_interface:/home/prashun/ros2_ws/install/ros2_control_test_assets:/home/prashun/ros2_ws/install/joint_limits:${AMENT_PREFIX_PATH} CMAKE_PREFIX_PATH=/home/prashun/ros2_ws/install/hardware_interface:/home/prashun/ros2_ws/install/ros2_control_test_assets:/home/prashun/ros2_ws/install/joint_limits:/home/prashun/ros2_ws/install/uno:/opt/ros/humble LD_LIBRARY_PATH=/home/prashun/ros2_ws/install/hardware_interface/lib:/home/prashun/ros2_ws/install/ros2_control_test_assets/lib:/home/prashun/ros2_ws/install/joint_limits/lib:${LD_LIBRARY_PATH} /usr/bin/cmake --build /home/prashun/ros2_ws/build/controller_interface -- -j8 -l8
[1.874s] [  4%] [34m[1mGenerating controller_interface/version.h[0m
[1.896s] [  4%] Built target ament_generate_version_header__controller_interface
[1.921s] [  8%] [32mBuilding CXX object gmock/CMakeFiles/gmock.dir/opt/ros/humble/src/gtest_vendor/src/gtest-all.cc.o[0m
[7.344s] [ 12%] [32mBuilding CXX object gmock/CMakeFiles/gmock.dir/src/gmock-all.cc.o[0m
[10.329s] [ 16%] [32m[1mLinking CXX static library libgmock.a[0m
[10.429s] [ 16%] Built target gmock
[10.460s] [ 20%] [32mBuilding CXX object gmock/CMakeFiles/gmock_main.dir/src/gmock_main.cc.o[0m
[10.465s] [ 25%] [32mBuilding CXX object CMakeFiles/controller_interface.dir/src/chainable_controller_interface.cpp.o[0m
[10.469s] [ 29%] [32mBuilding CXX object CMakeFiles/controller_interface.dir/src/controller_interface_base.cpp.o[0m
[10.470s] [ 33%] [32mBuilding CXX object CMakeFiles/controller_interface.dir/src/controller_interface.cpp.o[0m
[13.126s] [ 37%] [32m[1mLinking CXX static library libgmock_main.a[0m
[13.326s] [ 37%] Built target gmock_main
[15.651s] [ 41%] [32m[1mLinking CXX shared library libcontroller_interface.so[0m
[15.917s] [ 41%] Built target controller_interface
[15.947s] [ 45%] [32mBuilding CXX object CMakeFiles/test_controller_interface.dir/test/test_controller_interface.cpp.o[0m
[21.334s] [ 50%] [32m[1mLinking CXX executable test_controller_interface[0m
[21.924s] [ 50%] Built target test_controller_interface
[21.953s] [ 54%] [32mBuilding CXX object CMakeFiles/test_imu_sensor.dir/test/test_imu_sensor.cpp.o[0m
[21.953s] [ 58%] [32mBuilding CXX object CMakeFiles/test_pose_sensor.dir/test/test_pose_sensor.cpp.o[0m
[24.845s] [ 62%] [32m[1mLinking CXX executable test_imu_sensor[0m
[25.323s] [ 62%] Built target test_imu_sensor
[25.354s] [ 66%] [32mBuilding CXX object CMakeFiles/test_force_torque_sensor.dir/test/test_force_torque_sensor.cpp.o[0m
[26.254s] [ 70%] [32m[1mLinking CXX executable test_pose_sensor[0m
[26.804s] [ 70%] Built target test_pose_sensor
[26.834s] [ 75%] [32mBuilding CXX object CMakeFiles/test_semantic_component_interface.dir/test/test_semantic_component_interface.cpp.o[0m
[29.771s] [ 79%] [32m[1mLinking CXX executable test_semantic_component_interface[0m
[29.869s] [ 83%] [32m[1mLinking CXX executable test_force_torque_sensor[0m
[30.209s] [ 83%] Built target test_semantic_component_interface
[30.358s] [ 83%] Built target test_force_torque_sensor
[30.385s] [ 87%] [32mBuilding CXX object CMakeFiles/test_chainable_controller_interface.dir/test/test_chainable_controller_interface.cpp.o[0m
[35.316s] [ 91%] [32m[1mLinking CXX executable test_chainable_controller_interface[0m
[35.707s] [ 91%] Built target test_chainable_controller_interface
[35.728s] [ 95%] [32mBuilding CXX object CMakeFiles/test_controller_with_options.dir/test/test_controller_with_options.cpp.o[0m
[39.070s] [100%] [32m[1mLinking CXX executable test_controller_with_options[0m
[39.530s] [100%] Built target test_controller_with_options
[39.545s] Invoked command in '/home/prashun/ros2_ws/build/controller_interface' returned '0': AMENT_PREFIX_PATH=/home/prashun/ros2_ws/install/hardware_interface:/home/prashun/ros2_ws/install/ros2_control_test_assets:/home/prashun/ros2_ws/install/joint_limits:${AMENT_PREFIX_PATH} CMAKE_PREFIX_PATH=/home/prashun/ros2_ws/install/hardware_interface:/home/prashun/ros2_ws/install/ros2_control_test_assets:/home/prashun/ros2_ws/install/joint_limits:/home/prashun/ros2_ws/install/uno:/opt/ros/humble LD_LIBRARY_PATH=/home/prashun/ros2_ws/install/hardware_interface/lib:/home/prashun/ros2_ws/install/ros2_control_test_assets/lib:/home/prashun/ros2_ws/install/joint_limits/lib:${LD_LIBRARY_PATH} /usr/bin/cmake --build /home/prashun/ros2_ws/build/controller_interface -- -j8 -l8
[39.607s] Invoking command in '/home/prashun/ros2_ws/build/controller_interface': AMENT_PREFIX_PATH=/home/prashun/ros2_ws/install/hardware_interface:/home/prashun/ros2_ws/install/ros2_control_test_assets:/home/prashun/ros2_ws/install/joint_limits:${AMENT_PREFIX_PATH} CMAKE_PREFIX_PATH=/home/prashun/ros2_ws/install/hardware_interface:/home/prashun/ros2_ws/install/ros2_control_test_assets:/home/prashun/ros2_ws/install/joint_limits:/home/prashun/ros2_ws/install/uno:/opt/ros/humble LD_LIBRARY_PATH=/home/prashun/ros2_ws/install/hardware_interface/lib:/home/prashun/ros2_ws/install/ros2_control_test_assets/lib:/home/prashun/ros2_ws/install/joint_limits/lib:${LD_LIBRARY_PATH} /usr/bin/cmake --install /home/prashun/ros2_ws/build/controller_interface
[39.614s] -- Install configuration: ""
[39.614s] -- Execute custom install script
[39.614s] -- Symlinking: /home/prashun/ros2_ws/install/controller_interface/test/test_controller_node_options.yaml
[39.624s] -- Symlinking: /home/prashun/ros2_ws/install/controller_interface/include/controller_interface/controller_interface/async_controller.hpp
[39.634s] -- Symlinking: /home/prashun/ros2_ws/install/controller_interface/include/controller_interface/controller_interface/chainable_controller_interface.hpp
[39.644s] -- Symlinking: /home/prashun/ros2_ws/install/controller_interface/include/controller_interface/controller_interface/controller_interface.hpp
[39.654s] -- Symlinking: /home/prashun/ros2_ws/install/controller_interface/include/controller_interface/controller_interface/controller_interface_base.hpp
[39.663s] -- Symlinking: /home/prashun/ros2_ws/install/controller_interface/include/controller_interface/controller_interface/helpers.hpp
[39.674s] -- Symlinking: /home/prashun/ros2_ws/install/controller_interface/include/controller_interface/controller_interface/visibility_control.h
[39.688s] -- Symlinking: /home/prashun/ros2_ws/install/controller_interface/include/controller_interface/semantic_components/force_torque_sensor.hpp
[39.701s] -- Symlinking: /home/prashun/ros2_ws/install/controller_interface/include/controller_interface/semantic_components/imu_sensor.hpp
[39.711s] -- Symlinking: /home/prashun/ros2_ws/install/controller_interface/include/controller_interface/semantic_components/pose_sensor.hpp
[39.723s] -- Symlinking: /home/prashun/ros2_ws/install/controller_interface/include/controller_interface/semantic_components/range_sensor.hpp
[39.733s] -- Symlinking: /home/prashun/ros2_ws/install/controller_interface/include/controller_interface/semantic_components/semantic_component_interface.hpp
[39.743s] -- Symlinking: /home/prashun/ros2_ws/install/controller_interface/share/controller_interface/environment/library_path.sh
[39.752s] -- Symlinking: /home/prashun/ros2_ws/install/controller_interface/share/controller_interface/environment/library_path.dsv
[39.765s] -- Symlinking: /home/prashun/ros2_ws/install/controller_interface/share/ament_index/resource_index/package_run_dependencies/controller_interface
[39.775s] -- Symlinking: /home/prashun/ros2_ws/install/controller_interface/share/ament_index/resource_index/parent_prefix_path/controller_interface
[39.785s] -- Symlinking: /home/prashun/ros2_ws/install/controller_interface/share/controller_interface/environment/ament_prefix_path.sh
[39.794s] -- Symlinking: /home/prashun/ros2_ws/install/controller_interface/share/controller_interface/environment/ament_prefix_path.dsv
[39.802s] -- Symlinking: /home/prashun/ros2_ws/install/controller_interface/share/controller_interface/environment/path.sh
[39.811s] -- Symlinking: /home/prashun/ros2_ws/install/controller_interface/share/controller_interface/environment/path.dsv
[39.823s] -- Symlinking: /home/prashun/ros2_ws/install/controller_interface/share/controller_interface/local_setup.bash
[39.832s] -- Symlinking: /home/prashun/ros2_ws/install/controller_interface/share/controller_interface/local_setup.sh
[39.842s] -- Symlinking: /home/prashun/ros2_ws/install/controller_interface/share/controller_interface/local_setup.zsh
[39.851s] -- Symlinking: /home/prashun/ros2_ws/install/controller_interface/share/controller_interface/local_setup.dsv
[39.862s] -- Symlinking: /home/prashun/ros2_ws/install/controller_interface/share/controller_interface/package.dsv
[39.871s] -- Symlinking: /home/prashun/ros2_ws/install/controller_interface/share/ament_index/resource_index/packages/controller_interface
[39.886s] -- Symlinking: /home/prashun/ros2_ws/install/controller_interface/share/controller_interface/cmake/ament_cmake_export_targets-extras.cmake
[39.898s] -- Symlinking: /home/prashun/ros2_ws/install/controller_interface/share/controller_interface/cmake/ament_cmake_export_dependencies-extras.cmake
[39.910s] -- Symlinking: /home/prashun/ros2_ws/install/controller_interface/share/controller_interface/cmake/controller_interfaceConfig.cmake
[39.920s] -- Symlinking: /home/prashun/ros2_ws/install/controller_interface/share/controller_interface/cmake/controller_interfaceConfig-version.cmake
[39.930s] -- Symlinking: /home/prashun/ros2_ws/install/controller_interface/share/controller_interface/package.xml
[39.939s] -- Symlinking: /home/prashun/ros2_ws/install/controller_interface/include/controller_interface/controller_interface/version.h
[39.952s] -- Installing: /home/prashun/ros2_ws/install/controller_interface/lib/libcontroller_interface.so
[39.954s] -- Set runtime path of "/home/prashun/ros2_ws/install/controller_interface/lib/libcontroller_interface.so" to ""
[39.954s] -- Installing: /home/prashun/ros2_ws/install/controller_interface/share/controller_interface/cmake/export_controller_interfaceExport.cmake
[39.954s] -- Installing: /home/prashun/ros2_ws/install/controller_interface/share/controller_interface/cmake/export_controller_interfaceExport-noconfig.cmake
[39.958s] Invoked command in '/home/prashun/ros2_ws/build/controller_interface' returned '0': AMENT_PREFIX_PATH=/home/prashun/ros2_ws/install/hardware_interface:/home/prashun/ros2_ws/install/ros2_control_test_assets:/home/prashun/ros2_ws/install/joint_limits:${AMENT_PREFIX_PATH} CMAKE_PREFIX_PATH=/home/prashun/ros2_ws/install/hardware_interface:/home/prashun/ros2_ws/install/ros2_control_test_assets:/home/prashun/ros2_ws/install/joint_limits:/home/prashun/ros2_ws/install/uno:/opt/ros/humble LD_LIBRARY_PATH=/home/prashun/ros2_ws/install/hardware_interface/lib:/home/prashun/ros2_ws/install/ros2_control_test_assets/lib:/home/prashun/ros2_ws/install/joint_limits/lib:${LD_LIBRARY_PATH} /usr/bin/cmake --install /home/prashun/ros2_ws/build/controller_interface
