[0.009s] Invoking command in '/home/prashun/ros2_ws/build/uno': CMAKE_PREFIX_PATH=${CMAKE_PREFIX_PATH}:/opt/ros/humble /usr/bin/cmake --build /home/prashun/ros2_ws/build/uno -- -j8 -l8
[0.027s] -- Found ament_cmake: 1.3.10 (/opt/ros/humble/share/ament_cmake/cmake)
[0.117s] -- Override CMake install command with custom implementation using symlinks instead of copying resources
[0.123s] -- Found rclcpp: 16.0.10 (/opt/ros/humble/share/rclcpp/cmake)
[0.145s] -- Found rosidl_generator_c: 3.1.5 (/opt/ros/humble/share/rosidl_generator_c/cmake)
[0.147s] -- Found rosidl_adapter: 3.1.5 (/opt/ros/humble/share/rosidl_adapter/cmake)
[0.151s] -- Found rosidl_generator_cpp: 3.1.5 (/opt/ros/humble/share/rosidl_generator_cpp/cmake)
[0.159s] -- Using all available rosidl_typesupport_c: rosidl_typesupport_fastrtps_c;rosidl_typesupport_introspection_c
[0.168s] -- Using all available rosidl_typesupport_cpp: rosidl_typesupport_fastrtps_cpp;rosidl_typesupport_introspection_cpp
[0.193s] -- Found rmw_implementation_cmake: 6.1.2 (/opt/ros/humble/share/rmw_implementation_cmake/cmake)
[0.194s] -- Found rmw_fastrtps_cpp: 6.2.7 (/opt/ros/humble/share/rmw_fastrtps_cpp/cmake)
[0.270s] -- Using RMW implementation 'rmw_fastrtps_cpp' as default
[0.318s] [31mCMake Error at CMakeLists.txt:12 (find_package):
[0.318s]   By not providing "Findignition-cmake4.cmake" in CMAKE_MODULE_PATH this
[0.318s]   project has asked CMake to find a package configuration file provided by
[0.318s]   "ignition-cmake4", but CMake did not find one.
[0.319s] 
[0.319s]   Could not find a package configuration file provided by "ignition-cmake4"
[0.319s]   with any of the following names:
[0.319s] 
[0.319s]     ignition-cmake4Config.cmake
[0.319s]     ignition-cmake4-config.cmake
[0.319s] 
[0.319s]   Add the installation prefix of "ignition-cmake4" to CMAKE_PREFIX_PATH or
[0.319s]   set "ignition-cmake4_DIR" to a directory containing one of the above files.
[0.319s]   If "ignition-cmake4" provides a separate development package or SDK, be
[0.319s]   sure it has been installed.
[0.319s] 
[0.319s] [0m
[0.319s] -- Configuring incomplete, errors occurred!
[0.319s] See also "/home/prashun/ros2_ws/build/uno/CMakeFiles/CMakeOutput.log".
[0.324s] gmake: *** [Makefile:226: cmake_check_build_system] Error 1
[0.325s] Invoked command in '/home/prashun/ros2_ws/build/uno' returned '2': CMAKE_PREFIX_PATH=${CMAKE_PREFIX_PATH}:/opt/ros/humble /usr/bin/cmake --build /home/prashun/ros2_ws/build/uno -- -j8 -l8
