[0.010s] Invoking command in '/home/prashun/ros2_ws/build/uno': CMAKE_PREFIX_PATH=${CMAKE_PREFIX_PATH}:/opt/ros/humble /usr/bin/cmake --build /home/prashun/ros2_ws/build/uno -- -j8 -l8
[0.032s] -- Found ament_cmake: 1.3.10 (/opt/ros/humble/share/ament_cmake/cmake)
[0.143s] -- Found rclcpp: 16.0.10 (/opt/ros/humble/share/rclcpp/cmake)
[0.169s] -- Found rosidl_generator_c: 3.1.5 (/opt/ros/humble/share/rosidl_generator_c/cmake)
[0.171s] -- Found rosidl_adapter: 3.1.5 (/opt/ros/humble/share/rosidl_adapter/cmake)
[0.176s] -- Found rosidl_generator_cpp: 3.1.5 (/opt/ros/humble/share/rosidl_generator_cpp/cmake)
[0.184s] -- Using all available rosidl_typesupport_c: rosidl_typesupport_fastrtps_c;rosidl_typesupport_introspection_c
[0.194s] -- Using all available rosidl_typesupport_cpp: rosidl_typesupport_fastrtps_cpp;rosidl_typesupport_introspection_cpp
[0.220s] -- Found rmw_implementation_cmake: 6.1.2 (/opt/ros/humble/share/rmw_implementation_cmake/cmake)
[0.221s] -- Found rmw_fastrtps_cpp: 6.2.7 (/opt/ros/humble/share/rmw_fastrtps_cpp/cmake)
[0.304s] -- Using RMW implementation 'rmw_fastrtps_cpp' as default
[0.349s] -- Found ament_lint_auto: 0.12.11 (/opt/ros/humble/share/ament_lint_auto/cmake)
[0.412s] -- Added test 'flake8' to check Python code syntax and style conventions
[0.412s] -- Added test 'lint_cmake' to check CMake code style
[0.413s] -- Added test 'pep257' to check Python code against some of the docstring style conventions in PEP 257
[0.414s] -- Added test 'xmllint' to check XML markup files
[0.414s] -- Configuring done
[0.418s] -- Generating done
[0.420s] -- Build files have been written to: /home/prashun/ros2_ws/build/uno
[0.442s] Invoked command in '/home/prashun/ros2_ws/build/uno' returned '0': CMAKE_PREFIX_PATH=${CMAKE_PREFIX_PATH}:/opt/ros/humble /usr/bin/cmake --build /home/prashun/ros2_ws/build/uno -- -j8 -l8
[0.465s] Invoking command in '/home/prashun/ros2_ws/build/uno': CMAKE_PREFIX_PATH=${CMAKE_PREFIX_PATH}:/opt/ros/humble /usr/bin/cmake --install /home/prashun/ros2_ws/build/uno
[0.471s] -- Install configuration: ""
[0.472s] -- Installing: /home/prashun/ros2_ws/install/uno/share/uno/sdf
[0.472s] -- Installing: /home/prashun/ros2_ws/install/uno/share/uno/sdf/emtry_room.sdf
[0.472s] -- Installing: /home/prashun/ros2_ws/install/uno/share/uno/launch
[0.472s] -- Installing: /home/prashun/ros2_ws/install/uno/share/uno/launch/display.enviornment.launch.py
[0.472s] -- Up-to-date: /home/prashun/ros2_ws/install/uno/share/ament_index/resource_index/package_run_dependencies/uno
[0.472s] -- Up-to-date: /home/prashun/ros2_ws/install/uno/share/ament_index/resource_index/parent_prefix_path/uno
[0.473s] -- Up-to-date: /home/prashun/ros2_ws/install/uno/share/uno/environment/ament_prefix_path.sh
[0.473s] -- Installing: /home/prashun/ros2_ws/install/uno/share/uno/environment/ament_prefix_path.dsv
[0.473s] -- Up-to-date: /home/prashun/ros2_ws/install/uno/share/uno/environment/path.sh
[0.473s] -- Installing: /home/prashun/ros2_ws/install/uno/share/uno/environment/path.dsv
[0.473s] -- Up-to-date: /home/prashun/ros2_ws/install/uno/share/uno/local_setup.bash
[0.473s] -- Up-to-date: /home/prashun/ros2_ws/install/uno/share/uno/local_setup.sh
[0.473s] -- Up-to-date: /home/prashun/ros2_ws/install/uno/share/uno/local_setup.zsh
[0.473s] -- Installing: /home/prashun/ros2_ws/install/uno/share/uno/local_setup.dsv
[0.474s] -- Installing: /home/prashun/ros2_ws/install/uno/share/uno/package.dsv
[0.474s] -- Up-to-date: /home/prashun/ros2_ws/install/uno/share/ament_index/resource_index/packages/uno
[0.474s] -- Up-to-date: /home/prashun/ros2_ws/install/uno/share/uno/cmake/unoConfig.cmake
[0.474s] -- Up-to-date: /home/prashun/ros2_ws/install/uno/share/uno/cmake/unoConfig-version.cmake
[0.474s] -- Up-to-date: /home/prashun/ros2_ws/install/uno/share/uno/package.xml
[0.475s] Invoked command in '/home/prashun/ros2_ws/build/uno' returned '0': CMAKE_PREFIX_PATH=${CMAKE_PREFIX_PATH}:/opt/ros/humble /usr/bin/cmake --install /home/prashun/ros2_ws/build/uno
