[0.008s] Invoking command in '/home/prashun/ros2_ws/build/uno': CMAKE_PREFIX_PATH=${CMAKE_PREFIX_PATH}:/opt/ros/humble /usr/bin/cmake --build /home/prashun/ros2_ws/build/uno -- -j8 -l8
[0.036s] Invoked command in '/home/prashun/ros2_ws/build/uno' returned '0': CMAKE_PREFIX_PATH=${CMAKE_PREFIX_PATH}:/opt/ros/humble /usr/bin/cmake --build /home/prashun/ros2_ws/build/uno -- -j8 -l8
[0.055s] Invoking command in '/home/prashun/ros2_ws/build/uno': CMAKE_PREFIX_PATH=${CMAKE_PREFIX_PATH}:/opt/ros/humble /usr/bin/cmake --install /home/prashun/ros2_ws/build/uno
[0.060s] -- Install configuration: ""
[0.060s] -- Up-to-date: /home/prashun/ros2_ws/install/uno/share/uno/config
[0.060s] -- Up-to-date: /home/prashun/ros2_ws/install/uno/share/uno/config/controller.yaml
[0.060s] -- Up-to-date: /home/prashun/ros2_ws/install/uno/share/uno/sdf
[0.061s] -- Up-to-date: /home/prashun/ros2_ws/install/uno/share/uno/sdf/empty_room.sdf
[0.061s] -- Up-to-date: /home/prashun/ros2_ws/install/uno/share/uno/urdf
[0.061s] -- Up-to-date: /home/prashun/ros2_ws/install/uno/share/uno/urdf/diff_drive_robot.urdf
[0.061s] -- Up-to-date: /home/prashun/ros2_ws/install/uno/share/uno/launch
[0.061s] -- Up-to-date: /home/prashun/ros2_ws/install/uno/share/uno/launch/display.robot.launch.py
[0.061s] -- Up-to-date: /home/prashun/ros2_ws/install/uno/share/ament_index/resource_index/package_run_dependencies/uno
[0.061s] -- Up-to-date: /home/prashun/ros2_ws/install/uno/share/ament_index/resource_index/parent_prefix_path/uno
[0.061s] -- Up-to-date: /home/prashun/ros2_ws/install/uno/share/uno/environment/ament_prefix_path.sh
[0.061s] -- Up-to-date: /home/prashun/ros2_ws/install/uno/share/uno/environment/ament_prefix_path.dsv
[0.061s] -- Up-to-date: /home/prashun/ros2_ws/install/uno/share/uno/environment/path.sh
[0.061s] -- Up-to-date: /home/prashun/ros2_ws/install/uno/share/uno/environment/path.dsv
[0.061s] -- Up-to-date: /home/prashun/ros2_ws/install/uno/share/uno/local_setup.bash
[0.061s] -- Up-to-date: /home/prashun/ros2_ws/install/uno/share/uno/local_setup.sh
[0.061s] -- Up-to-date: /home/prashun/ros2_ws/install/uno/share/uno/local_setup.zsh
[0.061s] -- Up-to-date: /home/prashun/ros2_ws/install/uno/share/uno/local_setup.dsv
[0.061s] -- Installing: /home/prashun/ros2_ws/install/uno/share/uno/package.dsv
[0.061s] -- Up-to-date: /home/prashun/ros2_ws/install/uno/share/ament_index/resource_index/packages/uno
[0.062s] -- Up-to-date: /home/prashun/ros2_ws/install/uno/share/uno/cmake/unoConfig.cmake
[0.062s] -- Up-to-date: /home/prashun/ros2_ws/install/uno/share/uno/cmake/unoConfig-version.cmake
[0.062s] -- Up-to-date: /home/prashun/ros2_ws/install/uno/share/uno/package.xml
[0.063s] Invoked command in '/home/prashun/ros2_ws/build/uno' returned '0': CMAKE_PREFIX_PATH=${CMAKE_PREFIX_PATH}:/opt/ros/humble /usr/bin/cmake --install /home/prashun/ros2_ws/build/uno
