-- Found ament_cmake: 1.3.10 (/opt/ros/humble/share/ament_cmake/cmake)
-- Override CMake install command with custom implementation using symlinks instead of copying resources
-- Found control_msgs: 4.6.0 (/opt/ros/humble/share/control_msgs/cmake)
-- Found rosidl_generator_c: 3.1.5 (/opt/ros/humble/share/rosidl_generator_c/cmake)
-- Found rosidl_adapter: 3.1.5 (/opt/ros/humble/share/rosidl_adapter/cmake)
-- Found rosidl_generator_cpp: 3.1.5 (/opt/ros/humble/share/rosidl_generator_cpp/cmake)
-- Using all available rosidl_typesupport_c: rosidl_typesupport_fastrtps_c;rosidl_typesupport_introspection_c
-- Using all available rosidl_typesupport_cpp: rosidl_typesupport_fastrtps_cpp;rosidl_typesupport_introspection_cpp
-- Found lifecycle_msgs: 1.2.1 (/opt/ros/humble/share/lifecycle_msgs/cmake)
-- Found pluginlib: 5.1.0 (/opt/ros/humble/share/pluginlib/cmake)
-- Found rclcpp_lifecycle: 16.0.10 (/opt/ros/humble/share/rclcpp_lifecycle/cmake)
-- Found rmw_implementation_cmake: 6.1.2 (/opt/ros/humble/share/rmw_implementation_cmake/cmake)
-- Found rmw_fastrtps_cpp: 6.2.7 (/opt/ros/humble/share/rmw_fastrtps_cpp/cmake)
-- Found TinyXML2 via Config file: TinyXML2_DIR-NOTFOUND
-- Found TinyXML2 via Config file: TinyXML2_DIR-NOTFOUND
-- Found TinyXML2 via Config file: TinyXML2_DIR-NOTFOUND
-- Found TinyXML2 via Config file: TinyXML2_DIR-NOTFOUND
-- Using RMW implementation 'rmw_fastrtps_cpp' as default
-- Found TinyXML2 via Config file: TinyXML2_DIR-NOTFOUND
-- Found joint_limits: 4.18.0 (/home/prashun/ros2_ws/install/joint_limits/share/joint_limits/cmake)
-- Found ament_cmake_gmock: 1.3.10 (/opt/ros/humble/share/ament_cmake_gmock/cmake)
-- Found ros2_control_test_assets: 4.18.0 (/home/prashun/ros2_ws/install/ros2_control_test_assets/share/ros2_control_test_assets/cmake)
-- Found gmock sources under '/opt/ros/humble/src/gmock_vendor': C++ tests using 'Google Mock' will be built
-- Found ament_cmake_gtest: 1.3.10 (/opt/ros/humble/share/ament_cmake_gtest/cmake)
-- Found gtest sources under '/opt/ros/humble/src/gtest_vendor': C++ tests using 'Google Test' will be built
-- Configuring done
-- Generating done
-- Build files have been written to: /home/prashun/ros2_ws/build/hardware_interface
[35m[1mConsolidate compiler generated dependencies of target mock_components[0m
[35m[1mConsolidate compiler generated dependencies of target gmock_main[0m
[35m[1mConsolidate compiler generated dependencies of target gmock[0m
[  5%] Built target mock_components
[ 14%] Built target gmock
[ 20%] Built target gmock_main
[ 22%] Built target ament_generate_version_header__hardware_interface
[35m[1mConsolidate compiler generated dependencies of target test_macros[0m
[35m[1mConsolidate compiler generated dependencies of target hardware_interface[0m
[ 28%] Built target test_macros
[ 48%] Built target hardware_interface
[35m[1mConsolidate compiler generated dependencies of target test_component_parser[0m
[35m[1mConsolidate compiler generated dependencies of target test_component_interfaces[0m
[35m[1mConsolidate compiler generated dependencies of target test_component_interfaces_custom_export[0m
[35m[1mConsolidate compiler generated dependencies of target test_inst_hardwares[0m
[35m[1mConsolidate compiler generated dependencies of target test_joint_handle[0m
[35m[1mConsolidate compiler generated dependencies of target test_generic_system[0m
[35m[1mConsolidate compiler generated dependencies of target test_hardware_components[0m
[ 54%] Built target test_component_parser
[ 65%] Built target test_joint_handle
[ 71%] Built target test_inst_hardwares
[ 65%] Built target test_component_interfaces
[ 77%] Built target test_component_interfaces_custom_export
[ 82%] Built target test_generic_system
[100%] Built target test_hardware_components
-- Install configuration: ""
-- Execute custom install script
-- Up-to-date symlink: /home/prashun/ros2_ws/install/hardware_interface/share/hardware_interface//mock_components_plugin_description.xml
-- Up-to-date symlink: /home/prashun/ros2_ws/install/hardware_interface/lib/libtest_hardware_components.so
-- Up-to-date symlink: /home/prashun/ros2_ws/install/hardware_interface/share/hardware_interface/test/test_hardware_components/test_hardware_components.xml
-- Up-to-date symlink: /home/prashun/ros2_ws/install/hardware_interface/include/hardware_interface/hardware_interface/actuator.hpp
-- Up-to-date symlink: /home/prashun/ros2_ws/install/hardware_interface/include/hardware_interface/hardware_interface/actuator_interface.hpp
-- Up-to-date symlink: /home/prashun/ros2_ws/install/hardware_interface/include/hardware_interface/hardware_interface/async_components.hpp
-- Up-to-date symlink: /home/prashun/ros2_ws/install/hardware_interface/include/hardware_interface/hardware_interface/component_parser.hpp
-- Up-to-date symlink: /home/prashun/ros2_ws/install/hardware_interface/include/hardware_interface/hardware_interface/controller_info.hpp
-- Up-to-date symlink: /home/prashun/ros2_ws/install/hardware_interface/include/hardware_interface/hardware_interface/handle.hpp
-- Up-to-date symlink: /home/prashun/ros2_ws/install/hardware_interface/include/hardware_interface/hardware_interface/hardware_component_info.hpp
-- Up-to-date symlink: /home/prashun/ros2_ws/install/hardware_interface/include/hardware_interface/hardware_interface/hardware_info.hpp
-- Up-to-date symlink: /home/prashun/ros2_ws/install/hardware_interface/include/hardware_interface/hardware_interface/lexical_casts.hpp
-- Up-to-date symlink: /home/prashun/ros2_ws/install/hardware_interface/include/hardware_interface/hardware_interface/lifecycle_helpers.hpp
-- Up-to-date symlink: /home/prashun/ros2_ws/install/hardware_interface/include/hardware_interface/hardware_interface/loaned_command_interface.hpp
-- Up-to-date symlink: /home/prashun/ros2_ws/install/hardware_interface/include/hardware_interface/hardware_interface/loaned_state_interface.hpp
-- Up-to-date symlink: /home/prashun/ros2_ws/install/hardware_interface/include/hardware_interface/hardware_interface/macros.hpp
-- Up-to-date symlink: /home/prashun/ros2_ws/install/hardware_interface/include/hardware_interface/hardware_interface/resource_manager.hpp
-- Up-to-date symlink: /home/prashun/ros2_ws/install/hardware_interface/include/hardware_interface/hardware_interface/sensor.hpp
-- Up-to-date symlink: /home/prashun/ros2_ws/install/hardware_interface/include/hardware_interface/hardware_interface/sensor_interface.hpp
-- Up-to-date symlink: /home/prashun/ros2_ws/install/hardware_interface/include/hardware_interface/hardware_interface/system.hpp
-- Up-to-date symlink: /home/prashun/ros2_ws/install/hardware_interface/include/hardware_interface/hardware_interface/system_interface.hpp
-- Up-to-date symlink: /home/prashun/ros2_ws/install/hardware_interface/include/hardware_interface/hardware_interface/types/hardware_interface_return_values.hpp
-- Up-to-date symlink: /home/prashun/ros2_ws/install/hardware_interface/include/hardware_interface/hardware_interface/types/hardware_interface_type_values.hpp
-- Up-to-date symlink: /home/prashun/ros2_ws/install/hardware_interface/include/hardware_interface/hardware_interface/types/lifecycle_state_names.hpp
-- Up-to-date symlink: /home/prashun/ros2_ws/install/hardware_interface/include/hardware_interface/hardware_interface/visibility_control.h
-- Up-to-date symlink: /home/prashun/ros2_ws/install/hardware_interface/include/hardware_interface/mock_components/generic_system.hpp
-- Up-to-date symlink: /home/prashun/ros2_ws/install/hardware_interface/include/hardware_interface/mock_components/visibility_control.h
-- Up-to-date symlink: /home/prashun/ros2_ws/install/hardware_interface/share/hardware_interface/environment/library_path.sh
-- Up-to-date symlink: /home/prashun/ros2_ws/install/hardware_interface/share/hardware_interface/environment/library_path.dsv
-- Up-to-date symlink: /home/prashun/ros2_ws/install/hardware_interface/share/ament_index/resource_index/package_run_dependencies/hardware_interface
-- Up-to-date symlink: /home/prashun/ros2_ws/install/hardware_interface/share/ament_index/resource_index/parent_prefix_path/hardware_interface
-- Up-to-date symlink: /home/prashun/ros2_ws/install/hardware_interface/share/hardware_interface/environment/ament_prefix_path.sh
-- Up-to-date symlink: /home/prashun/ros2_ws/install/hardware_interface/share/hardware_interface/environment/ament_prefix_path.dsv
-- Up-to-date symlink: /home/prashun/ros2_ws/install/hardware_interface/share/hardware_interface/environment/path.sh
-- Up-to-date symlink: /home/prashun/ros2_ws/install/hardware_interface/share/hardware_interface/environment/path.dsv
-- Up-to-date symlink: /home/prashun/ros2_ws/install/hardware_interface/share/hardware_interface/local_setup.bash
-- Up-to-date symlink: /home/prashun/ros2_ws/install/hardware_interface/share/hardware_interface/local_setup.sh
-- Up-to-date symlink: /home/prashun/ros2_ws/install/hardware_interface/share/hardware_interface/local_setup.zsh
-- Up-to-date symlink: /home/prashun/ros2_ws/install/hardware_interface/share/hardware_interface/local_setup.dsv
-- Symlinking: /home/prashun/ros2_ws/install/hardware_interface/share/hardware_interface/package.dsv
-- Up-to-date symlink: /home/prashun/ros2_ws/install/hardware_interface/share/ament_index/resource_index/packages/hardware_interface
-- Up-to-date symlink: /home/prashun/ros2_ws/install/hardware_interface/share/ament_index/resource_index/hardware_interface__pluginlib__plugin/hardware_interface
-- Up-to-date symlink: /home/prashun/ros2_ws/install/hardware_interface/share/hardware_interface/cmake/ament_cmake_export_targets-extras.cmake
-- Up-to-date symlink: /home/prashun/ros2_ws/install/hardware_interface/share/hardware_interface/cmake/ament_cmake_export_dependencies-extras.cmake
-- Up-to-date symlink: /home/prashun/ros2_ws/install/hardware_interface/share/hardware_interface/cmake/hardware_interfaceConfig.cmake
-- Up-to-date symlink: /home/prashun/ros2_ws/install/hardware_interface/share/hardware_interface/cmake/hardware_interfaceConfig-version.cmake
-- Up-to-date symlink: /home/prashun/ros2_ws/install/hardware_interface/share/hardware_interface/package.xml
-- Up-to-date symlink: /home/prashun/ros2_ws/install/hardware_interface/include/hardware_interface/hardware_interface/version.h
-- Up-to-date: /home/prashun/ros2_ws/install/hardware_interface/lib/libmock_components.so
-- Up-to-date: /home/prashun/ros2_ws/install/hardware_interface/lib/libhardware_interface.so
-- Up-to-date: /home/prashun/ros2_ws/install/hardware_interface/share/hardware_interface/cmake/export_hardware_interfaceExport.cmake
-- Up-to-date: /home/prashun/ros2_ws/install/hardware_interface/share/hardware_interface/cmake/export_hardware_interfaceExport-noconfig.cmake
