[0.034s] Invoking command in '/home/prashun/ros2_ws/build/hardware_interface': AMENT_PREFIX_PATH=/home/prashun/ros2_ws/install/ros2_control_test_assets:/home/prashun/ros2_ws/install/joint_limits:${AMENT_PREFIX_PATH} CMAKE_PREFIX_PATH=/home/prashun/ros2_ws/install/ros2_control_test_assets:/home/prashun/ros2_ws/install/joint_limits:/home/prashun/ros2_ws/install/uno:/opt/ros/humble LD_LIBRARY_PATH=/home/prashun/ros2_ws/install/ros2_control_test_assets/lib:/home/prashun/ros2_ws/install/joint_limits/lib:${LD_LIBRARY_PATH} /usr/bin/cmake /home/prashun/ros2_ws/src/ros2_control/hardware_interface -DCMAKE_INSTALL_PREFIX=/home/prashun/ros2_ws/install/hardware_interface
[0.055s] -- Found ament_cmake: 1.3.10 (/opt/ros/humble/share/ament_cmake/cmake)
[0.223s] -- Override CMake install command with custom implementation using symlinks instead of copying resources
[0.233s] -- Found control_msgs: 4.6.0 (/opt/ros/humble/share/control_msgs/cmake)
[0.263s] -- Found rosidl_generator_c: 3.1.5 (/opt/ros/humble/share/rosidl_generator_c/cmake)
[0.267s] -- Found rosidl_adapter: 3.1.5 (/opt/ros/humble/share/rosidl_adapter/cmake)
[0.275s] -- Found rosidl_generator_cpp: 3.1.5 (/opt/ros/humble/share/rosidl_generator_cpp/cmake)
[0.288s] -- Using all available rosidl_typesupport_c: rosidl_typesupport_fastrtps_c;rosidl_typesupport_introspection_c
[0.306s] -- Using all available rosidl_typesupport_cpp: rosidl_typesupport_fastrtps_cpp;rosidl_typesupport_introspection_cpp
[0.473s] -- Found lifecycle_msgs: 1.2.1 (/opt/ros/humble/share/lifecycle_msgs/cmake)
[0.484s] -- Found pluginlib: 5.1.0 (/opt/ros/humble/share/pluginlib/cmake)
[0.505s] -- Found rclcpp_lifecycle: 16.0.10 (/opt/ros/humble/share/rclcpp_lifecycle/cmake)
[0.546s] -- Found rmw_implementation_cmake: 6.1.2 (/opt/ros/humble/share/rmw_implementation_cmake/cmake)
[0.548s] -- Found rmw_fastrtps_cpp: 6.2.7 (/opt/ros/humble/share/rmw_fastrtps_cpp/cmake)
[0.579s] -- Found TinyXML2 via Config file: TinyXML2_DIR-NOTFOUND
[0.602s] -- Found TinyXML2 via Config file: TinyXML2_DIR-NOTFOUND
[0.665s] -- Found TinyXML2 via Config file: TinyXML2_DIR-NOTFOUND
[0.680s] -- Found TinyXML2 via Config file: TinyXML2_DIR-NOTFOUND
[0.702s] -- Using RMW implementation 'rmw_fastrtps_cpp' as default
[0.796s] -- Found TinyXML2 via Config file: TinyXML2_DIR-NOTFOUND
[0.797s] -- Found joint_limits: 4.18.0 (/home/prashun/ros2_ws/install/joint_limits/share/joint_limits/cmake)
[0.841s] -- Found ament_cmake_gmock: 1.3.10 (/opt/ros/humble/share/ament_cmake_gmock/cmake)
[0.842s] -- Found ros2_control_test_assets: 4.18.0 (/home/prashun/ros2_ws/install/ros2_control_test_assets/share/ros2_control_test_assets/cmake)
[0.844s] -- Found gmock sources under '/opt/ros/humble/src/gmock_vendor': C++ tests using 'Google Mock' will be built
[0.849s] -- Found ament_cmake_gtest: 1.3.10 (/opt/ros/humble/share/ament_cmake_gtest/cmake)
[0.851s] -- Found gtest sources under '/opt/ros/humble/src/gtest_vendor': C++ tests using 'Google Test' will be built
[0.992s] -- Configuring done
[1.120s] -- Generating done
[1.126s] -- Build files have been written to: /home/prashun/ros2_ws/build/hardware_interface
[1.147s] Invoked command in '/home/prashun/ros2_ws/build/hardware_interface' returned '0': AMENT_PREFIX_PATH=/home/prashun/ros2_ws/install/ros2_control_test_assets:/home/prashun/ros2_ws/install/joint_limits:${AMENT_PREFIX_PATH} CMAKE_PREFIX_PATH=/home/prashun/ros2_ws/install/ros2_control_test_assets:/home/prashun/ros2_ws/install/joint_limits:/home/prashun/ros2_ws/install/uno:/opt/ros/humble LD_LIBRARY_PATH=/home/prashun/ros2_ws/install/ros2_control_test_assets/lib:/home/prashun/ros2_ws/install/joint_limits/lib:${LD_LIBRARY_PATH} /usr/bin/cmake /home/prashun/ros2_ws/src/ros2_control/hardware_interface -DCMAKE_INSTALL_PREFIX=/home/prashun/ros2_ws/install/hardware_interface
[1.149s] Invoking command in '/home/prashun/ros2_ws/build/hardware_interface': AMENT_PREFIX_PATH=/home/prashun/ros2_ws/install/ros2_control_test_assets:/home/prashun/ros2_ws/install/joint_limits:${AMENT_PREFIX_PATH} CMAKE_PREFIX_PATH=/home/prashun/ros2_ws/install/ros2_control_test_assets:/home/prashun/ros2_ws/install/joint_limits:/home/prashun/ros2_ws/install/uno:/opt/ros/humble LD_LIBRARY_PATH=/home/prashun/ros2_ws/install/ros2_control_test_assets/lib:/home/prashun/ros2_ws/install/joint_limits/lib:${LD_LIBRARY_PATH} /usr/bin/cmake --build /home/prashun/ros2_ws/build/hardware_interface -- -j8 -l8
[1.209s] [35m[1mConsolidate compiler generated dependencies of target mock_components[0m
[1.211s] [35m[1mConsolidate compiler generated dependencies of target gmock_main[0m
[1.211s] [35m[1mConsolidate compiler generated dependencies of target gmock[0m
[1.234s] [  5%] Built target mock_components
[1.235s] [ 14%] Built target gmock
[1.236s] [ 20%] Built target gmock_main
[1.248s] [ 22%] Built target ament_generate_version_header__hardware_interface
[1.255s] [35m[1mConsolidate compiler generated dependencies of target test_macros[0m
[1.269s] [35m[1mConsolidate compiler generated dependencies of target hardware_interface[0m
[1.283s] [ 28%] Built target test_macros
[1.304s] [ 48%] Built target hardware_interface
[1.322s] [35m[1mConsolidate compiler generated dependencies of target test_component_parser[0m
[1.322s] [35m[1mConsolidate compiler generated dependencies of target test_component_interfaces[0m
[1.328s] [35m[1mConsolidate compiler generated dependencies of target test_component_interfaces_custom_export[0m
[1.328s] [35m[1mConsolidate compiler generated dependencies of target test_inst_hardwares[0m
[1.330s] [35m[1mConsolidate compiler generated dependencies of target test_joint_handle[0m
[1.345s] [35m[1mConsolidate compiler generated dependencies of target test_generic_system[0m
[1.349s] [35m[1mConsolidate compiler generated dependencies of target test_hardware_components[0m
[1.364s] [ 54%] Built target test_component_parser
[1.375s] [ 65%] Built target test_joint_handle
[1.375s] [ 71%] Built target test_inst_hardwares
[1.376s] [ 65%] Built target test_component_interfaces
[1.383s] [ 77%] Built target test_component_interfaces_custom_export
[1.389s] [ 82%] Built target test_generic_system
[1.398s] [100%] Built target test_hardware_components
[1.414s] Invoked command in '/home/prashun/ros2_ws/build/hardware_interface' returned '0': AMENT_PREFIX_PATH=/home/prashun/ros2_ws/install/ros2_control_test_assets:/home/prashun/ros2_ws/install/joint_limits:${AMENT_PREFIX_PATH} CMAKE_PREFIX_PATH=/home/prashun/ros2_ws/install/ros2_control_test_assets:/home/prashun/ros2_ws/install/joint_limits:/home/prashun/ros2_ws/install/uno:/opt/ros/humble LD_LIBRARY_PATH=/home/prashun/ros2_ws/install/ros2_control_test_assets/lib:/home/prashun/ros2_ws/install/joint_limits/lib:${LD_LIBRARY_PATH} /usr/bin/cmake --build /home/prashun/ros2_ws/build/hardware_interface -- -j8 -l8
[1.511s] Invoking command in '/home/prashun/ros2_ws/build/hardware_interface': AMENT_PREFIX_PATH=/home/prashun/ros2_ws/install/ros2_control_test_assets:/home/prashun/ros2_ws/install/joint_limits:${AMENT_PREFIX_PATH} CMAKE_PREFIX_PATH=/home/prashun/ros2_ws/install/ros2_control_test_assets:/home/prashun/ros2_ws/install/joint_limits:/home/prashun/ros2_ws/install/uno:/opt/ros/humble LD_LIBRARY_PATH=/home/prashun/ros2_ws/install/ros2_control_test_assets/lib:/home/prashun/ros2_ws/install/joint_limits/lib:${LD_LIBRARY_PATH} /usr/bin/cmake --install /home/prashun/ros2_ws/build/hardware_interface
[1.522s] -- Install configuration: ""
[1.523s] -- Execute custom install script
[1.524s] -- Up-to-date symlink: /home/prashun/ros2_ws/install/hardware_interface/share/hardware_interface//mock_components_plugin_description.xml
[1.524s] -- Up-to-date symlink: /home/prashun/ros2_ws/install/hardware_interface/lib/libtest_hardware_components.so
[1.525s] -- Up-to-date symlink: /home/prashun/ros2_ws/install/hardware_interface/share/hardware_interface/test/test_hardware_components/test_hardware_components.xml
[1.526s] -- Up-to-date symlink: /home/prashun/ros2_ws/install/hardware_interface/include/hardware_interface/hardware_interface/actuator.hpp
[1.526s] -- Up-to-date symlink: /home/prashun/ros2_ws/install/hardware_interface/include/hardware_interface/hardware_interface/actuator_interface.hpp
[1.527s] -- Up-to-date symlink: /home/prashun/ros2_ws/install/hardware_interface/include/hardware_interface/hardware_interface/async_components.hpp
[1.528s] -- Up-to-date symlink: /home/prashun/ros2_ws/install/hardware_interface/include/hardware_interface/hardware_interface/component_parser.hpp
[1.529s] -- Up-to-date symlink: /home/prashun/ros2_ws/install/hardware_interface/include/hardware_interface/hardware_interface/controller_info.hpp
[1.529s] -- Up-to-date symlink: /home/prashun/ros2_ws/install/hardware_interface/include/hardware_interface/hardware_interface/handle.hpp
[1.530s] -- Up-to-date symlink: /home/prashun/ros2_ws/install/hardware_interface/include/hardware_interface/hardware_interface/hardware_component_info.hpp
[1.531s] -- Up-to-date symlink: /home/prashun/ros2_ws/install/hardware_interface/include/hardware_interface/hardware_interface/hardware_info.hpp
[1.531s] -- Up-to-date symlink: /home/prashun/ros2_ws/install/hardware_interface/include/hardware_interface/hardware_interface/lexical_casts.hpp
[1.531s] -- Up-to-date symlink: /home/prashun/ros2_ws/install/hardware_interface/include/hardware_interface/hardware_interface/lifecycle_helpers.hpp
[1.532s] -- Up-to-date symlink: /home/prashun/ros2_ws/install/hardware_interface/include/hardware_interface/hardware_interface/loaned_command_interface.hpp
[1.532s] -- Up-to-date symlink: /home/prashun/ros2_ws/install/hardware_interface/include/hardware_interface/hardware_interface/loaned_state_interface.hpp
[1.532s] -- Up-to-date symlink: /home/prashun/ros2_ws/install/hardware_interface/include/hardware_interface/hardware_interface/macros.hpp
[1.532s] -- Up-to-date symlink: /home/prashun/ros2_ws/install/hardware_interface/include/hardware_interface/hardware_interface/resource_manager.hpp
[1.533s] -- Up-to-date symlink: /home/prashun/ros2_ws/install/hardware_interface/include/hardware_interface/hardware_interface/sensor.hpp
[1.533s] -- Up-to-date symlink: /home/prashun/ros2_ws/install/hardware_interface/include/hardware_interface/hardware_interface/sensor_interface.hpp
[1.533s] -- Up-to-date symlink: /home/prashun/ros2_ws/install/hardware_interface/include/hardware_interface/hardware_interface/system.hpp
[1.533s] -- Up-to-date symlink: /home/prashun/ros2_ws/install/hardware_interface/include/hardware_interface/hardware_interface/system_interface.hpp
[1.533s] -- Up-to-date symlink: /home/prashun/ros2_ws/install/hardware_interface/include/hardware_interface/hardware_interface/types/hardware_interface_return_values.hpp
[1.533s] -- Up-to-date symlink: /home/prashun/ros2_ws/install/hardware_interface/include/hardware_interface/hardware_interface/types/hardware_interface_type_values.hpp
[1.534s] -- Up-to-date symlink: /home/prashun/ros2_ws/install/hardware_interface/include/hardware_interface/hardware_interface/types/lifecycle_state_names.hpp
[1.534s] -- Up-to-date symlink: /home/prashun/ros2_ws/install/hardware_interface/include/hardware_interface/hardware_interface/visibility_control.h
[1.534s] -- Up-to-date symlink: /home/prashun/ros2_ws/install/hardware_interface/include/hardware_interface/mock_components/generic_system.hpp
[1.534s] -- Up-to-date symlink: /home/prashun/ros2_ws/install/hardware_interface/include/hardware_interface/mock_components/visibility_control.h
[1.535s] -- Up-to-date symlink: /home/prashun/ros2_ws/install/hardware_interface/share/hardware_interface/environment/library_path.sh
[1.535s] -- Up-to-date symlink: /home/prashun/ros2_ws/install/hardware_interface/share/hardware_interface/environment/library_path.dsv
[1.535s] -- Up-to-date symlink: /home/prashun/ros2_ws/install/hardware_interface/share/ament_index/resource_index/package_run_dependencies/hardware_interface
[1.536s] -- Up-to-date symlink: /home/prashun/ros2_ws/install/hardware_interface/share/ament_index/resource_index/parent_prefix_path/hardware_interface
[1.536s] -- Up-to-date symlink: /home/prashun/ros2_ws/install/hardware_interface/share/hardware_interface/environment/ament_prefix_path.sh
[1.536s] -- Up-to-date symlink: /home/prashun/ros2_ws/install/hardware_interface/share/hardware_interface/environment/ament_prefix_path.dsv
[1.536s] -- Up-to-date symlink: /home/prashun/ros2_ws/install/hardware_interface/share/hardware_interface/environment/path.sh
[1.537s] -- Up-to-date symlink: /home/prashun/ros2_ws/install/hardware_interface/share/hardware_interface/environment/path.dsv
[1.537s] -- Up-to-date symlink: /home/prashun/ros2_ws/install/hardware_interface/share/hardware_interface/local_setup.bash
[1.537s] -- Up-to-date symlink: /home/prashun/ros2_ws/install/hardware_interface/share/hardware_interface/local_setup.sh
[1.538s] -- Up-to-date symlink: /home/prashun/ros2_ws/install/hardware_interface/share/hardware_interface/local_setup.zsh
[1.538s] -- Up-to-date symlink: /home/prashun/ros2_ws/install/hardware_interface/share/hardware_interface/local_setup.dsv
[1.538s] -- Symlinking: /home/prashun/ros2_ws/install/hardware_interface/share/hardware_interface/package.dsv
[1.553s] -- Up-to-date symlink: /home/prashun/ros2_ws/install/hardware_interface/share/ament_index/resource_index/packages/hardware_interface
[1.553s] -- Up-to-date symlink: /home/prashun/ros2_ws/install/hardware_interface/share/ament_index/resource_index/hardware_interface__pluginlib__plugin/hardware_interface
[1.553s] -- Up-to-date symlink: /home/prashun/ros2_ws/install/hardware_interface/share/hardware_interface/cmake/ament_cmake_export_targets-extras.cmake
[1.554s] -- Up-to-date symlink: /home/prashun/ros2_ws/install/hardware_interface/share/hardware_interface/cmake/ament_cmake_export_dependencies-extras.cmake
[1.554s] -- Up-to-date symlink: /home/prashun/ros2_ws/install/hardware_interface/share/hardware_interface/cmake/hardware_interfaceConfig.cmake
[1.554s] -- Up-to-date symlink: /home/prashun/ros2_ws/install/hardware_interface/share/hardware_interface/cmake/hardware_interfaceConfig-version.cmake
[1.554s] -- Up-to-date symlink: /home/prashun/ros2_ws/install/hardware_interface/share/hardware_interface/package.xml
[1.555s] -- Up-to-date symlink: /home/prashun/ros2_ws/install/hardware_interface/include/hardware_interface/hardware_interface/version.h
[1.558s] -- Up-to-date: /home/prashun/ros2_ws/install/hardware_interface/lib/libmock_components.so
[1.558s] -- Up-to-date: /home/prashun/ros2_ws/install/hardware_interface/lib/libhardware_interface.so
[1.558s] -- Up-to-date: /home/prashun/ros2_ws/install/hardware_interface/share/hardware_interface/cmake/export_hardware_interfaceExport.cmake
[1.559s] -- Up-to-date: /home/prashun/ros2_ws/install/hardware_interface/share/hardware_interface/cmake/export_hardware_interfaceExport-noconfig.cmake
[1.561s] Invoked command in '/home/prashun/ros2_ws/build/hardware_interface' returned '0': AMENT_PREFIX_PATH=/home/prashun/ros2_ws/install/ros2_control_test_assets:/home/prashun/ros2_ws/install/joint_limits:${AMENT_PREFIX_PATH} CMAKE_PREFIX_PATH=/home/prashun/ros2_ws/install/ros2_control_test_assets:/home/prashun/ros2_ws/install/joint_limits:/home/prashun/ros2_ws/install/uno:/opt/ros/humble LD_LIBRARY_PATH=/home/prashun/ros2_ws/install/ros2_control_test_assets/lib:/home/prashun/ros2_ws/install/joint_limits/lib:${LD_LIBRARY_PATH} /usr/bin/cmake --install /home/prashun/ros2_ws/build/hardware_interface
